{"/home/techsavvyash/sweatAndBlood/samagra/cQube/new-cQube/cQube-POCs/impl/c-qube/src/app.controller.ts": {"path":"/home/techsavvyash/sweatAndBlood/samagra/cQube/new-cQube/cQube-POCs/impl/c-qube/src/app.controller.ts","statementMap":{"0":{"start":{"line":1,"column":0},"end":{"line":1,"column":49}},"1":{"start":{"line":2,"column":0},"end":{"line":2,"column":43}},"2":{"start":{"line":5,"column":7},"end":{"line":12,"column":null}},"3":{"start":{"line":6,"column":31},"end":{"line":6,"column":43}},"4":{"start":{"line":10,"column":4},"end":{"line":10,"column":26}},"5":{"start":{"line":8,"column":2},"end":{"line":11,"column":null}},"6":{"start":{"line":5,"column":13},"end":{"line":12,"column":null}},"7":{"start":{"line":5,"column":13},"end":{"line":5,"column":26}}},"fnMap":{"0":{"name":"(anonymous_2)","decl":{"start":{"line":6,"column":2},"end":{"line":6,"column":31}},"loc":{"start":{"line":6,"column":53},"end":{"line":6,"column":57}}},"1":{"name":"(anonymous_3)","decl":{"start":{"line":9,"column":2},"end":{"line":9,"column":10}},"loc":{"start":{"line":9,"column":10},"end":{"line":11,"column":3}}}},"branchMap":{},"s":{"0":2,"1":2,"2":2,"3":2,"4":0,"5":2,"6":2,"7":2},"f":{"0":2,"1":0},"b":{}}
,"/home/techsavvyash/sweatAndBlood/samagra/cQube/new-cQube/cQube-POCs/impl/c-qube/src/app.module.ts": {"path":"/home/techsavvyash/sweatAndBlood/samagra/cQube/new-cQube/cQube-POCs/impl/c-qube/src/app.module.ts","statementMap":{"0":{"start":{"line":1,"column":0},"end":{"line":1,"column":40}},"1":{"start":{"line":2,"column":0},"end":{"line":2,"column":49}},"2":{"start":{"line":3,"column":0},"end":{"line":3,"column":43}},"3":{"start":{"line":4,"column":0},"end":{"line":4,"column":85}},"4":{"start":{"line":5,"column":0},"end":{"line":5,"column":74}},"5":{"start":{"line":6,"column":0},"end":{"line":6,"column":49}},"6":{"start":{"line":7,"column":0},"end":{"line":7,"column":68}},"7":{"start":{"line":8,"column":0},"end":{"line":8,"column":59}},"8":{"start":{"line":9,"column":0},"end":{"line":9,"column":80}},"9":{"start":{"line":10,"column":0},"end":{"line":10,"column":79}},"10":{"start":{"line":11,"column":0},"end":{"line":11,"column":62}},"11":{"start":{"line":12,"column":0},"end":{"line":12,"column":89}},"12":{"start":{"line":13,"column":0},"end":{"line":13,"column":56}},"13":{"start":{"line":14,"column":0},"end":{"line":14,"column":116}},"14":{"start":{"line":15,"column":0},"end":{"line":15,"column":26}},"15":{"start":{"line":16,"column":0},"end":{"line":16,"column":61}},"16":{"start":{"line":17,"column":0},"end":{"line":17,"column":65}},"17":{"start":{"line":18,"column":0},"end":{"line":18,"column":107}},"18":{"start":{"line":19,"column":35},"end":{"line":27,"column":1}},"19":{"start":{"line":20,"column":2},"end":{"line":26,"column":5}},"20":{"start":{"line":19,"column":13},"end":{"line":19,"column":35}},"21":{"start":{"line":57,"column":7},"end":{"line":57,"column":null}},"22":{"start":{"line":57,"column":13},"end":{"line":57,"column":null}},"23":{"start":{"line":57,"column":13},"end":{"line":57,"column":22}}},"fnMap":{"0":{"name":"(anonymous_1)","decl":{"start":{"line":19,"column":35},"end":{"line":19,"column":40}},"loc":{"start":{"line":19,"column":74},"end":{"line":27,"column":1}}}},"branchMap":{},"s":{"0":0,"1":0,"2":0,"3":0,"4":0,"5":0,"6":0,"7":0,"8":0,"9":0,"10":0,"11":0,"12":0,"13":0,"14":0,"15":0,"16":0,"17":0,"18":0,"19":0,"20":0,"21":0,"22":0,"23":0},"f":{"0":0},"b":{}}
,"/home/techsavvyash/sweatAndBlood/samagra/cQube/new-cQube/cQube-POCs/impl/c-qube/src/app.service.ts": {"path":"/home/techsavvyash/sweatAndBlood/samagra/cQube/new-cQube/cQube-POCs/impl/c-qube/src/app.service.ts","statementMap":{"0":{"start":{"line":1,"column":0},"end":{"line":1,"column":44}},"1":{"start":{"line":5,"column":7},"end":{"line":38,"column":null}},"2":{"start":{"line":7,"column":4},"end":{"line":7,"column":25}},"3":{"start":{"line":5,"column":13},"end":{"line":38,"column":null}},"4":{"start":{"line":5,"column":13},"end":{"line":5,"column":23}}},"fnMap":{"0":{"name":"(anonymous_1)","decl":{"start":{"line":6,"column":2},"end":{"line":6,"column":11}},"loc":{"start":{"line":6,"column":11},"end":{"line":8,"column":3}}},"1":{"name":"(anonymous_2)","decl":{"start":{"line":10,"column":2},"end":{"line":10,"column":7}},"loc":{"start":{"line":10,"column":7},"end":{"line":17,"column":3}}},"2":{"name":"(anonymous_3)","decl":{"start":{"line":19,"column":2},"end":{"line":19,"column":6}},"loc":{"start":{"line":19,"column":19},"end":{"line":19,"column":29}}}},"branchMap":{},"s":{"0":2,"1":2,"2":0,"3":2,"4":2},"f":{"0":0,"1":0,"2":0},"b":{}}
,"/home/techsavvyash/sweatAndBlood/samagra/cQube/new-cQube/cQube-POCs/impl/c-qube/src/console.ts": {"path":"/home/techsavvyash/sweatAndBlood/samagra/cQube/new-cQube/cQube-POCs/impl/c-qube/src/console.ts","statementMap":{"0":{"start":{"line":1,"column":0},"end":{"line":1,"column":43}},"1":{"start":{"line":2,"column":0},"end":{"line":2,"column":41}},"2":{"start":{"line":3,"column":0},"end":{"line":3,"column":79}},"3":{"start":{"line":4,"column":0},"end":{"line":4,"column":42}},"4":{"start":{"line":5,"column":0},"end":{"line":5,"column":46}},"5":{"start":{"line":6,"column":0},"end":{"line":6,"column":26}},"6":{"start":{"line":7,"column":0},"end":{"line":7,"column":40}},"7":{"start":{"line":10,"column":22},"end":{"line":10,"column":75}},"8":{"start":{"line":11,"column":28},"end":{"line":11,"column":62}},"9":{"start":{"line":12,"column":2},"end":{"line":12,"column":14}},"10":{"start":{"line":14,"column":2},"end":{"line":93,"column":13}},"11":{"start":{"line":22,"column":6},"end":{"line":22,"column":51}},"12":{"start":{"line":23,"column":6},"end":{"line":23,"column":42}},"13":{"start":{"line":24,"column":6},"end":{"line":24,"column":39}},"14":{"start":{"line":25,"column":6},"end":{"line":25,"column":31}},"15":{"start":{"line":26,"column":6},"end":{"line":26,"column":32}},"16":{"start":{"line":27,"column":6},"end":{"line":27,"column":22}},"17":{"start":{"line":33,"column":8},"end":{"line":38,"column":11}},"18":{"start":{"line":41,"column":8},"end":{"line":41,"column":53}},"19":{"start":{"line":43,"column":23},"end":{"line":43,"column":34}},"20":{"start":{"line":45,"column":8},"end":{"line":51,"column":null}},"21":{"start":{"line":46,"column":10},"end":{"line":46,"column":49}},"22":{"start":{"line":48,"column":10},"end":{"line":50,"column":13}},"23":{"start":{"line":53,"column":8},"end":{"line":53,"column":34}},"24":{"start":{"line":54,"column":8},"end":{"line":54,"column":24}},"25":{"start":{"line":58,"column":6},"end":{"line":58,"column":51}},"26":{"start":{"line":59,"column":6},"end":{"line":59,"column":37}},"27":{"start":{"line":60,"column":6},"end":{"line":60,"column":32}},"28":{"start":{"line":61,"column":6},"end":{"line":61,"column":22}},"29":{"start":{"line":67,"column":8},"end":{"line":72,"column":11}},"30":{"start":{"line":75,"column":8},"end":{"line":75,"column":53}},"31":{"start":{"line":76,"column":23},"end":{"line":76,"column":34}},"32":{"start":{"line":78,"column":8},"end":{"line":84,"column":null}},"33":{"start":{"line":79,"column":10},"end":{"line":79,"column":51}},"34":{"start":{"line":81,"column":10},"end":{"line":83,"column":13}},"35":{"start":{"line":85,"column":8},"end":{"line":85,"column":34}},"36":{"start":{"line":86,"column":8},"end":{"line":86,"column":24}},"37":{"start":{"line":96,"column":0},"end":{"line":96,"column":12}}},"fnMap":{"0":{"name":"bootstrap","decl":{"start":{"line":9,"column":15},"end":{"line":9,"column":24}},"loc":{"start":{"line":9,"column":24},"end":{"line":94,"column":1}}},"1":{"name":"(anonymous_1)","decl":{"start":{"line":21,"column":57},"end":{"line":21,"column":62}},"loc":{"start":{"line":21,"column":72},"end":{"line":28,"column":5}}},"2":{"name":"(anonymous_2)","decl":{"start":{"line":32,"column":6},"end":{"line":32,"column":7}},"loc":{"start":{"line":32,"column":16},"end":{"line":39,"column":7}}},"3":{"name":"(anonymous_3)","decl":{"start":{"line":40,"column":6},"end":{"line":40,"column":11}},"loc":{"start":{"line":40,"column":21},"end":{"line":55,"column":7}}},"4":{"name":"(anonymous_4)","decl":{"start":{"line":57,"column":49},"end":{"line":57,"column":54}},"loc":{"start":{"line":57,"column":64},"end":{"line":62,"column":5}}},"5":{"name":"(anonymous_5)","decl":{"start":{"line":66,"column":6},"end":{"line":66,"column":7}},"loc":{"start":{"line":66,"column":16},"end":{"line":73,"column":7}}},"6":{"name":"(anonymous_6)","decl":{"start":{"line":74,"column":6},"end":{"line":74,"column":11}},"loc":{"start":{"line":74,"column":21},"end":{"line":87,"column":7}}}},"branchMap":{"0":{"loc":{"start":{"line":45,"column":8},"end":{"line":51,"column":null}},"type":"if","locations":[{"start":{"line":45,"column":8},"end":{"line":51,"column":null}},{"start":{"line":47,"column":15},"end":{"line":51,"column":null}}]},"1":{"loc":{"start":{"line":78,"column":8},"end":{"line":84,"column":null}},"type":"if","locations":[{"start":{"line":78,"column":8},"end":{"line":84,"column":null}},{"start":{"line":80,"column":15},"end":{"line":84,"column":null}}]}},"s":{"0":0,"1":0,"2":0,"3":0,"4":0,"5":0,"6":0,"7":0,"8":0,"9":0,"10":0,"11":0,"12":0,"13":0,"14":0,"15":0,"16":0,"17":0,"18":0,"19":0,"20":0,"21":0,"22":0,"23":0,"24":0,"25":0,"26":0,"27":0,"28":0,"29":0,"30":0,"31":0,"32":0,"33":0,"34":0,"35":0,"36":0,"37":0},"f":{"0":0,"1":0,"2":0,"3":0,"4":0,"5":0,"6":0},"b":{"0":[0,0],"1":[0,0]}}
,"/home/techsavvyash/sweatAndBlood/samagra/cQube/new-cQube/cQube-POCs/impl/c-qube/src/main.ts": {"path":"/home/techsavvyash/sweatAndBlood/samagra/cQube/new-cQube/cQube-POCs/impl/c-qube/src/main.ts","statementMap":{"0":{"start":{"line":1,"column":0},"end":{"line":1,"column":43}},"1":{"start":{"line":2,"column":0},"end":{"line":2,"column":41}},"2":{"start":{"line":5,"column":14},"end":{"line":5,"column":49}},"3":{"start":{"line":6,"column":2},"end":{"line":6,"column":25}},"4":{"start":{"line":8,"column":0},"end":{"line":8,"column":12}}},"fnMap":{"0":{"name":"bootstrap","decl":{"start":{"line":4,"column":15},"end":{"line":4,"column":24}},"loc":{"start":{"line":4,"column":24},"end":{"line":7,"column":1}}}},"branchMap":{},"s":{"0":0,"1":0,"2":0,"3":0,"4":0},"f":{"0":0},"b":{}}
,"/home/techsavvyash/sweatAndBlood/samagra/cQube/new-cQube/cQube-POCs/impl/c-qube/src/prisma.service.ts": {"path":"/home/techsavvyash/sweatAndBlood/samagra/cQube/new-cQube/cQube-POCs/impl/c-qube/src/prisma.service.ts","statementMap":{"0":{"start":{"line":1,"column":0},"end":{"line":1,"column":76}},"1":{"start":{"line":2,"column":0},"end":{"line":2,"column":46}},"2":{"start":{"line":5,"column":7},"end":{"line":15,"column":null}},"3":{"start":{"line":7,"column":4},"end":{"line":7,"column":26}},"4":{"start":{"line":11,"column":4},"end":{"line":13,"column":7}},"5":{"start":{"line":12,"column":6},"end":{"line":12,"column":24}},"6":{"start":{"line":5,"column":13},"end":{"line":15,"column":null}},"7":{"start":{"line":5,"column":13},"end":{"line":5,"column":26}}},"fnMap":{"0":{"name":"(anonymous_1)","decl":{"start":{"line":6,"column":2},"end":{"line":6,"column":7}},"loc":{"start":{"line":6,"column":20},"end":{"line":8,"column":3}}},"1":{"name":"(anonymous_2)","decl":{"start":{"line":10,"column":2},"end":{"line":10,"column":7}},"loc":{"start":{"line":10,"column":49},"end":{"line":14,"column":3}}},"2":{"name":"(anonymous_3)","decl":{"start":{"line":11,"column":27},"end":{"line":11,"column":32}},"loc":{"start":{"line":11,"column":38},"end":{"line":13,"column":5}}}},"branchMap":{},"s":{"0":6,"1":6,"2":6,"3":0,"4":0,"5":0,"6":6,"7":6},"f":{"0":0,"1":0,"2":0},"b":{}}
,"/home/techsavvyash/sweatAndBlood/samagra/cQube/new-cQube/cQube-POCs/impl/c-qube/src/services/csv-adapter/csv-adapter.service.old.ts": {"path":"/home/techsavvyash/sweatAndBlood/samagra/cQube/new-cQube/cQube-POCs/impl/c-qube/src/services/csv-adapter/csv-adapter.service.old.ts","statementMap":{"0":{"start":{"line":1,"column":0},"end":{"line":1,"column":52}},"1":{"start":{"line":4,"column":0},"end":{"line":4,"column":53}},"2":{"start":{"line":6,"column":0},"end":{"line":6,"column":72}},"3":{"start":{"line":7,"column":0},"end":{"line":7,"column":66}},"4":{"start":{"line":8,"column":0},"end":{"line":8,"column":60}},"5":{"start":{"line":9,"column":0},"end":{"line":9,"column":54}},"6":{"start":{"line":15,"column":0},"end":{"line":15,"column":74}},"7":{"start":{"line":18,"column":0},"end":{"line":18,"column":39}},"8":{"start":{"line":19,"column":0},"end":{"line":19,"column":61}},"9":{"start":{"line":20,"column":0},"end":{"line":20,"column":33}},"10":{"start":{"line":21,"column":0},"end":{"line":21,"column":46}},"11":{"start":{"line":22,"column":0},"end":{"line":22,"column":41}},"12":{"start":{"line":23,"column":0},"end":{"line":23,"column":58}},"13":{"start":{"line":24,"column":0},"end":{"line":24,"column":null}},"14":{"start":{"line":29,"column":0},"end":{"line":29,"column":null}},"15":{"start":{"line":33,"column":0},"end":{"line":33,"column":null}},"16":{"start":{"line":37,"column":0},"end":{"line":37,"column":null}},"17":{"start":{"line":44,"column":0},"end":{"line":44,"column":95}},"18":{"start":{"line":45,"column":14},"end":{"line":45,"column":30}},"19":{"start":{"line":46,"column":11},"end":{"line":46,"column":33}},"20":{"start":{"line":47,"column":11},"end":{"line":47,"column":35}},"21":{"start":{"line":48,"column":10},"end":{"line":48,"column":27}},"22":{"start":{"line":49,"column":15},"end":{"line":49,"column":33}},"23":{"start":{"line":50,"column":14},"end":{"line":50,"column":24}},"24":{"start":{"line":53,"column":30},"end":{"line":893,"column":null}},"25":{"start":{"line":56,"column":11},"end":{"line":56,"column":29}},"26":{"start":{"line":57,"column":11},"end":{"line":57,"column":25}},"27":{"start":{"line":58,"column":11},"end":{"line":58,"column":27}},"28":{"start":{"line":59,"column":11},"end":{"line":59,"column":19}},"29":{"start":{"line":60,"column":11},"end":{"line":60,"column":36}},"30":{"start":{"line":54,"column":19},"end":{"line":54,"column":71}},"31":{"start":{"line":69,"column":26},"end":{"line":72,"column":6}},"32":{"start":{"line":73,"column":23},"end":{"line":73,"column":33}},"33":{"start":{"line":76,"column":31},"end":{"line":76,"column":38}},"34":{"start":{"line":78,"column":20},"end":{"line":82,"column":null}},"35":{"start":{"line":80,"column":8},"end":{"line":82,"column":20}},"36":{"start":{"line":86,"column":25},"end":{"line":86,"column":29}},"37":{"start":{"line":90,"column":6},"end":{"line":90,"column":40}},"38":{"start":{"line":93,"column":4},"end":{"line":97,"column":6}},"39":{"start":{"line":95,"column":8},"end":{"line":95,"column":55}},"40":{"start":{"line":100,"column":4},"end":{"line":102,"column":6}},"41":{"start":{"line":101,"column":35},"end":{"line":101,"column":75}},"42":{"start":{"line":104,"column":4},"end":{"line":104,"column":58}},"43":{"start":{"line":107,"column":42},"end":{"line":109,"column":null}},"44":{"start":{"line":114,"column":34},"end":{"line":114,"column":74}},"45":{"start":{"line":118,"column":46},"end":{"line":121,"column":null}},"46":{"start":{"line":125,"column":4},"end":{"line":127,"column":6}},"47":{"start":{"line":126,"column":33},"end":{"line":126,"column":76}},"48":{"start":{"line":129,"column":4},"end":{"line":131,"column":6}},"49":{"start":{"line":130,"column":33},"end":{"line":130,"column":69}},"50":{"start":{"line":134,"column":23},"end":{"line":138,"column":6}},"51":{"start":{"line":143,"column":28},"end":{"line":154,"column":8}},"52":{"start":{"line":146,"column":8},"end":{"line":153,"column":10}},"53":{"start":{"line":159,"column":21},"end":{"line":165,"column":5}},"54":{"start":{"line":167,"column":49},"end":{"line":172,"column":6}},"55":{"start":{"line":174,"column":6},"end":{"line":177,"column":null}},"56":{"start":{"line":181,"column":4},"end":{"line":181,"column":74}},"57":{"start":{"line":183,"column":4},"end":{"line":183,"column":14}},"58":{"start":{"line":191,"column":46},"end":{"line":191,"column":48}},"59":{"start":{"line":192,"column":4},"end":{"line":224,"column":null}},"60":{"start":{"line":192,"column":17},"end":{"line":192,"column":18}},"61":{"start":{"line":193,"column":6},"end":{"line":223,"column":null}},"62":{"start":{"line":193,"column":19},"end":{"line":193,"column":20}},"63":{"start":{"line":194,"column":8},"end":{"line":222,"column":null}},"64":{"start":{"line":194,"column":21},"end":{"line":194,"column":22}},"65":{"start":{"line":195,"column":55},"end":{"line":195,"column":57}},"66":{"start":{"line":196,"column":10},"end":{"line":202,"column":13}},"67":{"start":{"line":203,"column":49},"end":{"line":219,"column":12}},"68":{"start":{"line":221,"column":10},"end":{"line":221,"column":47}},"69":{"start":{"line":225,"column":4},"end":{"line":225,"column":27}},"70":{"start":{"line":232,"column":42},"end":{"line":232,"column":44}},"71":{"start":{"line":233,"column":4},"end":{"line":263,"column":null}},"72":{"start":{"line":233,"column":17},"end":{"line":233,"column":18}},"73":{"start":{"line":234,"column":6},"end":{"line":262,"column":null}},"74":{"start":{"line":234,"column":19},"end":{"line":234,"column":20}},"75":{"start":{"line":235,"column":26},"end":{"line":235,"column":82}},"76":{"start":{"line":236,"column":43},"end":{"line":259,"column":26}},"77":{"start":{"line":261,"column":8},"end":{"line":261,"column":41}},"78":{"start":{"line":264,"column":4},"end":{"line":264,"column":25}},"79":{"start":{"line":271,"column":40},"end":{"line":271,"column":42}},"80":{"start":{"line":274,"column":4},"end":{"line":293,"column":null}},"81":{"start":{"line":274,"column":17},"end":{"line":274,"column":18}},"82":{"start":{"line":275,"column":36},"end":{"line":285,"column":10}},"83":{"start":{"line":281,"column":10},"end":{"line":284,"column":12}},"84":{"start":{"line":287,"column":6},"end":{"line":292,"column":8}},"85":{"start":{"line":294,"column":4},"end":{"line":294,"column":51}},"86":{"start":{"line":298,"column":4},"end":{"line":318,"column":7}},"87":{"start":{"line":299,"column":6},"end":{"line":317,"column":28}},"88":{"start":{"line":322,"column":14},"end":{"line":322,"column":23}},"89":{"start":{"line":323,"column":4},"end":{"line":323,"column":39}},"90":{"start":{"line":324,"column":4},"end":{"line":324,"column":22}},"91":{"start":{"line":325,"column":4},"end":{"line":325,"column":43}},"92":{"start":{"line":327,"column":50},"end":{"line":327,"column":52}},"93":{"start":{"line":330,"column":4},"end":{"line":330,"column":41}},"94":{"start":{"line":331,"column":28},"end":{"line":331,"column":38}},"95":{"start":{"line":332,"column":19},"end":{"line":333,"column":null}},"96":{"start":{"line":335,"column":30},"end":{"line":335,"column":54}},"97":{"start":{"line":336,"column":34},"end":{"line":336,"column":74}},"98":{"start":{"line":337,"column":4},"end":{"line":337,"column":44}},"99":{"start":{"line":349,"column":4},"end":{"line":349,"column":43}},"100":{"start":{"line":350,"column":40},"end":{"line":350,"column":42}},"101":{"start":{"line":351,"column":43},"end":{"line":351,"column":45}},"102":{"start":{"line":352,"column":35},"end":{"line":352,"column":66}},"103":{"start":{"line":353,"column":34},"end":{"line":353,"column":62}},"104":{"start":{"line":354,"column":36},"end":{"line":354,"column":71}},"105":{"start":{"line":355,"column":4},"end":{"line":437,"column":null}},"106":{"start":{"line":355,"column":17},"end":{"line":355,"column":18}},"107":{"start":{"line":358,"column":6},"end":{"line":436,"column":null}},"108":{"start":{"line":360,"column":10},"end":{"line":360,"column":67}},"109":{"start":{"line":362,"column":10},"end":{"line":363,"column":null}},"110":{"start":{"line":365,"column":38},"end":{"line":367,"column":null}},"111":{"start":{"line":369,"column":30},"end":{"line":372,"column":10}},"112":{"start":{"line":373,"column":8},"end":{"line":373,"column":42}},"113":{"start":{"line":374,"column":8},"end":{"line":389,"column":13}},"114":{"start":{"line":382,"column":12},"end":{"line":388,"column":14}},"115":{"start":{"line":390,"column":8},"end":{"line":405,"column":13}},"116":{"start":{"line":398,"column":12},"end":{"line":398,"column":27}},"117":{"start":{"line":399,"column":12},"end":{"line":404,"column":14}},"118":{"start":{"line":407,"column":27},"end":{"line":407,"column":37}},"119":{"start":{"line":412,"column":8},"end":{"line":435,"column":10}},"120":{"start":{"line":417,"column":29},"end":{"line":417,"column":31}},"121":{"start":{"line":418,"column":16},"end":{"line":420,"column":null}},"122":{"start":{"line":418,"column":29},"end":{"line":418,"column":30}},"123":{"start":{"line":419,"column":18},"end":{"line":419,"column":45}},"124":{"start":{"line":421,"column":16},"end":{"line":423,"column":null}},"125":{"start":{"line":433,"column":14},"end":{"line":433,"column":70}},"126":{"start":{"line":439,"column":4},"end":{"line":439,"column":51}},"127":{"start":{"line":440,"column":4},"end":{"line":440,"column":49}},"128":{"start":{"line":445,"column":4},"end":{"line":445,"column":47}},"129":{"start":{"line":446,"column":48},"end":{"line":446,"column":50}},"130":{"start":{"line":447,"column":4},"end":{"line":489,"column":null}},"131":{"start":{"line":447,"column":17},"end":{"line":447,"column":18}},"132":{"start":{"line":448,"column":25},"end":{"line":448,"column":70}},"133":{"start":{"line":450,"column":6},"end":{"line":488,"column":null}},"134":{"start":{"line":450,"column":19},"end":{"line":450,"column":20}},"135":{"start":{"line":451,"column":8},"end":{"line":487,"column":null}},"136":{"start":{"line":454,"column":12},"end":{"line":454,"column":66}},"137":{"start":{"line":456,"column":41},"end":{"line":457,"column":null}},"138":{"start":{"line":459,"column":31},"end":{"line":462,"column":null}},"139":{"start":{"line":464,"column":10},"end":{"line":464,"column":52}},"140":{"start":{"line":465,"column":10},"end":{"line":472,"column":null}},"141":{"start":{"line":465,"column":23},"end":{"line":465,"column":24}},"142":{"start":{"line":466,"column":12},"end":{"line":466,"column":67}},"143":{"start":{"line":467,"column":12},"end":{"line":471,"column":17}},"144":{"start":{"line":470,"column":16},"end":{"line":470,"column":33}},"145":{"start":{"line":473,"column":10},"end":{"line":486,"column":null}},"146":{"start":{"line":474,"column":25},"end":{"line":477,"column":null}},"147":{"start":{"line":479,"column":12},"end":{"line":479,"column":48}},"148":{"start":{"line":481,"column":25},"end":{"line":483,"column":null}},"149":{"start":{"line":485,"column":12},"end":{"line":485,"column":48}},"150":{"start":{"line":490,"column":4},"end":{"line":490,"column":53}},"151":{"start":{"line":494,"column":4},"end":{"line":494,"column":49}},"152":{"start":{"line":498,"column":10},"end":{"line":498,"column":12}},"153":{"start":{"line":499,"column":4},"end":{"line":614,"column":null}},"154":{"start":{"line":499,"column":17},"end":{"line":499,"column":18}},"155":{"start":{"line":500,"column":25},"end":{"line":500,"column":70}},"156":{"start":{"line":501,"column":6},"end":{"line":613,"column":null}},"157":{"start":{"line":501,"column":19},"end":{"line":501,"column":20}},"158":{"start":{"line":503,"column":10},"end":{"line":503,"column":51}},"159":{"start":{"line":504,"column":8},"end":{"line":612,"column":null}},"160":{"start":{"line":504,"column":21},"end":{"line":504,"column":22}},"161":{"start":{"line":505,"column":36},"end":{"line":505,"column":38}},"162":{"start":{"line":506,"column":45},"end":{"line":506,"column":77}},"163":{"start":{"line":508,"column":10},"end":{"line":533,"column":null}},"164":{"start":{"line":511,"column":14},"end":{"line":511,"column":68}},"165":{"start":{"line":512,"column":47},"end":{"line":514,"column":null}},"166":{"start":{"line":516,"column":35},"end":{"line":519,"column":38}},"167":{"start":{"line":519,"column":29},"end":{"line":519,"column":37}},"168":{"start":{"line":521,"column":12},"end":{"line":532,"column":null}},"169":{"start":{"line":523,"column":23},"end":{"line":523,"column":53}},"170":{"start":{"line":531,"column":14},"end":{"line":531,"column":62}},"171":{"start":{"line":535,"column":10},"end":{"line":611,"column":null}},"172":{"start":{"line":536,"column":30},"end":{"line":536,"column":32}},"173":{"start":{"line":537,"column":33},"end":{"line":537,"column":35}},"174":{"start":{"line":538,"column":12},"end":{"line":548,"column":null}},"175":{"start":{"line":539,"column":29},"end":{"line":539,"column":30}},"176":{"start":{"line":543,"column":14},"end":{"line":547,"column":null}},"177":{"start":{"line":544,"column":16},"end":{"line":544,"column":60}},"178":{"start":{"line":546,"column":16},"end":{"line":546,"column":63}},"179":{"start":{"line":550,"column":14},"end":{"line":550,"column":70}},"180":{"start":{"line":551,"column":30},"end":{"line":551,"column":32}},"181":{"start":{"line":552,"column":12},"end":{"line":561,"column":null}},"182":{"start":{"line":552,"column":25},"end":{"line":552,"column":26}},"183":{"start":{"line":556,"column":31},"end":{"line":556,"column":67}},"184":{"start":{"line":558,"column":16},"end":{"line":558,"column":60}},"185":{"start":{"line":559,"column":14},"end":{"line":560,"column":62}},"186":{"start":{"line":563,"column":14},"end":{"line":568,"column":null}},"187":{"start":{"line":570,"column":12},"end":{"line":570,"column":64}},"188":{"start":{"line":571,"column":12},"end":{"line":576,"column":null}},"189":{"start":{"line":571,"column":25},"end":{"line":571,"column":26}},"190":{"start":{"line":572,"column":14},"end":{"line":575,"column":17}},"191":{"start":{"line":579,"column":12},"end":{"line":610,"column":null}},"192":{"start":{"line":579,"column":25},"end":{"line":579,"column":26}},"193":{"start":{"line":581,"column":16},"end":{"line":581,"column":72}},"194":{"start":{"line":582,"column":32},"end":{"line":582,"column":34}},"195":{"start":{"line":583,"column":14},"end":{"line":592,"column":null}},"196":{"start":{"line":583,"column":27},"end":{"line":583,"column":28}},"197":{"start":{"line":587,"column":33},"end":{"line":587,"column":69}},"198":{"start":{"line":589,"column":18},"end":{"line":589,"column":62}},"199":{"start":{"line":590,"column":16},"end":{"line":591,"column":64}},"200":{"start":{"line":594,"column":16},"end":{"line":600,"column":null}},"201":{"start":{"line":603,"column":14},"end":{"line":603,"column":63}},"202":{"start":{"line":604,"column":14},"end":{"line":609,"column":null}},"203":{"start":{"line":604,"column":27},"end":{"line":604,"column":28}},"204":{"start":{"line":605,"column":16},"end":{"line":608,"column":19}},"205":{"start":{"line":615,"column":4},"end":{"line":615,"column":68}},"206":{"start":{"line":617,"column":4},"end":{"line":621,"column":6}},"207":{"start":{"line":619,"column":39},"end":{"line":619,"column":45}},"208":{"start":{"line":632,"column":4},"end":{"line":640,"column":6}},"209":{"start":{"line":634,"column":8},"end":{"line":637,"column":null}},"210":{"start":{"line":643,"column":4},"end":{"line":647,"column":6}},"211":{"start":{"line":645,"column":8},"end":{"line":645,"column":77}},"212":{"start":{"line":649,"column":4},"end":{"line":649,"column":55}},"213":{"start":{"line":660,"column":18},"end":{"line":660,"column":58}},"214":{"start":{"line":662,"column":19},"end":{"line":662,"column":21}},"215":{"start":{"line":663,"column":4},"end":{"line":667,"column":null}},"216":{"start":{"line":663,"column":17},"end":{"line":663,"column":18}},"217":{"start":{"line":664,"column":6},"end":{"line":666,"column":8}},"218":{"start":{"line":668,"column":4},"end":{"line":668,"column":32}},"219":{"start":{"line":669,"column":4},"end":{"line":669,"column":18}},"220":{"start":{"line":670,"column":4},"end":{"line":672,"column":null}},"221":{"start":{"line":670,"column":17},"end":{"line":670,"column":18}},"222":{"start":{"line":671,"column":6},"end":{"line":671,"column":48}},"223":{"start":{"line":673,"column":4},"end":{"line":673,"column":32}},"224":{"start":{"line":674,"column":4},"end":{"line":674,"column":45}},"225":{"start":{"line":677,"column":21},"end":{"line":683,"column":5}},"226":{"start":{"line":686,"column":4},"end":{"line":686,"column":18}},"227":{"start":{"line":688,"column":6},"end":{"line":688,"column":69}},"228":{"start":{"line":690,"column":4},"end":{"line":747,"column":null}},"229":{"start":{"line":690,"column":17},"end":{"line":690,"column":18}},"230":{"start":{"line":693,"column":6},"end":{"line":746,"column":8}},"231":{"start":{"line":695,"column":10},"end":{"line":744,"column":null}},"232":{"start":{"line":699,"column":36},"end":{"line":699,"column":37}},"233":{"start":{"line":702,"column":31},"end":{"line":706,"column":14}},"234":{"start":{"line":707,"column":57},"end":{"line":712,"column":14}},"235":{"start":{"line":714,"column":12},"end":{"line":743,"column":null}},"236":{"start":{"line":715,"column":14},"end":{"line":740,"column":null}},"237":{"start":{"line":717,"column":18},"end":{"line":720,"column":null}},"238":{"start":{"line":723,"column":16},"end":{"line":739,"column":null}},"239":{"start":{"line":724,"column":18},"end":{"line":735,"column":23}},"240":{"start":{"line":727,"column":22},"end":{"line":729,"column":24}},"241":{"start":{"line":732,"column":22},"end":{"line":734,"column":24}},"242":{"start":{"line":738,"column":18},"end":{"line":738,"column":79}},"243":{"start":{"line":742,"column":14},"end":{"line":742,"column":31}},"244":{"start":{"line":750,"column":6},"end":{"line":750,"column":66}},"245":{"start":{"line":753,"column":4},"end":{"line":829,"column":null}},"246":{"start":{"line":753,"column":17},"end":{"line":753,"column":18}},"247":{"start":{"line":754,"column":6},"end":{"line":828,"column":8}},"248":{"start":{"line":756,"column":10},"end":{"line":825,"column":null}},"249":{"start":{"line":763,"column":18},"end":{"line":763,"column":19}},"250":{"start":{"line":764,"column":57},"end":{"line":775,"column":16}},"251":{"start":{"line":777,"column":16},"end":{"line":783,"column":null}},"252":{"start":{"line":786,"column":33},"end":{"line":790,"column":16}},"253":{"start":{"line":791,"column":59},"end":{"line":796,"column":16}},"254":{"start":{"line":797,"column":14},"end":{"line":824,"column":null}},"255":{"start":{"line":799,"column":18},"end":{"line":802,"column":null}},"256":{"start":{"line":807,"column":16},"end":{"line":818,"column":21}},"257":{"start":{"line":810,"column":20},"end":{"line":812,"column":22}},"258":{"start":{"line":815,"column":20},"end":{"line":817,"column":22}},"259":{"start":{"line":820,"column":16},"end":{"line":823,"column":18}},"260":{"start":{"line":830,"column":4},"end":{"line":830,"column":32}},"261":{"start":{"line":835,"column":4},"end":{"line":865,"column":null}},"262":{"start":{"line":836,"column":6},"end":{"line":838,"column":8}},"263":{"start":{"line":839,"column":6},"end":{"line":841,"column":8}},"264":{"start":{"line":842,"column":6},"end":{"line":844,"column":8}},"265":{"start":{"line":846,"column":32},"end":{"line":848,"column":57}},"266":{"start":{"line":849,"column":6},"end":{"line":853,"column":null}},"267":{"start":{"line":849,"column":19},"end":{"line":849,"column":20}},"268":{"start":{"line":850,"column":22},"end":{"line":850,"column":58}},"269":{"start":{"line":851,"column":22},"end":{"line":851,"column":77}},"270":{"start":{"line":852,"column":8},"end":{"line":852,"column":51}},"271":{"start":{"line":855,"column":30},"end":{"line":857,"column":55}},"272":{"start":{"line":858,"column":6},"end":{"line":862,"column":null}},"273":{"start":{"line":858,"column":19},"end":{"line":858,"column":20}},"274":{"start":{"line":859,"column":22},"end":{"line":859,"column":56}},"275":{"start":{"line":860,"column":22},"end":{"line":860,"column":75}},"276":{"start":{"line":861,"column":8},"end":{"line":861,"column":51}},"277":{"start":{"line":864,"column":6},"end":{"line":864,"column":23}},"278":{"start":{"line":869,"column":4},"end":{"line":891,"column":null}},"279":{"start":{"line":870,"column":23},"end":{"line":870,"column":25}},"280":{"start":{"line":871,"column":6},"end":{"line":871,"column":41}},"281":{"start":{"line":873,"column":20},"end":{"line":877,"column":50}},"282":{"start":{"line":879,"column":30},"end":{"line":879,"column":75}},"283":{"start":{"line":880,"column":6},"end":{"line":880,"column":37}},"284":{"start":{"line":881,"column":6},"end":{"line":885,"column":null}},"285":{"start":{"line":881,"column":19},"end":{"line":881,"column":20}},"286":{"start":{"line":882,"column":22},"end":{"line":882,"column":56}},"287":{"start":{"line":883,"column":22},"end":{"line":883,"column":75}},"288":{"start":{"line":884,"column":8},"end":{"line":884,"column":60}},"289":{"start":{"line":886,"column":6},"end":{"line":888,"column":9}},"290":{"start":{"line":887,"column":8},"end":{"line":887,"column":76}},"291":{"start":{"line":890,"column":6},"end":{"line":890,"column":23}},"292":{"start":{"line":53,"column":13},"end":{"line":893,"column":null}},"293":{"start":{"line":53,"column":13},"end":{"line":53,"column":30}}},"fnMap":{"0":{"name":"(anonymous_2)","decl":{"start":{"line":55,"column":2},"end":{"line":55,"column":null}},"loc":{"start":{"line":60,"column":59},"end":{"line":61,"column":6}}},"1":{"name":"(anonymous_3)","decl":{"start":{"line":63,"column":2},"end":{"line":63,"column":7}},"loc":{"start":{"line":66,"column":33},"end":{"line":184,"column":3}}},"2":{"name":"(anonymous_4)","decl":{"start":{"line":79,"column":6},"end":{"line":79,"column":7}},"loc":{"start":{"line":80,"column":8},"end":{"line":82,"column":20}}},"3":{"name":"(anonymous_5)","decl":{"start":{"line":94,"column":28},"end":{"line":94,"column":29}},"loc":{"start":{"line":95,"column":8},"end":{"line":95,"column":55}}},"4":{"name":"(anonymous_6)","decl":{"start":{"line":101,"column":28},"end":{"line":101,"column":29}},"loc":{"start":{"line":101,"column":35},"end":{"line":101,"column":75}}},"5":{"name":"(anonymous_7)","decl":{"start":{"line":126,"column":26},"end":{"line":126,"column":27}},"loc":{"start":{"line":126,"column":33},"end":{"line":126,"column":76}}},"6":{"name":"(anonymous_8)","decl":{"start":{"line":130,"column":26},"end":{"line":130,"column":27}},"loc":{"start":{"line":130,"column":33},"end":{"line":130,"column":69}}},"7":{"name":"(anonymous_9)","decl":{"start":{"line":145,"column":11},"end":{"line":145,"column":12}},"loc":{"start":{"line":145,"column":17},"end":{"line":154,"column":7}}},"8":{"name":"(anonymous_10)","decl":{"start":{"line":159,"column":21},"end":{"line":159,"column":null}},"loc":{"start":{"line":163,"column":8},"end":{"line":165,"column":5}}},"9":{"name":"(anonymous_11)","decl":{"start":{"line":186,"column":9},"end":{"line":186,"column":32}},"loc":{"start":{"line":189,"column":33},"end":{"line":226,"column":3}}},"10":{"name":"(anonymous_12)","decl":{"start":{"line":228,"column":9},"end":{"line":228,"column":29}},"loc":{"start":{"line":230,"column":41},"end":{"line":265,"column":3}}},"11":{"name":"(anonymous_13)","decl":{"start":{"line":267,"column":9},"end":{"line":267,"column":14}},"loc":{"start":{"line":269,"column":17},"end":{"line":295,"column":3}}},"12":{"name":"(anonymous_14)","decl":{"start":{"line":280,"column":13},"end":{"line":280,"column":14}},"loc":{"start":{"line":280,"column":26},"end":{"line":285,"column":9}}},"13":{"name":"(anonymous_15)","decl":{"start":{"line":297,"column":9},"end":{"line":297,"column":29}},"loc":{"start":{"line":297,"column":47},"end":{"line":319,"column":3}}},"14":{"name":"(anonymous_16)","decl":{"start":{"line":298,"column":23},"end":{"line":298,"column":24}},"loc":{"start":{"line":298,"column":29},"end":{"line":318,"column":5}}},"15":{"name":"(anonymous_17)","decl":{"start":{"line":321,"column":9},"end":{"line":321,"column":14}},"loc":{"start":{"line":321,"column":21},"end":{"line":651,"column":3}}},"16":{"name":"(anonymous_18)","decl":{"start":{"line":376,"column":16},"end":{"line":376,"column":17}},"loc":{"start":{"line":376,"column":22},"end":{"line":380,"column":11}}},"17":{"name":"(anonymous_19)","decl":{"start":{"line":381,"column":17},"end":{"line":381,"column":18}},"loc":{"start":{"line":381,"column":23},"end":{"line":389,"column":11}}},"18":{"name":"(anonymous_20)","decl":{"start":{"line":392,"column":16},"end":{"line":392,"column":17}},"loc":{"start":{"line":392,"column":22},"end":{"line":396,"column":11}}},"19":{"name":"(anonymous_21)","decl":{"start":{"line":397,"column":17},"end":{"line":397,"column":18}},"loc":{"start":{"line":397,"column":23},"end":{"line":405,"column":11}}},"20":{"name":"(anonymous_22)","decl":{"start":{"line":416,"column":28},"end":{"line":416,"column":29}},"loc":{"start":{"line":416,"column":41},"end":{"line":425,"column":15}}},"21":{"name":"(anonymous_23)","decl":{"start":{"line":427,"column":18},"end":{"line":427,"column":19}},"loc":{"start":{"line":427,"column":24},"end":{"line":431,"column":13}}},"22":{"name":"(anonymous_24)","decl":{"start":{"line":432,"column":19},"end":{"line":432,"column":20}},"loc":{"start":{"line":432,"column":25},"end":{"line":434,"column":13}}},"23":{"name":"(anonymous_25)","decl":{"start":{"line":469,"column":21},"end":{"line":469,"column":22}},"loc":{"start":{"line":469,"column":27},"end":{"line":471,"column":15}}},"24":{"name":"(anonymous_26)","decl":{"start":{"line":519,"column":22},"end":{"line":519,"column":23}},"loc":{"start":{"line":519,"column":29},"end":{"line":519,"column":37}}},"25":{"name":"(anonymous_27)","decl":{"start":{"line":523,"column":16},"end":{"line":523,"column":17}},"loc":{"start":{"line":523,"column":23},"end":{"line":523,"column":53}}},"26":{"name":"(anonymous_28)","decl":{"start":{"line":619,"column":32},"end":{"line":619,"column":33}},"loc":{"start":{"line":619,"column":39},"end":{"line":619,"column":45}}},"27":{"name":"(anonymous_29)","decl":{"start":{"line":633,"column":32},"end":{"line":633,"column":33}},"loc":{"start":{"line":634,"column":8},"end":{"line":637,"column":null}}},"28":{"name":"(anonymous_30)","decl":{"start":{"line":644,"column":32},"end":{"line":644,"column":33}},"loc":{"start":{"line":645,"column":8},"end":{"line":645,"column":77}}},"29":{"name":"(anonymous_31)","decl":{"start":{"line":653,"column":9},"end":{"line":653,"column":14}},"loc":{"start":{"line":653,"column":37},"end":{"line":832,"column":3}}},"30":{"name":"(anonymous_32)","decl":{"start":{"line":677,"column":21},"end":{"line":677,"column":null}},"loc":{"start":{"line":681,"column":8},"end":{"line":683,"column":5}}},"31":{"name":"(anonymous_33)","decl":{"start":{"line":694,"column":14},"end":{"line":694,"column":17}},"loc":{"start":{"line":694,"column":19},"end":{"line":744,"column":null}}},"32":{"name":"(anonymous_34)","decl":{"start":{"line":698,"column":17},"end":{"line":698,"column":22}},"loc":{"start":{"line":698,"column":29},"end":{"line":744,"column":11}}},"33":{"name":"(anonymous_35)","decl":{"start":{"line":726,"column":26},"end":{"line":726,"column":29}},"loc":{"start":{"line":726,"column":31},"end":{"line":730,"column":21}}},"34":{"name":"(anonymous_36)","decl":{"start":{"line":731,"column":27},"end":{"line":731,"column":28}},"loc":{"start":{"line":731,"column":33},"end":{"line":735,"column":21}}},"35":{"name":"(anonymous_37)","decl":{"start":{"line":755,"column":14},"end":{"line":755,"column":17}},"loc":{"start":{"line":756,"column":10},"end":{"line":825,"column":null}}},"36":{"name":"(anonymous_38)","decl":{"start":{"line":757,"column":12},"end":{"line":757,"column":17}},"loc":{"start":{"line":757,"column":24},"end":{"line":825,"column":13}}},"37":{"name":"(anonymous_39)","decl":{"start":{"line":809,"column":24},"end":{"line":809,"column":27}},"loc":{"start":{"line":809,"column":29},"end":{"line":813,"column":19}}},"38":{"name":"(anonymous_40)","decl":{"start":{"line":814,"column":25},"end":{"line":814,"column":26}},"loc":{"start":{"line":814,"column":31},"end":{"line":818,"column":19}}},"39":{"name":"(anonymous_41)","decl":{"start":{"line":834,"column":9},"end":{"line":834,"column":14}},"loc":{"start":{"line":834,"column":19},"end":{"line":866,"column":3}}},"40":{"name":"(anonymous_42)","decl":{"start":{"line":868,"column":9},"end":{"line":868,"column":14}},"loc":{"start":{"line":868,"column":39},"end":{"line":892,"column":3}}},"41":{"name":"(anonymous_43)","decl":{"start":{"line":886,"column":39},"end":{"line":886,"column":40}},"loc":{"start":{"line":886,"column":51},"end":{"line":888,"column":7}}}},"branchMap":{"0":{"loc":{"start":{"line":80,"column":8},"end":{"line":82,"column":20}},"type":"binary-expr","locations":[{"start":{"line":80,"column":8},"end":{"line":80,"column":29}},{"start":{"line":81,"column":8},"end":{"line":81,"column":40}},{"start":{"line":82,"column":8},"end":{"line":82,"column":20}}]},"1":{"loc":{"start":{"line":352,"column":35},"end":{"line":352,"column":66}},"type":"cond-expr","locations":[{"start":{"line":352,"column":59},"end":{"line":352,"column":61}},{"start":{"line":352,"column":59},"end":{"line":352,"column":66}}]},"2":{"loc":{"start":{"line":352,"column":35},"end":{"line":352,"column":61}},"type":"binary-expr","locations":[{"start":{"line":352,"column":35},"end":{"line":352,"column":61}},{"start":{"line":352,"column":59},"end":{"line":352,"column":61}}]},"3":{"loc":{"start":{"line":352,"column":35},"end":{"line":352,"column":59}},"type":"cond-expr","locations":[{"start":{"line":352,"column":41},"end":{"line":352,"column":43}},{"start":{"line":352,"column":35},"end":{"line":352,"column":59}}]},"4":{"loc":{"start":{"line":352,"column":35},"end":{"line":352,"column":43}},"type":"binary-expr","locations":[{"start":{"line":352,"column":35},"end":{"line":352,"column":43}},{"start":{"line":352,"column":35},"end":{"line":352,"column":43}}]},"5":{"loc":{"start":{"line":355,"column":24},"end":{"line":355,"column":55}},"type":"cond-expr","locations":[{"start":{"line":355,"column":47},"end":{"line":355,"column":49}},{"start":{"line":355,"column":24},"end":{"line":355,"column":55}}]},"6":{"loc":{"start":{"line":355,"column":24},"end":{"line":355,"column":49}},"type":"binary-expr","locations":[{"start":{"line":355,"column":24},"end":{"line":355,"column":49}},{"start":{"line":355,"column":24},"end":{"line":355,"column":49}}]},"7":{"loc":{"start":{"line":358,"column":6},"end":{"line":436,"column":null}},"type":"if","locations":[{"start":{"line":358,"column":6},"end":{"line":436,"column":null}}]},"8":{"loc":{"start":{"line":447,"column":24},"end":{"line":447,"column":47}},"type":"cond-expr","locations":[{"start":{"line":447,"column":30},"end":{"line":447,"column":32}},{"start":{"line":447,"column":24},"end":{"line":447,"column":47}}]},"9":{"loc":{"start":{"line":447,"column":24},"end":{"line":447,"column":32}},"type":"binary-expr","locations":[{"start":{"line":447,"column":24},"end":{"line":447,"column":32}},{"start":{"line":447,"column":24},"end":{"line":447,"column":32}}]},"10":{"loc":{"start":{"line":448,"column":37},"end":{"line":448,"column":69}},"type":"cond-expr","locations":[{"start":{"line":448,"column":62},"end":{"line":448,"column":64}},{"start":{"line":448,"column":62},"end":{"line":448,"column":69}}]},"11":{"loc":{"start":{"line":448,"column":37},"end":{"line":448,"column":64}},"type":"binary-expr","locations":[{"start":{"line":448,"column":37},"end":{"line":448,"column":64}},{"start":{"line":448,"column":62},"end":{"line":448,"column":64}}]},"12":{"loc":{"start":{"line":448,"column":37},"end":{"line":448,"column":62}},"type":"cond-expr","locations":[{"start":{"line":448,"column":43},"end":{"line":448,"column":45}},{"start":{"line":448,"column":37},"end":{"line":448,"column":62}}]},"13":{"loc":{"start":{"line":448,"column":37},"end":{"line":448,"column":45}},"type":"binary-expr","locations":[{"start":{"line":448,"column":37},"end":{"line":448,"column":45}},{"start":{"line":448,"column":37},"end":{"line":448,"column":45}}]},"14":{"loc":{"start":{"line":450,"column":26},"end":{"line":450,"column":44}},"type":"cond-expr","locations":[{"start":{"line":450,"column":36},"end":{"line":450,"column":38}},{"start":{"line":450,"column":26},"end":{"line":450,"column":44}}]},"15":{"loc":{"start":{"line":450,"column":26},"end":{"line":450,"column":38}},"type":"binary-expr","locations":[{"start":{"line":450,"column":26},"end":{"line":450,"column":38}},{"start":{"line":450,"column":26},"end":{"line":450,"column":38}}]},"16":{"loc":{"start":{"line":451,"column":8},"end":{"line":487,"column":null}},"type":"if","locations":[{"start":{"line":451,"column":8},"end":{"line":487,"column":null}}]},"17":{"loc":{"start":{"line":454,"column":12},"end":{"line":454,"column":44}},"type":"cond-expr","locations":[{"start":{"line":454,"column":37},"end":{"line":454,"column":39}},{"start":{"line":454,"column":37},"end":{"line":454,"column":44}}]},"18":{"loc":{"start":{"line":454,"column":12},"end":{"line":454,"column":39}},"type":"binary-expr","locations":[{"start":{"line":454,"column":12},"end":{"line":454,"column":39}},{"start":{"line":454,"column":37},"end":{"line":454,"column":39}}]},"19":{"loc":{"start":{"line":454,"column":12},"end":{"line":454,"column":37}},"type":"cond-expr","locations":[{"start":{"line":454,"column":18},"end":{"line":454,"column":20}},{"start":{"line":454,"column":12},"end":{"line":454,"column":37}}]},"20":{"loc":{"start":{"line":454,"column":12},"end":{"line":454,"column":20}},"type":"binary-expr","locations":[{"start":{"line":454,"column":12},"end":{"line":454,"column":20}},{"start":{"line":454,"column":12},"end":{"line":454,"column":20}}]},"21":{"loc":{"start":{"line":462,"column":12},"end":{"line":462,"column":41}},"type":"cond-expr","locations":[{"start":{"line":462,"column":18},"end":{"line":462,"column":20}},{"start":{"line":462,"column":12},"end":{"line":462,"column":41}}]},"22":{"loc":{"start":{"line":462,"column":12},"end":{"line":462,"column":20}},"type":"binary-expr","locations":[{"start":{"line":462,"column":12},"end":{"line":462,"column":20}},{"start":{"line":462,"column":12},"end":{"line":462,"column":20}}]},"23":{"loc":{"start":{"line":473,"column":10},"end":{"line":486,"column":null}},"type":"if","locations":[{"start":{"line":473,"column":10},"end":{"line":486,"column":null}},{"start":{"line":480,"column":17},"end":{"line":486,"column":null}}]},"24":{"loc":{"start":{"line":499,"column":24},"end":{"line":499,"column":47}},"type":"cond-expr","locations":[{"start":{"line":499,"column":30},"end":{"line":499,"column":32}},{"start":{"line":499,"column":24},"end":{"line":499,"column":47}}]},"25":{"loc":{"start":{"line":499,"column":24},"end":{"line":499,"column":32}},"type":"binary-expr","locations":[{"start":{"line":499,"column":24},"end":{"line":499,"column":32}},{"start":{"line":499,"column":24},"end":{"line":499,"column":32}}]},"26":{"loc":{"start":{"line":500,"column":37},"end":{"line":500,"column":69}},"type":"cond-expr","locations":[{"start":{"line":500,"column":62},"end":{"line":500,"column":64}},{"start":{"line":500,"column":62},"end":{"line":500,"column":69}}]},"27":{"loc":{"start":{"line":500,"column":37},"end":{"line":500,"column":64}},"type":"binary-expr","locations":[{"start":{"line":500,"column":37},"end":{"line":500,"column":64}},{"start":{"line":500,"column":62},"end":{"line":500,"column":64}}]},"28":{"loc":{"start":{"line":500,"column":37},"end":{"line":500,"column":62}},"type":"cond-expr","locations":[{"start":{"line":500,"column":43},"end":{"line":500,"column":45}},{"start":{"line":500,"column":37},"end":{"line":500,"column":62}}]},"29":{"loc":{"start":{"line":500,"column":37},"end":{"line":500,"column":45}},"type":"binary-expr","locations":[{"start":{"line":500,"column":37},"end":{"line":500,"column":45}},{"start":{"line":500,"column":37},"end":{"line":500,"column":45}}]},"30":{"loc":{"start":{"line":501,"column":26},"end":{"line":501,"column":44}},"type":"cond-expr","locations":[{"start":{"line":501,"column":36},"end":{"line":501,"column":38}},{"start":{"line":501,"column":26},"end":{"line":501,"column":44}}]},"31":{"loc":{"start":{"line":501,"column":26},"end":{"line":501,"column":38}},"type":"binary-expr","locations":[{"start":{"line":501,"column":26},"end":{"line":501,"column":38}},{"start":{"line":501,"column":26},"end":{"line":501,"column":38}}]},"32":{"loc":{"start":{"line":508,"column":10},"end":{"line":533,"column":null}},"type":"if","locations":[{"start":{"line":508,"column":10},"end":{"line":533,"column":null}}]},"33":{"loc":{"start":{"line":511,"column":14},"end":{"line":511,"column":46}},"type":"cond-expr","locations":[{"start":{"line":511,"column":39},"end":{"line":511,"column":41}},{"start":{"line":511,"column":39},"end":{"line":511,"column":46}}]},"34":{"loc":{"start":{"line":511,"column":14},"end":{"line":511,"column":41}},"type":"binary-expr","locations":[{"start":{"line":511,"column":14},"end":{"line":511,"column":41}},{"start":{"line":511,"column":39},"end":{"line":511,"column":41}}]},"35":{"loc":{"start":{"line":511,"column":14},"end":{"line":511,"column":39}},"type":"cond-expr","locations":[{"start":{"line":511,"column":20},"end":{"line":511,"column":22}},{"start":{"line":511,"column":14},"end":{"line":511,"column":39}}]},"36":{"loc":{"start":{"line":511,"column":14},"end":{"line":511,"column":22}},"type":"binary-expr","locations":[{"start":{"line":511,"column":14},"end":{"line":511,"column":22}},{"start":{"line":511,"column":14},"end":{"line":511,"column":22}}]},"37":{"loc":{"start":{"line":521,"column":12},"end":{"line":532,"column":null}},"type":"if","locations":[{"start":{"line":521,"column":12},"end":{"line":532,"column":null}}]},"38":{"loc":{"start":{"line":535,"column":10},"end":{"line":611,"column":null}},"type":"if","locations":[{"start":{"line":535,"column":10},"end":{"line":611,"column":null}}]},"39":{"loc":{"start":{"line":543,"column":14},"end":{"line":547,"column":null}},"type":"if","locations":[{"start":{"line":543,"column":14},"end":{"line":547,"column":null}},{"start":{"line":545,"column":21},"end":{"line":547,"column":null}}]},"40":{"loc":{"start":{"line":696,"column":12},"end":{"line":696,"column":51}},"type":"cond-expr","locations":[{"start":{"line":696,"column":45},"end":{"line":696,"column":47}},{"start":{"line":696,"column":45},"end":{"line":696,"column":51}}]},"41":{"loc":{"start":{"line":696,"column":12},"end":{"line":696,"column":47}},"type":"binary-expr","locations":[{"start":{"line":696,"column":12},"end":{"line":696,"column":47}},{"start":{"line":696,"column":45},"end":{"line":696,"column":47}}]},"42":{"loc":{"start":{"line":696,"column":12},"end":{"line":696,"column":45}},"type":"cond-expr","locations":[{"start":{"line":696,"column":30},"end":{"line":696,"column":32}},{"start":{"line":696,"column":30},"end":{"line":696,"column":45}}]},"43":{"loc":{"start":{"line":696,"column":12},"end":{"line":696,"column":32}},"type":"binary-expr","locations":[{"start":{"line":696,"column":12},"end":{"line":696,"column":32}},{"start":{"line":696,"column":30},"end":{"line":696,"column":32}}]},"44":{"loc":{"start":{"line":715,"column":14},"end":{"line":740,"column":null}},"type":"if","locations":[{"start":{"line":715,"column":14},"end":{"line":740,"column":null}}]},"45":{"loc":{"start":{"line":723,"column":16},"end":{"line":739,"column":null}},"type":"if","locations":[{"start":{"line":723,"column":16},"end":{"line":739,"column":null}},{"start":{"line":736,"column":23},"end":{"line":739,"column":null}}]},"46":{"loc":{"start":{"line":797,"column":14},"end":{"line":824,"column":null}},"type":"if","locations":[{"start":{"line":797,"column":14},"end":{"line":824,"column":null}},{"start":{"line":819,"column":21},"end":{"line":824,"column":null}}]}},"s":{"0":0,"1":0,"2":0,"3":0,"4":0,"5":0,"6":0,"7":0,"8":0,"9":0,"10":0,"11":0,"12":0,"13":0,"14":0,"15":0,"16":0,"17":0,"18":0,"19":0,"20":0,"21":0,"22":0,"23":0,"24":0,"25":0,"26":0,"27":0,"28":0,"29":0,"30":0,"31":0,"32":0,"33":0,"34":0,"35":0,"36":0,"37":0,"38":0,"39":0,"40":0,"41":0,"42":0,"43":0,"44":0,"45":0,"46":0,"47":0,"48":0,"49":0,"50":0,"51":0,"52":0,"53":0,"54":0,"55":0,"56":0,"57":0,"58":0,"59":0,"60":0,"61":0,"62":0,"63":0,"64":0,"65":0,"66":0,"67":0,"68":0,"69":0,"70":0,"71":0,"72":0,"73":0,"74":0,"75":0,"76":0,"77":0,"78":0,"79":0,"80":0,"81":0,"82":0,"83":0,"84":0,"85":0,"86":0,"87":0,"88":0,"89":0,"90":0,"91":0,"92":0,"93":0,"94":0,"95":0,"96":0,"97":0,"98":0,"99":0,"100":0,"101":0,"102":0,"103":0,"104":0,"105":0,"106":0,"107":0,"108":0,"109":0,"110":0,"111":0,"112":0,"113":0,"114":0,"115":0,"116":0,"117":0,"118":0,"119":0,"120":0,"121":0,"122":0,"123":0,"124":0,"125":0,"126":0,"127":0,"128":0,"129":0,"130":0,"131":0,"132":0,"133":0,"134":0,"135":0,"136":0,"137":0,"138":0,"139":0,"140":0,"141":0,"142":0,"143":0,"144":0,"145":0,"146":0,"147":0,"148":0,"149":0,"150":0,"151":0,"152":0,"153":0,"154":0,"155":0,"156":0,"157":0,"158":0,"159":0,"160":0,"161":0,"162":0,"163":0,"164":0,"165":0,"166":0,"167":0,"168":0,"169":0,"170":0,"171":0,"172":0,"173":0,"174":0,"175":0,"176":0,"177":0,"178":0,"179":0,"180":0,"181":0,"182":0,"183":0,"184":0,"185":0,"186":0,"187":0,"188":0,"189":0,"190":0,"191":0,"192":0,"193":0,"194":0,"195":0,"196":0,"197":0,"198":0,"199":0,"200":0,"201":0,"202":0,"203":0,"204":0,"205":0,"206":0,"207":0,"208":0,"209":0,"210":0,"211":0,"212":0,"213":0,"214":0,"215":0,"216":0,"217":0,"218":0,"219":0,"220":0,"221":0,"222":0,"223":0,"224":0,"225":0,"226":0,"227":0,"228":0,"229":0,"230":0,"231":0,"232":0,"233":0,"234":0,"235":0,"236":0,"237":0,"238":0,"239":0,"240":0,"241":0,"242":0,"243":0,"244":0,"245":0,"246":0,"247":0,"248":0,"249":0,"250":0,"251":0,"252":0,"253":0,"254":0,"255":0,"256":0,"257":0,"258":0,"259":0,"260":0,"261":0,"262":0,"263":0,"264":0,"265":0,"266":0,"267":0,"268":0,"269":0,"270":0,"271":0,"272":0,"273":0,"274":0,"275":0,"276":0,"277":0,"278":0,"279":0,"280":0,"281":0,"282":0,"283":0,"284":0,"285":0,"286":0,"287":0,"288":0,"289":0,"290":0,"291":0,"292":0,"293":0},"f":{"0":0,"1":0,"2":0,"3":0,"4":0,"5":0,"6":0,"7":0,"8":0,"9":0,"10":0,"11":0,"12":0,"13":0,"14":0,"15":0,"16":0,"17":0,"18":0,"19":0,"20":0,"21":0,"22":0,"23":0,"24":0,"25":0,"26":0,"27":0,"28":0,"29":0,"30":0,"31":0,"32":0,"33":0,"34":0,"35":0,"36":0,"37":0,"38":0,"39":0,"40":0,"41":0},"b":{"0":[0,0,0],"1":[0,0],"2":[0,0],"3":[0,0],"4":[0,0],"5":[0,0],"6":[0,0],"7":[0],"8":[0,0],"9":[0,0],"10":[0,0],"11":[0,0],"12":[0,0],"13":[0,0],"14":[0,0],"15":[0,0],"16":[0],"17":[0,0],"18":[0,0],"19":[0,0],"20":[0,0],"21":[0,0],"22":[0,0],"23":[0,0],"24":[0,0],"25":[0,0],"26":[0,0],"27":[0,0],"28":[0,0],"29":[0,0],"30":[0,0],"31":[0,0],"32":[0],"33":[0,0],"34":[0,0],"35":[0,0],"36":[0,0],"37":[0],"38":[0],"39":[0,0],"40":[0,0],"41":[0,0],"42":[0,0],"43":[0,0],"44":[0],"45":[0,0],"46":[0,0]}}
,"/home/techsavvyash/sweatAndBlood/samagra/cQube/new-cQube/cQube-POCs/impl/c-qube/src/services/csv-adapter/csv-adapter.service.ts": {"path":"/home/techsavvyash/sweatAndBlood/samagra/cQube/new-cQube/cQube-POCs/impl/c-qube/src/services/csv-adapter/csv-adapter.service.ts","statementMap":{"0":{"start":{"line":1,"column":0},"end":{"line":1,"column":52}},"1":{"start":{"line":3,"column":0},"end":{"line":3,"column":53}},"2":{"start":{"line":5,"column":0},"end":{"line":5,"column":72}},"3":{"start":{"line":6,"column":0},"end":{"line":6,"column":66}},"4":{"start":{"line":7,"column":0},"end":{"line":7,"column":60}},"5":{"start":{"line":8,"column":0},"end":{"line":8,"column":54}},"6":{"start":{"line":10,"column":0},"end":{"line":10,"column":74}},"7":{"start":{"line":13,"column":0},"end":{"line":13,"column":39}},"8":{"start":{"line":14,"column":0},"end":{"line":14,"column":61}},"9":{"start":{"line":15,"column":0},"end":{"line":15,"column":33}},"10":{"start":{"line":16,"column":0},"end":{"line":16,"column":46}},"11":{"start":{"line":17,"column":0},"end":{"line":17,"column":41}},"12":{"start":{"line":18,"column":0},"end":{"line":18,"column":58}},"13":{"start":{"line":19,"column":0},"end":{"line":19,"column":null}},"14":{"start":{"line":24,"column":0},"end":{"line":24,"column":null}},"15":{"start":{"line":28,"column":0},"end":{"line":28,"column":null}},"16":{"start":{"line":32,"column":0},"end":{"line":32,"column":null}},"17":{"start":{"line":39,"column":0},"end":{"line":39,"column":95}},"18":{"start":{"line":40,"column":14},"end":{"line":40,"column":30}},"19":{"start":{"line":41,"column":11},"end":{"line":41,"column":33}},"20":{"start":{"line":42,"column":11},"end":{"line":42,"column":35}},"21":{"start":{"line":43,"column":10},"end":{"line":43,"column":27}},"22":{"start":{"line":44,"column":15},"end":{"line":44,"column":33}},"23":{"start":{"line":45,"column":14},"end":{"line":45,"column":24}},"24":{"start":{"line":48,"column":30},"end":{"line":649,"column":null}},"25":{"start":{"line":51,"column":11},"end":{"line":51,"column":29}},"26":{"start":{"line":52,"column":11},"end":{"line":52,"column":25}},"27":{"start":{"line":53,"column":11},"end":{"line":53,"column":27}},"28":{"start":{"line":54,"column":11},"end":{"line":54,"column":19}},"29":{"start":{"line":55,"column":11},"end":{"line":55,"column":36}},"30":{"start":{"line":49,"column":19},"end":{"line":49,"column":71}},"31":{"start":{"line":62,"column":14},"end":{"line":62,"column":23}},"32":{"start":{"line":63,"column":4},"end":{"line":63,"column":39}},"33":{"start":{"line":64,"column":4},"end":{"line":64,"column":22}},"34":{"start":{"line":65,"column":4},"end":{"line":65,"column":43}},"35":{"start":{"line":67,"column":50},"end":{"line":67,"column":52}},"36":{"start":{"line":70,"column":4},"end":{"line":70,"column":41}},"37":{"start":{"line":72,"column":19},"end":{"line":73,"column":null}},"38":{"start":{"line":75,"column":30},"end":{"line":75,"column":54}},"39":{"start":{"line":76,"column":34},"end":{"line":76,"column":74}},"40":{"start":{"line":77,"column":4},"end":{"line":77,"column":44}},"41":{"start":{"line":89,"column":4},"end":{"line":89,"column":43}},"42":{"start":{"line":90,"column":40},"end":{"line":90,"column":42}},"43":{"start":{"line":91,"column":43},"end":{"line":91,"column":45}},"44":{"start":{"line":92,"column":35},"end":{"line":92,"column":66}},"45":{"start":{"line":93,"column":34},"end":{"line":93,"column":62}},"46":{"start":{"line":94,"column":36},"end":{"line":94,"column":71}},"47":{"start":{"line":95,"column":4},"end":{"line":178,"column":null}},"48":{"start":{"line":95,"column":17},"end":{"line":95,"column":18}},"49":{"start":{"line":98,"column":6},"end":{"line":177,"column":null}},"50":{"start":{"line":100,"column":10},"end":{"line":100,"column":67}},"51":{"start":{"line":102,"column":10},"end":{"line":103,"column":null}},"52":{"start":{"line":105,"column":38},"end":{"line":107,"column":null}},"53":{"start":{"line":110,"column":30},"end":{"line":113,"column":10}},"54":{"start":{"line":114,"column":8},"end":{"line":114,"column":42}},"55":{"start":{"line":115,"column":8},"end":{"line":130,"column":13}},"56":{"start":{"line":123,"column":12},"end":{"line":129,"column":14}},"57":{"start":{"line":131,"column":8},"end":{"line":146,"column":13}},"58":{"start":{"line":139,"column":12},"end":{"line":139,"column":27}},"59":{"start":{"line":140,"column":12},"end":{"line":145,"column":14}},"60":{"start":{"line":148,"column":27},"end":{"line":148,"column":37}},"61":{"start":{"line":153,"column":8},"end":{"line":176,"column":10}},"62":{"start":{"line":158,"column":29},"end":{"line":158,"column":31}},"63":{"start":{"line":159,"column":16},"end":{"line":161,"column":null}},"64":{"start":{"line":159,"column":29},"end":{"line":159,"column":30}},"65":{"start":{"line":160,"column":18},"end":{"line":160,"column":45}},"66":{"start":{"line":162,"column":16},"end":{"line":164,"column":null}},"67":{"start":{"line":174,"column":14},"end":{"line":174,"column":70}},"68":{"start":{"line":180,"column":4},"end":{"line":180,"column":51}},"69":{"start":{"line":181,"column":4},"end":{"line":181,"column":49}},"70":{"start":{"line":186,"column":4},"end":{"line":186,"column":47}},"71":{"start":{"line":187,"column":48},"end":{"line":187,"column":50}},"72":{"start":{"line":188,"column":4},"end":{"line":233,"column":null}},"73":{"start":{"line":188,"column":17},"end":{"line":188,"column":18}},"74":{"start":{"line":189,"column":25},"end":{"line":189,"column":70}},"75":{"start":{"line":190,"column":42},"end":{"line":190,"column":71}},"76":{"start":{"line":192,"column":6},"end":{"line":232,"column":null}},"77":{"start":{"line":192,"column":19},"end":{"line":192,"column":20}},"78":{"start":{"line":193,"column":8},"end":{"line":231,"column":null}},"79":{"start":{"line":196,"column":12},"end":{"line":196,"column":66}},"80":{"start":{"line":198,"column":41},"end":{"line":199,"column":null}},"81":{"start":{"line":201,"column":31},"end":{"line":205,"column":null}},"82":{"start":{"line":208,"column":10},"end":{"line":208,"column":52}},"83":{"start":{"line":209,"column":10},"end":{"line":216,"column":null}},"84":{"start":{"line":209,"column":23},"end":{"line":209,"column":24}},"85":{"start":{"line":210,"column":12},"end":{"line":210,"column":67}},"86":{"start":{"line":211,"column":12},"end":{"line":215,"column":17}},"87":{"start":{"line":214,"column":16},"end":{"line":214,"column":33}},"88":{"start":{"line":217,"column":10},"end":{"line":230,"column":null}},"89":{"start":{"line":218,"column":25},"end":{"line":221,"column":null}},"90":{"start":{"line":223,"column":12},"end":{"line":223,"column":48}},"91":{"start":{"line":225,"column":25},"end":{"line":227,"column":null}},"92":{"start":{"line":229,"column":12},"end":{"line":229,"column":48}},"93":{"start":{"line":234,"column":4},"end":{"line":234,"column":53}},"94":{"start":{"line":238,"column":4},"end":{"line":238,"column":49}},"95":{"start":{"line":242,"column":10},"end":{"line":242,"column":12}},"96":{"start":{"line":243,"column":4},"end":{"line":361,"column":null}},"97":{"start":{"line":243,"column":17},"end":{"line":243,"column":18}},"98":{"start":{"line":244,"column":25},"end":{"line":244,"column":70}},"99":{"start":{"line":245,"column":6},"end":{"line":360,"column":null}},"100":{"start":{"line":245,"column":19},"end":{"line":245,"column":20}},"101":{"start":{"line":247,"column":10},"end":{"line":247,"column":51}},"102":{"start":{"line":248,"column":8},"end":{"line":359,"column":null}},"103":{"start":{"line":248,"column":21},"end":{"line":248,"column":22}},"104":{"start":{"line":249,"column":36},"end":{"line":249,"column":38}},"105":{"start":{"line":250,"column":45},"end":{"line":252,"column":47}},"106":{"start":{"line":252,"column":35},"end":{"line":252,"column":46}},"107":{"start":{"line":254,"column":10},"end":{"line":280,"column":null}},"108":{"start":{"line":257,"column":14},"end":{"line":257,"column":68}},"109":{"start":{"line":258,"column":47},"end":{"line":260,"column":null}},"110":{"start":{"line":262,"column":35},"end":{"line":266,"column":38}},"111":{"start":{"line":265,"column":37},"end":{"line":265,"column":48}},"112":{"start":{"line":266,"column":29},"end":{"line":266,"column":37}},"113":{"start":{"line":268,"column":12},"end":{"line":279,"column":null}},"114":{"start":{"line":270,"column":23},"end":{"line":270,"column":53}},"115":{"start":{"line":278,"column":14},"end":{"line":278,"column":62}},"116":{"start":{"line":282,"column":10},"end":{"line":358,"column":null}},"117":{"start":{"line":283,"column":30},"end":{"line":283,"column":32}},"118":{"start":{"line":284,"column":33},"end":{"line":284,"column":35}},"119":{"start":{"line":285,"column":12},"end":{"line":295,"column":null}},"120":{"start":{"line":286,"column":29},"end":{"line":286,"column":30}},"121":{"start":{"line":290,"column":14},"end":{"line":294,"column":null}},"122":{"start":{"line":291,"column":16},"end":{"line":291,"column":60}},"123":{"start":{"line":293,"column":16},"end":{"line":293,"column":63}},"124":{"start":{"line":297,"column":14},"end":{"line":297,"column":70}},"125":{"start":{"line":298,"column":30},"end":{"line":298,"column":32}},"126":{"start":{"line":299,"column":12},"end":{"line":308,"column":null}},"127":{"start":{"line":299,"column":25},"end":{"line":299,"column":26}},"128":{"start":{"line":303,"column":31},"end":{"line":303,"column":67}},"129":{"start":{"line":305,"column":16},"end":{"line":305,"column":60}},"130":{"start":{"line":306,"column":14},"end":{"line":307,"column":62}},"131":{"start":{"line":310,"column":14},"end":{"line":315,"column":null}},"132":{"start":{"line":317,"column":12},"end":{"line":317,"column":64}},"133":{"start":{"line":318,"column":12},"end":{"line":323,"column":null}},"134":{"start":{"line":318,"column":25},"end":{"line":318,"column":26}},"135":{"start":{"line":319,"column":14},"end":{"line":322,"column":17}},"136":{"start":{"line":326,"column":12},"end":{"line":357,"column":null}},"137":{"start":{"line":326,"column":25},"end":{"line":326,"column":26}},"138":{"start":{"line":328,"column":16},"end":{"line":328,"column":72}},"139":{"start":{"line":329,"column":32},"end":{"line":329,"column":34}},"140":{"start":{"line":330,"column":14},"end":{"line":339,"column":null}},"141":{"start":{"line":330,"column":27},"end":{"line":330,"column":28}},"142":{"start":{"line":334,"column":33},"end":{"line":334,"column":69}},"143":{"start":{"line":336,"column":18},"end":{"line":336,"column":62}},"144":{"start":{"line":337,"column":16},"end":{"line":338,"column":64}},"145":{"start":{"line":341,"column":16},"end":{"line":347,"column":null}},"146":{"start":{"line":350,"column":14},"end":{"line":350,"column":63}},"147":{"start":{"line":351,"column":14},"end":{"line":356,"column":null}},"148":{"start":{"line":351,"column":27},"end":{"line":351,"column":28}},"149":{"start":{"line":352,"column":16},"end":{"line":355,"column":19}},"150":{"start":{"line":362,"column":4},"end":{"line":362,"column":68}},"151":{"start":{"line":364,"column":4},"end":{"line":368,"column":6}},"152":{"start":{"line":366,"column":39},"end":{"line":366,"column":45}},"153":{"start":{"line":379,"column":4},"end":{"line":387,"column":6}},"154":{"start":{"line":381,"column":8},"end":{"line":384,"column":null}},"155":{"start":{"line":390,"column":4},"end":{"line":392,"column":null}},"156":{"start":{"line":390,"column":17},"end":{"line":390,"column":18}},"157":{"start":{"line":391,"column":6},"end":{"line":391,"column":72}},"158":{"start":{"line":394,"column":4},"end":{"line":394,"column":55}},"159":{"start":{"line":405,"column":18},"end":{"line":405,"column":49}},"160":{"start":{"line":408,"column":19},"end":{"line":408,"column":21}},"161":{"start":{"line":409,"column":4},"end":{"line":413,"column":null}},"162":{"start":{"line":409,"column":17},"end":{"line":409,"column":18}},"163":{"start":{"line":410,"column":6},"end":{"line":412,"column":8}},"164":{"start":{"line":414,"column":4},"end":{"line":414,"column":32}},"165":{"start":{"line":415,"column":4},"end":{"line":415,"column":18}},"166":{"start":{"line":416,"column":4},"end":{"line":418,"column":null}},"167":{"start":{"line":416,"column":17},"end":{"line":416,"column":18}},"168":{"start":{"line":417,"column":6},"end":{"line":417,"column":48}},"169":{"start":{"line":419,"column":4},"end":{"line":419,"column":32}},"170":{"start":{"line":420,"column":4},"end":{"line":420,"column":45}},"171":{"start":{"line":423,"column":21},"end":{"line":429,"column":5}},"172":{"start":{"line":432,"column":4},"end":{"line":432,"column":18}},"173":{"start":{"line":434,"column":6},"end":{"line":434,"column":69}},"174":{"start":{"line":436,"column":4},"end":{"line":503,"column":null}},"175":{"start":{"line":436,"column":17},"end":{"line":436,"column":18}},"176":{"start":{"line":448,"column":6},"end":{"line":502,"column":8}},"177":{"start":{"line":450,"column":10},"end":{"line":500,"column":null}},"178":{"start":{"line":455,"column":36},"end":{"line":455,"column":37}},"179":{"start":{"line":458,"column":31},"end":{"line":462,"column":14}},"180":{"start":{"line":463,"column":57},"end":{"line":468,"column":14}},"181":{"start":{"line":470,"column":12},"end":{"line":499,"column":null}},"182":{"start":{"line":471,"column":14},"end":{"line":496,"column":null}},"183":{"start":{"line":473,"column":18},"end":{"line":476,"column":null}},"184":{"start":{"line":479,"column":16},"end":{"line":495,"column":null}},"185":{"start":{"line":480,"column":18},"end":{"line":491,"column":23}},"186":{"start":{"line":483,"column":22},"end":{"line":485,"column":24}},"187":{"start":{"line":488,"column":22},"end":{"line":490,"column":24}},"188":{"start":{"line":494,"column":18},"end":{"line":494,"column":79}},"189":{"start":{"line":498,"column":14},"end":{"line":498,"column":31}},"190":{"start":{"line":506,"column":6},"end":{"line":506,"column":66}},"191":{"start":{"line":509,"column":4},"end":{"line":585,"column":null}},"192":{"start":{"line":509,"column":17},"end":{"line":509,"column":18}},"193":{"start":{"line":510,"column":6},"end":{"line":584,"column":8}},"194":{"start":{"line":512,"column":10},"end":{"line":581,"column":null}},"195":{"start":{"line":519,"column":18},"end":{"line":519,"column":19}},"196":{"start":{"line":520,"column":57},"end":{"line":531,"column":16}},"197":{"start":{"line":533,"column":16},"end":{"line":539,"column":null}},"198":{"start":{"line":542,"column":33},"end":{"line":546,"column":16}},"199":{"start":{"line":547,"column":59},"end":{"line":552,"column":16}},"200":{"start":{"line":553,"column":14},"end":{"line":580,"column":null}},"201":{"start":{"line":555,"column":18},"end":{"line":558,"column":null}},"202":{"start":{"line":563,"column":16},"end":{"line":574,"column":21}},"203":{"start":{"line":566,"column":20},"end":{"line":568,"column":22}},"204":{"start":{"line":571,"column":20},"end":{"line":573,"column":22}},"205":{"start":{"line":576,"column":16},"end":{"line":579,"column":18}},"206":{"start":{"line":586,"column":4},"end":{"line":586,"column":32}},"207":{"start":{"line":591,"column":4},"end":{"line":621,"column":null}},"208":{"start":{"line":592,"column":6},"end":{"line":594,"column":8}},"209":{"start":{"line":595,"column":6},"end":{"line":597,"column":8}},"210":{"start":{"line":598,"column":6},"end":{"line":600,"column":8}},"211":{"start":{"line":602,"column":32},"end":{"line":604,"column":57}},"212":{"start":{"line":605,"column":6},"end":{"line":609,"column":null}},"213":{"start":{"line":605,"column":19},"end":{"line":605,"column":20}},"214":{"start":{"line":606,"column":22},"end":{"line":606,"column":58}},"215":{"start":{"line":607,"column":22},"end":{"line":607,"column":77}},"216":{"start":{"line":608,"column":8},"end":{"line":608,"column":51}},"217":{"start":{"line":611,"column":30},"end":{"line":613,"column":55}},"218":{"start":{"line":614,"column":6},"end":{"line":618,"column":null}},"219":{"start":{"line":614,"column":19},"end":{"line":614,"column":20}},"220":{"start":{"line":615,"column":22},"end":{"line":615,"column":56}},"221":{"start":{"line":616,"column":22},"end":{"line":616,"column":75}},"222":{"start":{"line":617,"column":8},"end":{"line":617,"column":51}},"223":{"start":{"line":620,"column":6},"end":{"line":620,"column":23}},"224":{"start":{"line":625,"column":4},"end":{"line":647,"column":null}},"225":{"start":{"line":626,"column":23},"end":{"line":626,"column":25}},"226":{"start":{"line":627,"column":6},"end":{"line":627,"column":41}},"227":{"start":{"line":629,"column":20},"end":{"line":633,"column":50}},"228":{"start":{"line":635,"column":30},"end":{"line":635,"column":75}},"229":{"start":{"line":636,"column":6},"end":{"line":636,"column":37}},"230":{"start":{"line":637,"column":6},"end":{"line":641,"column":null}},"231":{"start":{"line":637,"column":19},"end":{"line":637,"column":20}},"232":{"start":{"line":638,"column":22},"end":{"line":638,"column":56}},"233":{"start":{"line":639,"column":22},"end":{"line":639,"column":75}},"234":{"start":{"line":640,"column":8},"end":{"line":640,"column":60}},"235":{"start":{"line":642,"column":6},"end":{"line":644,"column":9}},"236":{"start":{"line":643,"column":8},"end":{"line":643,"column":76}},"237":{"start":{"line":646,"column":6},"end":{"line":646,"column":23}},"238":{"start":{"line":48,"column":13},"end":{"line":649,"column":null}},"239":{"start":{"line":48,"column":13},"end":{"line":48,"column":30}}},"fnMap":{"0":{"name":"(anonymous_2)","decl":{"start":{"line":50,"column":2},"end":{"line":50,"column":null}},"loc":{"start":{"line":55,"column":59},"end":{"line":56,"column":6}}},"1":{"name":"(anonymous_3)","decl":{"start":{"line":58,"column":9},"end":{"line":58,"column":14}},"loc":{"start":{"line":60,"column":43},"end":{"line":396,"column":3}}},"2":{"name":"(anonymous_4)","decl":{"start":{"line":117,"column":16},"end":{"line":117,"column":17}},"loc":{"start":{"line":117,"column":22},"end":{"line":121,"column":11}}},"3":{"name":"(anonymous_5)","decl":{"start":{"line":122,"column":17},"end":{"line":122,"column":18}},"loc":{"start":{"line":122,"column":23},"end":{"line":130,"column":11}}},"4":{"name":"(anonymous_6)","decl":{"start":{"line":133,"column":16},"end":{"line":133,"column":17}},"loc":{"start":{"line":133,"column":22},"end":{"line":137,"column":11}}},"5":{"name":"(anonymous_7)","decl":{"start":{"line":138,"column":17},"end":{"line":138,"column":18}},"loc":{"start":{"line":138,"column":23},"end":{"line":146,"column":11}}},"6":{"name":"(anonymous_8)","decl":{"start":{"line":157,"column":28},"end":{"line":157,"column":29}},"loc":{"start":{"line":157,"column":41},"end":{"line":166,"column":15}}},"7":{"name":"(anonymous_9)","decl":{"start":{"line":168,"column":18},"end":{"line":168,"column":19}},"loc":{"start":{"line":168,"column":24},"end":{"line":172,"column":13}}},"8":{"name":"(anonymous_10)","decl":{"start":{"line":173,"column":19},"end":{"line":173,"column":20}},"loc":{"start":{"line":173,"column":25},"end":{"line":175,"column":13}}},"9":{"name":"(anonymous_11)","decl":{"start":{"line":213,"column":21},"end":{"line":213,"column":22}},"loc":{"start":{"line":213,"column":27},"end":{"line":215,"column":15}}},"10":{"name":"(anonymous_12)","decl":{"start":{"line":252,"column":17},"end":{"line":252,"column":18}},"loc":{"start":{"line":252,"column":35},"end":{"line":252,"column":46}}},"11":{"name":"(anonymous_13)","decl":{"start":{"line":265,"column":19},"end":{"line":265,"column":20}},"loc":{"start":{"line":265,"column":37},"end":{"line":265,"column":48}}},"12":{"name":"(anonymous_14)","decl":{"start":{"line":266,"column":22},"end":{"line":266,"column":23}},"loc":{"start":{"line":266,"column":29},"end":{"line":266,"column":37}}},"13":{"name":"(anonymous_15)","decl":{"start":{"line":270,"column":16},"end":{"line":270,"column":17}},"loc":{"start":{"line":270,"column":23},"end":{"line":270,"column":53}}},"14":{"name":"(anonymous_16)","decl":{"start":{"line":366,"column":32},"end":{"line":366,"column":33}},"loc":{"start":{"line":366,"column":39},"end":{"line":366,"column":45}}},"15":{"name":"(anonymous_17)","decl":{"start":{"line":380,"column":32},"end":{"line":380,"column":33}},"loc":{"start":{"line":381,"column":8},"end":{"line":384,"column":null}}},"16":{"name":"(anonymous_18)","decl":{"start":{"line":398,"column":9},"end":{"line":398,"column":14}},"loc":{"start":{"line":398,"column":71},"end":{"line":588,"column":3}}},"17":{"name":"(anonymous_19)","decl":{"start":{"line":423,"column":21},"end":{"line":423,"column":null}},"loc":{"start":{"line":427,"column":8},"end":{"line":429,"column":5}}},"18":{"name":"(anonymous_20)","decl":{"start":{"line":449,"column":14},"end":{"line":449,"column":17}},"loc":{"start":{"line":449,"column":19},"end":{"line":500,"column":null}}},"19":{"name":"(anonymous_21)","decl":{"start":{"line":454,"column":17},"end":{"line":454,"column":22}},"loc":{"start":{"line":454,"column":29},"end":{"line":500,"column":11}}},"20":{"name":"(anonymous_22)","decl":{"start":{"line":482,"column":26},"end":{"line":482,"column":29}},"loc":{"start":{"line":482,"column":31},"end":{"line":486,"column":21}}},"21":{"name":"(anonymous_23)","decl":{"start":{"line":487,"column":27},"end":{"line":487,"column":28}},"loc":{"start":{"line":487,"column":33},"end":{"line":491,"column":21}}},"22":{"name":"(anonymous_24)","decl":{"start":{"line":511,"column":14},"end":{"line":511,"column":17}},"loc":{"start":{"line":512,"column":10},"end":{"line":581,"column":null}}},"23":{"name":"(anonymous_25)","decl":{"start":{"line":513,"column":12},"end":{"line":513,"column":17}},"loc":{"start":{"line":513,"column":24},"end":{"line":581,"column":13}}},"24":{"name":"(anonymous_26)","decl":{"start":{"line":565,"column":24},"end":{"line":565,"column":27}},"loc":{"start":{"line":565,"column":29},"end":{"line":569,"column":19}}},"25":{"name":"(anonymous_27)","decl":{"start":{"line":570,"column":25},"end":{"line":570,"column":26}},"loc":{"start":{"line":570,"column":31},"end":{"line":574,"column":19}}},"26":{"name":"(anonymous_28)","decl":{"start":{"line":590,"column":9},"end":{"line":590,"column":14}},"loc":{"start":{"line":590,"column":19},"end":{"line":622,"column":3}}},"27":{"name":"(anonymous_29)","decl":{"start":{"line":624,"column":9},"end":{"line":624,"column":14}},"loc":{"start":{"line":624,"column":39},"end":{"line":648,"column":3}}},"28":{"name":"(anonymous_30)","decl":{"start":{"line":642,"column":39},"end":{"line":642,"column":40}},"loc":{"start":{"line":642,"column":51},"end":{"line":644,"column":7}}}},"branchMap":{"0":{"loc":{"start":{"line":59,"column":4},"end":{"line":59,"column":32}},"type":"default-arg","locations":[{"start":{"line":59,"column":22},"end":{"line":59,"column":32}}]},"1":{"loc":{"start":{"line":60,"column":4},"end":{"line":60,"column":43}},"type":"default-arg","locations":[{"start":{"line":60,"column":30},"end":{"line":60,"column":43}}]},"2":{"loc":{"start":{"line":92,"column":35},"end":{"line":92,"column":66}},"type":"cond-expr","locations":[{"start":{"line":92,"column":59},"end":{"line":92,"column":61}},{"start":{"line":92,"column":59},"end":{"line":92,"column":66}}]},"3":{"loc":{"start":{"line":92,"column":35},"end":{"line":92,"column":61}},"type":"binary-expr","locations":[{"start":{"line":92,"column":35},"end":{"line":92,"column":61}},{"start":{"line":92,"column":59},"end":{"line":92,"column":61}}]},"4":{"loc":{"start":{"line":92,"column":35},"end":{"line":92,"column":59}},"type":"cond-expr","locations":[{"start":{"line":92,"column":41},"end":{"line":92,"column":43}},{"start":{"line":92,"column":35},"end":{"line":92,"column":59}}]},"5":{"loc":{"start":{"line":92,"column":35},"end":{"line":92,"column":43}},"type":"binary-expr","locations":[{"start":{"line":92,"column":35},"end":{"line":92,"column":43}},{"start":{"line":92,"column":35},"end":{"line":92,"column":43}}]},"6":{"loc":{"start":{"line":95,"column":24},"end":{"line":95,"column":55}},"type":"cond-expr","locations":[{"start":{"line":95,"column":47},"end":{"line":95,"column":49}},{"start":{"line":95,"column":24},"end":{"line":95,"column":55}}]},"7":{"loc":{"start":{"line":95,"column":24},"end":{"line":95,"column":49}},"type":"binary-expr","locations":[{"start":{"line":95,"column":24},"end":{"line":95,"column":49}},{"start":{"line":95,"column":24},"end":{"line":95,"column":49}}]},"8":{"loc":{"start":{"line":98,"column":6},"end":{"line":177,"column":null}},"type":"if","locations":[{"start":{"line":98,"column":6},"end":{"line":177,"column":null}}]},"9":{"loc":{"start":{"line":188,"column":24},"end":{"line":188,"column":47}},"type":"cond-expr","locations":[{"start":{"line":188,"column":30},"end":{"line":188,"column":32}},{"start":{"line":188,"column":24},"end":{"line":188,"column":47}}]},"10":{"loc":{"start":{"line":188,"column":24},"end":{"line":188,"column":32}},"type":"binary-expr","locations":[{"start":{"line":188,"column":24},"end":{"line":188,"column":32}},{"start":{"line":188,"column":24},"end":{"line":188,"column":32}}]},"11":{"loc":{"start":{"line":189,"column":37},"end":{"line":189,"column":69}},"type":"cond-expr","locations":[{"start":{"line":189,"column":62},"end":{"line":189,"column":64}},{"start":{"line":189,"column":62},"end":{"line":189,"column":69}}]},"12":{"loc":{"start":{"line":189,"column":37},"end":{"line":189,"column":64}},"type":"binary-expr","locations":[{"start":{"line":189,"column":37},"end":{"line":189,"column":64}},{"start":{"line":189,"column":62},"end":{"line":189,"column":64}}]},"13":{"loc":{"start":{"line":189,"column":37},"end":{"line":189,"column":62}},"type":"cond-expr","locations":[{"start":{"line":189,"column":43},"end":{"line":189,"column":45}},{"start":{"line":189,"column":37},"end":{"line":189,"column":62}}]},"14":{"loc":{"start":{"line":189,"column":3
[...]
loc":{"start":{"line":43,"column":14},"end":{"line":53,"column":null}},"type":"if","locations":[{"start":{"line":43,"column":14},"end":{"line":53,"column":null}},{"start":{"line":45,"column":21},"end":{"line":53,"column":null}}]},"4":{"loc":{"start":{"line":45,"column":21},"end":{"line":53,"column":null}},"type":"if","locations":[{"start":{"line":45,"column":21},"end":{"line":53,"column":null}},{"start":{"line":48,"column":21},"end":{"line":53,"column":null}}]},"5":{"loc":{"start":{"line":48,"column":21},"end":{"line":53,"column":null}},"type":"if","locations":[{"start":{"line":48,"column":21},"end":{"line":53,"column":null}},{"start":{"line":51,"column":21},"end":{"line":53,"column":null}}]},"6":{"loc":{"start":{"line":156,"column":6},"end":{"line":280,"column":null}},"type":"if","locations":[{"start":{"line":156,"column":6},"end":{"line":280,"column":null}},{"start":{"line":158,"column":13},"end":{"line":280,"column":null}}]},"7":{"loc":{"start":{"line":172,"column":8},"end":{"line":279,"column":null}},"type":"if","locations":[{"start":{"line":172,"column":8},"end":{"line":279,"column":null}},{"start":{"line":273,"column":15},"end":{"line":279,"column":null}}]},"8":{"loc":{"start":{"line":182,"column":12},"end":{"line":194,"column":null}},"type":"if","locations":[{"start":{"line":182,"column":12},"end":{"line":194,"column":null}}]},"9":{"loc":{"start":{"line":183,"column":14},"end":{"line":193,"column":null}},"type":"if","locations":[{"start":{"line":183,"column":14},"end":{"line":193,"column":null}},{"start":{"line":185,"column":21},"end":{"line":193,"column":null}}]},"10":{"loc":{"start":{"line":185,"column":21},"end":{"line":193,"column":null}},"type":"if","locations":[{"start":{"line":185,"column":21},"end":{"line":193,"column":null}},{"start":{"line":188,"column":21},"end":{"line":193,"column":null}}]},"11":{"loc":{"start":{"line":188,"column":21},"end":{"line":193,"column":null}},"type":"if","locations":[{"start":{"line":188,"column":21},"end":{"line":193,"column":null}},{"start":{"line":191,"column":21},"end":{"line":193,"column":null}}]}},"s":{"0":1,"1":1,"2":0,"3":0,"4":0,"5":0,"6":0,"7":0,"8":0,"9":0,"10":0,"11":0,"12":0,"13":0,"14":0,"15":0,"16":0,"17":0,"18":0,"19":0,"20":0,"21":0,"22":0,"23":0,"24":0,"25":0,"26":0,"27":0,"28":0,"29":0,"30":0,"31":0,"32":0,"33":0,"34":0,"35":0,"36":0,"37":0,"38":0,"39":0,"40":0,"41":0,"42":0,"43":0,"44":0,"45":0,"46":0,"47":0,"48":0,"49":0,"50":0,"51":0,"52":0,"53":0,"54":0,"55":0,"56":0,"57":0,"58":0,"59":0,"60":0,"61":0,"62":0,"63":0,"64":0,"65":0,"66":0,"67":0,"68":0,"69":0,"70":0,"71":0,"72":0,"73":0,"74":0,"75":0,"76":0,"77":0,"78":0,"79":0,"80":0,"81":0,"82":0,"83":0,"84":0,"85":0,"86":0,"87":0,"88":0,"89":0,"90":0,"91":0,"92":0,"93":0,"94":0,"95":0,"96":0,"97":0,"98":0,"99":0,"100":0,"101":0,"102":0,"103":0},"f":{"0":0,"1":0,"2":0,"3":0,"4":0,"5":0,"6":0,"7":0,"8":0,"9":0,"10":0,"11":0},"b":{"0":[0,0],"1":[0,0],"2":[0],"3":[0,0],"4":[0,0],"5":[0,0],"6":[0,0],"7":[0,0],"8":[0],"9":[0,0],"10":[0,0],"11":[0,0]}}
,"/home/techsavvyash/sweatAndBlood/samagra/cQube/new-cQube/cQube-POCs/impl/c-qube/src/services/transformer/transformer.service.ts": {"path":"/home/techsavvyash/sweatAndBlood/samagra/cQube/new-cQube/cQube-POCs/impl/c-qube/src/services/transformer/transformer.service.ts","statementMap":{"0":{"start":{"line":1,"column":0},"end":{"line":1,"column":44}},"1":{"start":{"line":4,"column":0},"end":{"line":4,"column":53}},"2":{"start":{"line":12,"column":7},"end":{"line":63,"column":null}},"3":{"start":{"line":13,"column":21},"end":{"line":13,"column":29}},"4":{"start":{"line":15,"column":2},"end":{"line":28,"column":4}},"5":{"start":{"line":16,"column":4},"end":{"line":27,"column":6}},"6":{"start":{"line":18,"column":6},"end":{"line":26,"column":9}},"7":{"start":{"line":19,"column":8},"end":{"line":25,"column":null}},"8":{"start":{"line":20,"column":25},"end":{"line":20,"column":45}},"9":{"start":{"line":21,"column":10},"end":{"line":21,"column":42}},"10":{"start":{"line":22,"column":10},"end":{"line":22,"column":26}},"11":{"start":{"line":24,"column":10},"end":{"line":24,"column":24}},"12":{"start":{"line":30,"column":2},"end":{"line":40,"column":4}},"13":{"start":{"line":31,"column":4},"end":{"line":39,"column":6}},"14":{"start":{"line":32,"column":6},"end":{"line":38,"column":null}},"15":{"start":{"line":33,"column":23},"end":{"line":33,"column":42}},"16":{"start":{"line":34,"column":8},"end":{"line":34,"column":40}},"17":{"start":{"line":35,"column":8},"end":{"line":35,"column":22}},"18":{"start":{"line":37,"column":8},"end":{"line":37,"column":20}},"19":{"start":{"line":51,"column":4},"end":{"line":61,"column":7}},"20":{"start":{"line":12,"column":13},"end":{"line":63,"column":null}},"21":{"start":{"line":12,"column":13},"end":{"line":12,"column":31}}},"fnMap":{"0":{"name":"(anonymous_2)","decl":{"start":{"line":13,"column":2},"end":{"line":13,"column":21}},"loc":{"start":{"line":13,"column":42},"end":{"line":13,"column":46}}},"1":{"name":"(anonymous_3)","decl":{"start":{"line":15,"column":27},"end":{"line":15,"column":28}},"loc":{"start":{"line":15,"column":70},"end":{"line":28,"column":3}}},"2":{"name":"(anonymous_4)","decl":{"start":{"line":16,"column":11},"end":{"line":16,"column":12}},"loc":{"start":{"line":16,"column":40},"end":{"line":27,"column":5}}},"3":{"name":"(anonymous_5)","decl":{"start":{"line":18,"column":25},"end":{"line":18,"column":26}},"loc":{"start":{"line":18,"column":45},"end":{"line":26,"column":7}}},"4":{"name":"(anonymous_6)","decl":{"start":{"line":30,"column":26},"end":{"line":30,"column":27}},"loc":{"start":{"line":30,"column":67},"end":{"line":40,"column":3}}},"5":{"name":"(anonymous_7)","decl":{"start":{"line":31,"column":11},"end":{"line":31,"column":12}},"loc":{"start":{"line":31,"column":40},"end":{"line":39,"column":5}}},"6":{"name":"(anonymous_8)","decl":{"start":{"line":42,"column":2},"end":{"line":42,"column":7}},"loc":{"start":{"line":42,"column":50},"end":{"line":62,"column":3}}}},"branchMap":{"0":{"loc":{"start":{"line":54,"column":24},"end":{"line":56,"column":16}},"type":"cond-expr","locations":[{"start":{"line":55,"column":12},"end":{"line":55,"column":49}},{"start":{"line":56,"column":12},"end":{"line":56,"column":16}}]},"1":{"loc":{"start":{"line":57,"column":23},"end":{"line":59,"column":16}},"type":"cond-expr","locations":[{"start":{"line":58,"column":12},"end":{"line":58,"column":48}},{"start":{"line":59,"column":12},"end":{"line":59,"column":16}}]}},"s":{"0":1,"1":1,"2":1,"3":1,"4":1,"5":0,"6":0,"7":0,"8":0,"9":0,"10":0,"11":0,"12":1,"13":0,"14":0,"15":0,"16":0,"17":0,"18":0,"19":0,"20":1,"21":1},"f":{"0":1,"1":0,"2":0,"3":0,"4":0,"5":0,"6":0},"b":{"0":[0,0],"1":[0,0]}}
,"/home/techsavvyash/sweatAndBlood/samagra/cQube/new-cQube/cQube-POCs/impl/c-qube/src/services/viz/viz.service.ts": {"path":"/home/techsavvyash/sweatAndBlood/samagra/cQube/new-cQube/cQube-POCs/impl/c-qube/src/services/viz/viz.service.ts","statementMap":{"0":{"start":{"line":1,"column":0},"end":{"line":1,"column":44}},"1":{"start":{"line":4,"column":7},"end":{"line":24,"column":null}},"2":{"start":{"line":4,"column":13},"end":{"line":24,"column":null}},"3":{"start":{"line":4,"column":13},"end":{"line":4,"column":23}}},"fnMap":{},"branchMap":{},"s":{"0":1,"1":1,"2":1,"3":1},"f":{},"b":{}}
,"/home/techsavvyash/sweatAndBlood/samagra/cQube/new-cQube/cQube-POCs/impl/c-qube/src/types/dimension.ts": {"path":"/home/techsavvyash/sweatAndBlood/samagra/cQube/new-cQube/cQube-POCs/impl/c-qube/src/types/dimension.ts","statementMap":{"0":{"start":{"line":22,"column":13},"end":{"line":22,"column":40}}},"fnMap":{},"branchMap":{},"s":{"0":0},"f":{},"b":{}}
,"/home/techsavvyash/sweatAndBlood/samagra/cQube/new-cQube/cQube-POCs/impl/c-qube/src/types/event.ts": {"path":"/home/techsavvyash/sweatAndBlood/samagra/cQube/new-cQube/cQube-POCs/impl/c-qube/src/types/event.ts","statementMap":{"0":{"start":{"line":4,"column":0},"end":{"line":4,"column":null}},"1":{"start":{"line":5,"column":2},"end":{"line":5,"column":null}}},"fnMap":{"0":{"name":"(anonymous_0)","decl":{"start":{"line":4,"column":0},"end":{"line":4,"column":12}},"loc":{"start":{"line":4,"column":26},"end":{"line":6,"column":1}}}},"branchMap":{"0":{"loc":{"start":{"line":4,"column":12},"end":{"line":4,"column":null}},"type":"binary-expr","locations":[{"start":{"line":4,"column":12},"end":{"line":4,"column":26}},{"start":{"line":4,"column":12},"end":{"line":4,"column":null}}]}},"s":{"0":2,"1":2},"f":{"0":2},"b":{"0":[2,2]}}
,"/home/techsavvyash/sweatAndBlood/samagra/cQube/new-cQube/cQube-POCs/impl/c-qube/src/utils/cli.ts": {"path":"/home/techsavvyash/sweatAndBlood/samagra/cQube/new-cQube/cQube-POCs/impl/c-qube/src/utils/cli.ts","statementMap":{"0":{"start":{"line":1,"column":0},"end":{"line":1,"column":41}},"1":{"start":{"line":2,"column":0},"end":{"line":2,"column":40}},"2":{"start":{"line":5,"column":2},"end":{"line":19,"column":13}},"3":{"start":{"line":4,"column":0},"end":{"line":4,"column":16}}},"fnMap":{"0":{"name":"parseArguments","decl":{"start":{"line":4,"column":16},"end":{"line":4,"column":30}},"loc":{"start":{"line":4,"column":30},"end":{"line":20,"column":1}}}},"branchMap":{},"s":{"0":0,"1":0,"2":0,"3":0},"f":{"0":0},"b":{}}
,"/home/techsavvyash/sweatAndBlood/samagra/cQube/new-cQube/cQube-POCs/impl/c-qube/src/utils/debug.ts": {"path":"/home/techsavvyash/sweatAndBlood/samagra/cQube/new-cQube/cQube-POCs/impl/c-qube/src/utils/debug.ts","statementMap":{"0":{"start":{"line":3,"column":11},"end":{"line":3,"column":24}},"1":{"start":{"line":5,"column":13},"end":{"line":5,"column":28}},"2":{"start":{"line":7,"column":25},"end":{"line":22,"column":1}},"3":{"start":{"line":8,"column":2},"end":{"line":21,"column":null}},"4":{"start":{"line":9,"column":21},"end":{"line":9,"column":42}},"5":{"start":{"line":10,"column":21},"end":{"line":10,"column":60}},"6":{"start":{"line":11,"column":4},"end":{"line":20,"column":6}},"7":{"start":{"line":16,"column":8},"end":{"line":18,"column":null}},"8":{"start":{"line":17,"column":10},"end":{"line":17,"column":34}},"9":{"start":{"line":7,"column":13},"end":{"line":7,"column":25}},"10":{"start":{"line":24,"column":25},"end":{"line":34,"column":1}},"11":{"start":{"line":25,"column":19},"end":{"line":25,"column":58}},"12":{"start":{"line":26,"column":2},"end":{"line":33,"column":5}},"13":{"start":{"line":27,"column":4},"end":{"line":27,"column":23}},"14":{"start":{"line":27,"column":13},"end":{"line":27,"column":23}},"15":{"start":{"line":28,"column":4},"end":{"line":32,"column":null}},"16":{"start":{"line":29,"column":6},"end":{"line":31,"column":9}},"17":{"start":{"line":30,"column":8},"end":{"line":30,"column":27}},"18":{"start":{"line":30,"column":17},"end":{"line":30,"column":27}},"19":{"start":{"line":24,"column":13},"end":{"line":24,"column":25}}},"fnMap":{"0":{"name":"(anonymous_0)","decl":{"start":{"line":7,"column":25},"end":{"line":7,"column":26}},"loc":{"start":{"line":7,"column":37},"end":{"line":22,"column":1}}},"1":{"name":"(anonymous_1)","decl":{"start":{"line":15,"column":6},"end":{"line":15,"column":16}},"loc":{"start":{"line":15,"column":19},"end":{"line":19,"column":7}}},"2":{"name":"(anonymous_2)","decl":{"start":{"line":24,"column":25},"end":{"line":24,"column":28}},"loc":{"start":{"line":24,"column":30},"end":{"line":34,"column":1}}},"3":{"name":"(anonymous_3)","decl":{"start":{"line":26,"column":23},"end":{"line":26,"column":24}},"loc":{"start":{"line":26,"column":38},"end":{"line":33,"column":3}}},"4":{"name":"(anonymous_4)","decl":{"start":{"line":29,"column":43},"end":{"line":29,"column":44}},"loc":{"start":{"line":29,"column":51},"end":{"line":31,"column":7}}}},"branchMap":{"0":{"loc":{"start":{"line":8,"column":2},"end":{"line":21,"column":null}},"type":"if","locations":[{"start":{"line":8,"column":2},"end":{"line":21,"column":null}}]},"1":{"loc":{"start":{"line":16,"column":8},"end":{"line":18,"column":null}},"type":"if","locations":[{"start":{"line":16,"column":8},"end":{"line":18,"column":null}}]},"2":{"loc":{"start":{"line":27,"column":4},"end":{"line":27,"column":23}},"type":"if","locations":[{"start":{"line":27,"column":4},"end":{"line":27,"column":23}}]},"3":{"loc":{"start":{"line":30,"column":8},"end":{"line":30,"column":27}},"type":"if","locations":[{"start":{"line":30,"column":8},"end":{"line":30,"column":27}}]}},"s":{"0":2,"1":2,"2":2,"3":0,"4":0,"5":0,"6":0,"7":0,"8":0,"9":2,"10":2,"11":0,"12":0,"13":0,"14":0,"15":0,"16":0,"17":0,"18":0,"19":2},"f":{"0":0,"1":0,"2":0,"3":0,"4":0},"b":{"0":[0],"1":[0],"2":[0],"3":[0]}}
,"/home/techsavvyash/sweatAndBlood/samagra/cQube/new-cQube/cQube-POCs/impl/c-qube/src/utils/hash.ts": {"path":"/home/techsavvyash/sweatAndBlood/samagra/cQube/new-cQube/cQube-POCs/impl/c-qube/src/utils/hash.ts","statementMap":{"0":{"start":{"line":1,"column":0},"end":{"line":1,"column":33}},"1":{"start":{"line":4,"column":2},"end":{"line":4,"column":67}},"2":{"start":{"line":14,"column":17},"end":{"line":14,"column":42}},"3":{"start":{"line":15,"column":23},"end":{"line":26,"column":4}},"4":{"start":{"line":16,"column":4},"end":{"line":25,"column":null}},"5":{"start":{"line":18,"column":8},"end":{"line":18,"column":20}},"6":{"start":{"line":20,"column":8},"end":{"line":20,"column":19}},"7":{"start":{"line":22,"column":8},"end":{"line":22,"column":18}},"8":{"start":{"line":24,"column":8},"end":{"line":24,"column":21}},"9":{"start":{"line":27,"column":2},"end":{"line":27,"column":22}},"10":{"start":{"line":36,"column":15},"end":{"line":36,"column":39}},"11":{"start":{"line":37,"column":2},"end":{"line":37,"column":21}},"12":{"start":{"line":38,"column":14},"end":{"line":38,"column":27}},"13":{"start":{"line":39,"column":2},"end":{"line":39,"column":13}},"14":{"start":{"line":50,"column":21},"end":{"line":50,"column":48}},"15":{"start":{"line":51,"column":22},"end":{"line":51,"column":53}},"16":{"start":{"line":53,"column":2},"end":{"line":55,"column":null}},"17":{"start":{"line":53,"column":15},"end":{"line":53,"column":16}},"18":{"start":{"line":54,"column":4},"end":{"line":54,"column":57}},"19":{"start":{"line":57,"column":2},"end":{"line":57,"column":21}},"20":{"start":{"line":68,"column":17},"end":{"line":68,"column":40}},"21":{"start":{"line":70,"column":2},"end":{"line":72,"column":null}},"22":{"start":{"line":70,"column":15},"end":{"line":70,"column":16}},"23":{"start":{"line":71,"column":4},"end":{"line":71,"column":39}},"24":{"start":{"line":74,"column":2},"end":{"line":74,"column":16}},"25":{"start":{"line":89,"column":20},"end":{"line":89,"column":22}},"26":{"start":{"line":90,"column":17},"end":{"line":90,"column":38}},"27":{"start":{"line":91,"column":17},"end":{"line":91,"column":46}},"28":{"start":{"line":92,"column":18},"end":{"line":92,"column":44}},"29":{"start":{"line":93,"column":2},"end":{"line":93,"column":29}},"30":{"start":{"line":94,"column":2},"end":{"line":94,"column":17}},"31":{"start":{"line":88,"column":0},"end":{"line":88,"column":16}},"32":{"start":{"line":105,"column":2},"end":{"line":105,"column":28}},"33":{"start":{"line":104,"column":0},"end":{"line":104,"column":16}}},"fnMap":{"0":{"name":"customBase64Encode","decl":{"start":{"line":13,"column":9},"end":{"line":13,"column":27}},"loc":{"start":{"line":13,"column":34},"end":{"line":28,"column":1}}},"1":{"name":"(anonymous_1)","decl":{"start":{"line":15,"column":48},"end":{"line":15,"column":49}},"loc":{"start":{"line":15,"column":58},"end":{"line":26,"column":3}}},"2":{"name":"generateKey","decl":{"start":{"line":35,"column":9},"end":{"line":35,"column":20}},"loc":{"start":{"line":35,"column":26},"end":{"line":40,"column":1}}},"3":{"name":"xorCipher","decl":{"start":{"line":49,"column":9},"end":{"line":49,"column":18}},"loc":{"start":{"line":49,"column":29},"end":{"line":58,"column":1}}},"4":{"name":"foldBuffer","decl":{"start":{"line":67,"column":9},"end":{"line":67,"column":19}},"loc":{"start":{"line":67,"column":37},"end":{"line":75,"column":1}}},"5":{"name":"hash","decl":{"start":{"line":88,"column":16},"end":{"line":88,"column":20}},"loc":{"start":{"line":88,"column":42},"end":{"line":95,"column":1}}},"6":{"name":"unhash","decl":{"start":{"line":104,"column":16},"end":{"line":104,"column":22}},"loc":{"start":{"line":104,"column":41},"end":{"line":106,"column":1}}}},"branchMap":{"0":{"loc":{"start":{"line":16,"column":4},"end":{"line":25,"column":null}},"type":"switch","locations":[{"start":{"line":17,"column":6},"end":{"line":18,"column":20}},{"start":{"line":19,"column":6},"end":{"line":20,"column":19}},{"start":{"line":21,"column":6},"end":{"line":22,"column":18}},{"start":{"line":23,"column":6},"end":{"line":24,"column":21}}]}},"s":{"0":2,"1":2,"2":9990,"3":9990,"4":1527,"5":773,"6":754,"7":0,"8":0,"9":9990,"10":0,"11":0,"12":0,"13":0,"14":9990,"15":9990,"16":9990,"17":9990,"18":99989910,"19":9990,"20":9990,"21":9990,"22":9990,"23":99989910,"24":9990,"25":9990,"26":9990,"27":9990,"28":9990,"29":9990,"30":9990,"31":2,"32":9990,"33":2},"f":{"0":9990,"1":1527,"2":0,"3":9990,"4":9990,"5":9990,"6":9990},"b":{"0":[773,754,0,0]}}
,"/home/techsavvyash/sweatAndBlood/samagra/cQube/new-cQube/cQube-POCs/impl/c-qube/src/utils/retry.ts": {"path":"/home/techsavvyash/sweatAndBlood/samagra/cQube/new-cQube/cQube-POCs/impl/c-qube/src/utils/retry.ts","statementMap":{"0":{"start":{"line":2,"column":2},"end":{"line":6,"column":5}},"1":{"start":{"line":3,"column":4},"end":{"line":5,"column":20}},"2":{"start":{"line":4,"column":6},"end":{"line":4,"column":18}},"3":{"start":{"line":1,"column":0},"end":{"line":1,"column":7}},"4":{"start":{"line":9,"column":2},"end":{"line":19,"column":null}},"5":{"start":{"line":10,"column":16},"end":{"line":10,"column":29}},"6":{"start":{"line":11,"column":4},"end":{"line":11,"column":15}},"7":{"start":{"line":13,"column":4},"end":{"line":15,"column":null}},"8":{"start":{"line":14,"column":6},"end":{"line":14,"column":31}},"9":{"start":{"line":16,"column":4},"end":{"line":16,"column":44}},"10":{"start":{"line":17,"column":4},"end":{"line":17,"column":29}},"11":{"start":{"line":18,"column":4},"end":{"line":18,"column":65}},"12":{"start":{"line":8,"column":0},"end":{"line":8,"column":7}}},"fnMap":{"0":{"name":"waitFor","decl":{"start":{"line":1,"column":22},"end":{"line":1,"column":29}},"loc":{"start":{"line":1,"column":41},"end":{"line":7,"column":1}}},"1":{"name":"(anonymous_1)","decl":{"start":{"line":2,"column":21},"end":{"line":2,"column":22}},"loc":{"start":{"line":2,"column":41},"end":{"line":6,"column":3}}},"2":{"name":"(anonymous_2)","decl":{"start":{"line":3,"column":15},"end":{"line":3,"column":18}},"loc":{"start":{"line":3,"column":20},"end":{"line":5,"column":5}}},"3":{"name":"retryPromiseWithDelay","decl":{"start":{"line":8,"column":22},"end":{"line":8,"column":43}},"loc":{"start":{"line":8,"column":70},"end":{"line":20,"column":1}}}},"branchMap":{"0":{"loc":{"start":{"line":13,"column":4},"end":{"line":15,"column":null}},"type":"if","locations":[{"start":{"line":13,"column":4},"end":{"line":15,"column":null}}]}},"s":{"0":0,"1":0,"2":0,"3":1,"4":0,"5":0,"6":0,"7":0,"8":0,"9":0,"10":0,"11":0,"12":1},"f":{"0":0,"1":0,"2":0,"3":0},"b":{"0":[0]}}
,"/home/techsavvyash/sweatAndBlood/samagra/cQube/new-cQube/cQube-POCs/impl/c-qube/src/utils/runtime.ts": {"path":"/home/techsavvyash/sweatAndBlood/samagra/cQube/new-cQube/cQube-POCs/impl/c-qube/src/utils/runtime.ts","statementMap":{"0":{"start":{"line":4,"column":20},"end":{"line":4,"column":37}},"1":{"start":{"line":5,"column":17},"end":{"line":5,"column":29}},"2":{"start":{"line":6,"column":18},"end":{"line":6,"column":35}},"3":{"start":{"line":8,"column":2},"end":{"line":8,"column":72}},"4":{"start":{"line":9,"column":2},"end":{"line":9,"column":16}},"5":{"start":{"line":1,"column":0},"end":{"line":1,"column":7}}},"fnMap":{"0":{"name":"measureExecutionTime","decl":{"start":{"line":1,"column":22},"end":{"line":1,"column":42}},"loc":{"start":{"line":2,"column":31},"end":{"line":10,"column":1}}}},"branchMap":{},"s":{"0":0,"1":0,"2":0,"3":0,"4":0,"5":0},"f":{"0":0},"b":{}}
}
