TN:
SF:src/app.controller.ts
FN:6,(anonymous_2)
FN:9,(anonymous_3)
FNF:2
FNH:1
FNDA:2,(anonymous_2)
FNDA:0,(anonymous_3)
DA:1,2
DA:2,2
DA:5,2
DA:6,2
DA:8,2
DA:10,0
LF:6
LH:5
BRF:0
BRH:0
end_of_record
TN:
SF:src/app.module.ts
FN:19,(anonymous_1)
FNF:1
FNH:0
FNDA:0,(anonymous_1)
DA:1,0
DA:2,0
DA:3,0
DA:4,0
DA:5,0
DA:6,0
DA:7,0
DA:8,0
DA:9,0
DA:10,0
DA:11,0
DA:12,0
DA:13,0
DA:14,0
DA:15,0
DA:16,0
DA:17,0
DA:18,0
DA:19,0
DA:20,0
DA:57,0
LF:21
LH:0
BRF:0
BRH:0
end_of_record
TN:
SF:src/app.service.ts
FN:6,(anonymous_1)
FN:10,(anonymous_2)
FN:19,(anonymous_3)
FNF:3
FNH:0
FNDA:0,(anonymous_1)
FNDA:0,(anonymous_2)
FNDA:0,(anonymous_3)
DA:1,2
DA:5,2
DA:7,0
LF:3
LH:2
BRF:0
BRH:0
end_of_record
TN:
SF:src/console.ts
FN:9,bootstrap
FN:21,(anonymous_1)
FN:32,(anonymous_2)
FN:40,(anonymous_3)
FN:57,(anonymous_4)
FN:66,(anonymous_5)
FN:74,(anonymous_6)
FNF:7
FNH:0
FNDA:0,bootstrap
FNDA:0,(anonymous_1)
FNDA:0,(anonymous_2)
FNDA:0,(anonymous_3)
FNDA:0,(anonymous_4)
FNDA:0,(anonymous_5)
FNDA:0,(anonymous_6)
DA:1,0
DA:2,0
DA:3,0
DA:4,0
DA:5,0
DA:6,0
DA:7,0
DA:10,0
DA:11,0
DA:12,0
DA:14,0
DA:22,0
DA:23,0
DA:24,0
DA:25,0
DA:26,0
DA:27,0
DA:33,0
DA:41,0
DA:43,0
DA:45,0
DA:46,0
DA:48,0
DA:53,0
DA:54,0
DA:58,0
DA:59,0
DA:60,0
DA:61,0
DA:67,0
DA:75,0
DA:76,0
DA:78,0
DA:79,0
DA:81,0
DA:85,0
DA:86,0
DA:96,0
LF:38
LH:0
BRDA:45,0,0,0
BRDA:45,0,1,0
BRDA:78,1,0,0
BRDA:78,1,1,0
BRF:4
BRH:0
end_of_record
TN:
SF:src/main.ts
FN:4,bootstrap
FNF:1
FNH:0
FNDA:0,bootstrap
DA:1,0
DA:2,0
DA:5,0
DA:6,0
DA:8,0
LF:5
LH:0
BRF:0
BRH:0
end_of_record
TN:
SF:src/prisma.service.ts
FN:6,(anonymous_1)
FN:10,(anonymous_2)
FN:11,(anonymous_3)
FNF:3
FNH:0
FNDA:0,(anonymous_1)
FNDA:0,(anonymous_2)
FNDA:0,(anonymous_3)
DA:1,6
DA:2,6
DA:5,6
DA:7,0
DA:11,0
DA:12,0
LF:6
LH:3
BRF:0
BRH:0
end_of_record
TN:
SF:src/services/csv-adapter/csv-adapter.service.old.ts
FN:55,(anonymous_2)
FN:63,(anonymous_3)
FN:79,(anonymous_4)
FN:94,(anonymous_5)
FN:101,(anonymous_6)
FN:126,(anonymous_7)
FN:130,(anonymous_8)
FN:145,(anonymous_9)
FN:159,(anonymous_10)
FN:186,(anonymous_11)
FN:228,(anonymous_12)
FN:267,(anonymous_13)
FN:280,(anonymous_14)
FN:297,(anonymous_15)
FN:298,(anonymous_16)
FN:321,(anonymous_17)
FN:376,(anonymous_18)
FN:381,(anonymous_19)
FN:392,(anonymous_20)
FN:397,(anonymous_21)
FN:416,(anonymous_22)
FN:427,(anonymous_23)
FN:432,(anonymous_24)
FN:469,(anonymous_25)
FN:519,(anonymous_26)
FN:523,(anonymous_27)
FN:619,(anonymous_28)
FN:633,(anonymous_29)
FN:644,(anonymous_30)
FN:653,(anonymous_31)
FN:677,(anonymous_32)
FN:694,(anonymous_33)
FN:698,(anonymous_34)
FN:726,(anonymous_35)
FN:731,(anonymous_36)
FN:755,(anonymous_37)
FN:757,(anonymous_38)
FN:809,(anonymous_39)
FN:814,(anonymous_40)
FN:834,(anonymous_41)
FN:868,(anonymous_42)
FN:886,(anonymous_43)
FNF:42
FNH:0
FNDA:0,(anonymous_2)
FNDA:0,(anonymous_3)
FNDA:0,(anonymous_4)
FNDA:0,(anonymous_5)
FNDA:0,(anonymous_6)
FNDA:0,(anonymous_7)
FNDA:0,(anonymous_8)
FNDA:0,(anonymous_9)
FNDA:0,(anonymous_10)
FNDA:0,(anonymous_11)
FNDA:0,(anonymous_12)
FNDA:0,(anonymous_13)
FNDA:0,(anonymous_14)
FNDA:0,(anonymous_15)
FNDA:0,(anonymous_16)
FNDA:0,(anonymous_17)
FNDA:0,(anonymous_18)
FNDA:0,(anonymous_19)
FNDA:0,(anonymous_20)
FNDA:0,(anonymous_21)
FNDA:0,(anonymous_22)
FNDA:0,(anonymous_23)
FNDA:0,(anonymous_24)
FNDA:0,(anonymous_25)
FNDA:0,(anonymous_26)
FNDA:0,(anonymous_27)
FNDA:0,(anonymous_28)
FNDA:0,(anonymous_29)
FNDA:0,(anonymous_30)
FNDA:0,(anonymous_31)
FNDA:0,(anonymous_32)
FNDA:0,(anonymous_33)
FNDA:0,(anonymous_34)
FNDA:0,(anonymous_35)
FNDA:0,(anonymous_36)
FNDA:0,(anonymous_37)
FNDA:0,(anonymous_38)
FNDA:0,(anonymous_39)
FNDA:0,(anonymous_40)
FNDA:0,(anonymous_41)
FNDA:0,(anonymous_42)
FNDA:0,(anonymous_43)
DA:1,0
DA:4,0
DA:6,0
DA:7,0
DA:8,0
DA:9,0
DA:15,0
DA:18,0
DA:19,0
DA:20,0
DA:21,0
DA:22,0
DA:23,0
DA:24,0
DA:29,0
DA:33,0
DA:37,0
DA:44,0
DA:45,0
DA:46,0
DA:47,0
DA:48,0
DA:49,0
DA:50,0
DA:53,0
DA:54,0
DA:56,0
DA:57,0
DA:58,0
DA:59,0
DA:60,0
DA:69,0
DA:73,0
DA:76,0
DA:78,0
DA:80,0
DA:86,0
DA:90,0
DA:93,0
DA:95,0
DA:100,0
DA:101,0
DA:104,0
DA:107,0
DA:114,0
DA:118,0
DA:125,0
DA:126,0
DA:129,0
DA:130,0
DA:134,0
DA:143,0
DA:146,0
DA:159,0
DA:167,0
DA:174,0
DA:181,0
DA:183,0
DA:191,0
DA:192,0
DA:193,0
DA:194,0
DA:195,0
DA:196,0
DA:203,0
DA:221,0
DA:225,0
DA:232,0
DA:233,0
DA:234,0
DA:235,0
DA:236,0
DA:261,0
DA:264,0
DA:271,0
DA:274,0
DA:275,0
DA:281,0
DA:287,0
DA:294,0
DA:298,0
DA:299,0
DA:322,0
DA:323,0
DA:324,0
DA:325,0
DA:327,0
DA:330,0
DA:331,0
DA:332,0
DA:335,0
DA:336,0
DA:337,0
DA:349,0
DA:350,0
DA:351,0
DA:352,0
DA:353,0
DA:354,0
DA:355,0
DA:358,0
DA:360,0
DA:362,0
DA:365,0
DA:369,0
DA:373,0
DA:374,0
DA:382,0
DA:390,0
DA:398,0
DA:399,0
DA:407,0
DA:412,0
DA:417,0
DA:418,0
DA:419,0
DA:421,0
DA:433,0
DA:439,0
DA:440,0
DA:445,0
DA:446,0
DA:447,0
DA:448,0
DA:450,0
DA:451,0
DA:454,0
DA:456,0
DA:459,0
DA:464,0
DA:465,0
DA:466,0
DA:467,0
DA:470,0
DA:473,0
DA:474,0
DA:479,0
DA:481,0
DA:485,0
DA:490,0
DA:494,0
DA:498,0
DA:499,0
DA:500,0
DA:501,0
DA:503,0
DA:504,0
DA:505,0
DA:506,0
DA:508,0
DA:511,0
DA:512,0
DA:516,0
DA:519,0
DA:521,0
DA:523,0
DA:531,0
DA:535,0
DA:536,0
DA:537,0
DA:538,0
DA:539,0
DA:543,0
DA:544,0
DA:546,0
DA:550,0
DA:551,0
DA:552,0
DA:556,0
DA:558,0
DA:559,0
DA:563,0
DA:570,0
DA:571,0
DA:572,0
DA:579,0
DA:581,0
DA:582,0
DA:583,0
DA:587,0
DA:589,0
DA:590,0
DA:594,0
DA:603,0
DA:604,0
DA:605,0
DA:615,0
DA:617,0
DA:619,0
DA:632,0
DA:634,0
DA:643,0
DA:645,0
DA:649,0
DA:660,0
DA:662,0
DA:663,0
DA:664,0
DA:668,0
DA:669,0
DA:670,0
DA:671,0
DA:673,0
DA:674,0
DA:677,0
DA:686,0
DA:688,0
DA:690,0
DA:693,0
DA:695,0
DA:699,0
DA:702,0
DA:707,0
DA:714,0
DA:715,0
DA:717,0
DA:723,0
DA:724,0
DA:727,0
DA:732,0
DA:738,0
DA:742,0
DA:750,0
DA:753,0
DA:754,0
DA:756,0
DA:763,0
DA:764,0
DA:777,0
DA:786,0
DA:791,0
DA:797,0
DA:799,0
DA:807,0
DA:810,0
DA:815,0
DA:820,0
DA:830,0
DA:835,0
DA:836,0
DA:839,0
DA:842,0
DA:846,0
DA:849,0
DA:850,0
DA:851,0
DA:852,0
DA:855,0
DA:858,0
DA:859,0
DA:860,0
DA:861,0
DA:864,0
DA:869,0
DA:870,0
DA:871,0
DA:873,0
DA:879,0
DA:880,0
DA:881,0
DA:882,0
DA:883,0
DA:884,0
DA:886,0
DA:887,0
DA:890,0
LF:266
LH:0
BRDA:80,0,0,0
BRDA:80,0,1,0
BRDA:80,0,2,0
BRDA:352,1,0,0
BRDA:352,1,1,0
BRDA:352,2,0,0
BRDA:352,2,1,0
BRDA:352,3,0,0
BRDA:352,3,1,0
BRDA:352,4,0,0
BRDA:352,4,1,0
BRDA:355,5,0,0
BRDA:355,5,1,0
BRDA:355,6,0,0
BRDA:355,6,1,0
BRDA:358,7,0,0
BRDA:447,8,0,0
BRDA:447,8,1,0
BRDA:447,9,0,0
BRDA:447,9,1,0
BRDA:448,10,0,0
BRDA:448,10,1,0
BRDA:448,11,0,0
BRDA:448,11,1,0
BRDA:448,12,0,0
BRDA:448,12,1,0
BRDA:448,13,0,0
BRDA:448,13,1,0
BRDA:450,14,0,0
BRDA:450,14,1,0
BRDA:450,15,0,0
BRDA:450,15,1,0
BRDA:451,16,0,0
BRDA:454,17,0,0
BRDA:454,17,1,0
BRDA:454,18,0,0
BRDA:454,18,1,0
BRDA:454,19,0,0
BRDA:454,19,1,0
BRDA:454,20,0,0
BRDA:454,20,1,0
BRDA:462,21,0,0
BRDA:462,21,1,0
BRDA:462,22,0,0
BRDA:462,22,1,0
BRDA:473,23,0,0
BRDA:473,23,1,0
BRDA:499,24,0,0
BRDA:499,24,1,0
BRDA:499,25,0,0
BRDA:499,25,1,0
BRDA:500,26,0,0
BRDA:500,26,1,0
BRDA:500,27,0,0
BRDA:500,27,1,0
BRDA:500,28,0,0
BRDA:500,28,1,0
BRDA:500,29,0,0
BRDA:500,29,1,0
BRDA:501,30,0,0
BRDA:501,30,1,0
BRDA:501,31,0,0
BRDA:501,31,1,0
BRDA:508,32,0,0
BRDA:511,33,0,0
BRDA:511,33,1,0
BRDA:511,34,0,0
BRDA:511,34,1,0
BRDA:511,35,0,0
BRDA:511,35,1,0
BRDA:511,36,0,0
BRDA:511,36,1,0
BRDA:521,37,0,0
BRDA:535,38,0,0
BRDA:543,39,0,0
BRDA:543,39,1,0
BRDA:696,40,0,0
BRDA:696,40,1,0
BRDA:696,41,0,0
BRDA:696,41,1,0
BRDA:696,42,0,0
BRDA:696,42,1,0
BRDA:696,43,0,0
BRDA:696,43,1,0
BRDA:715,44,0,0
BRDA:723,45,0,0
BRDA:723,45,1,0
BRDA:797,46,0,0
BRDA:797,46,1,0
BRF:89
BRH:0
end_of_record
TN:
SF:src/services/csv-adapter/csv-adapter.service.ts
FN:50,(anonymous_2)
FN:58,(anonymous_3)
FN:117,(anonymous_4)
FN:122,(anonymous_5)
FN:133,(anonymous_6)
FN:138,(anonymous_7)
FN:157,(anonymous_8)
FN:168,(anonymous_9)
FN:173,(anonymous_10)
FN:213,(anonymous_11)
FN:252,(anonymous_12)
FN:265,(anonymous_13)
FN:266,(anonymous_14)
FN:270,(anonymous_15)
FN:366,(anonymous_16)
FN:380,(anonymous_17)
FN:398,(anonymous_18)
FN:423,(anonymous_19)
FN:449,(anonymous_20)
FN:454,(anonymous_21)
FN:482,(anonymous_22)
FN:487,(anonymous_23)
FN:511,(anonymous_24)
FN:513,(anonymous_25)
FN:565,(anonymous_26)
FN:570,(anonymous_27)
FN:590,(anonymous_28)
FN:624,(anonymous_29)
FN:642,(anonymous_30)
FNF:29
FNH:1
FNDA:4,(anonymous_2)
FNDA:0,(anonymous_3)
FNDA:0,(anonymous_4)
FNDA:0,(anonymous_5)
FNDA:0,(anonymous_6)
FNDA:0,(anonymous_7)
FNDA:0,(anonymous_8)
FNDA:0,(anonymous_9)
FNDA:0,(anonymous_10)
FNDA:0,(anonymous_11)
FNDA:0,(anonymous_12)
FNDA:0,(anonymous_13)
FNDA:0,(anonymous_14)
FNDA:0,(anonymous_15)
FNDA:0,(anonymous_16)
FNDA:0,(anonymous_17)
FNDA:0,(anonymous_18)
FNDA:0,(anonymous_19)
FNDA:0,(anonymous_20)
FNDA:0,(anonymous_21)
FNDA:0,(anonymous_22)
FNDA:0,(anonymous_23)
FNDA:0,(anonymous_24)
FNDA:0,(anonymous_25)
FNDA:0,(anonymous_26)
FNDA:0,(anonymous_27)
FNDA:0,(anonymous_28)
FNDA:0,(anonymous_29)
FNDA:0,(anonymous_30)
DA:1,1
DA:3,1
DA:5,1
DA:6,1
DA:7,1
DA:8,1
DA:10,1
DA:13,1
DA:14,1
DA:15,1
DA:16,1
DA:17,1
DA:18,1
DA:19,1
DA:24,1
DA:28,1
DA:32,1
DA:39,1
DA:40,1
DA:41,1
DA:42,1
DA:43,1
DA:44,1
DA:45,1
DA:48,1
DA:49,4
DA:51,4
DA:52,4
DA:53,4
DA:54,4
DA:55,4
DA:62,0
DA:63,0
DA:64,0
DA:65,0
DA:67,0
DA:70,0
DA:72,0
DA:75,0
DA:76,0
DA:77,0
DA:89,0
DA:90,0
DA:91,0
DA:92,0
DA:93,0
DA:94,0
DA:95,0
DA:98,0
DA:100,0
DA:102,0
DA:105,0
DA:110,0
DA:114,0
DA:115,0
DA:123,0
DA:131,0
DA:139,0
DA:140,0
DA:148,0
DA:153,0
DA:158,0
DA:159,0
DA:160,0
DA:162,0
DA:174,0
DA:180,0
DA:181,0
DA:186,0
DA:187,0
DA:188,0
DA:189,0
DA:190,0
DA:192,0
DA:193,0
DA:196,0
DA:198,0
DA:201,0
DA:208,0
DA:209,0
DA:210,0
DA:211,0
DA:214,0
DA:217,0
DA:218,0
DA:223,0
DA:225,0
DA:229,0
DA:234,0
DA:238,0
DA:242,0
DA:243,0
DA:244,0
DA:245,0
DA:247,0
DA:248,0
DA:249,0
DA:250,0
DA:252,0
DA:254,0
DA:257,0
DA:258,0
DA:262,0
DA:265,0
DA:266,0
DA:268,0
DA:270,0
DA:278,0
DA:282,0
DA:283,0
DA:284,0
DA:285,0
DA:286,0
DA:290,0
DA:291,0
DA:293,0
DA:297,0
DA:298,0
DA:299,0
DA:303,0
DA:305,0
DA:306,0
DA:310,0
DA:317,0
DA:318,0
DA:319,0
DA:326,0
DA:328,0
DA:329,0
DA:330,0
DA:334,0
DA:336,0
DA:337,0
DA:341,0
DA:350,0
DA:351,0
DA:352,0
DA:362,0
DA:364,0
DA:366,0
DA:379,0
DA:381,0
DA:390,0
DA:391,0
DA:394,0
DA:405,0
DA:408,0
DA:409,0
DA:410,0
DA:414,0
DA:415,0
DA:416,0
DA:417,0
DA:419,0
DA:420,0
DA:423,0
DA:432,0
DA:434,0
DA:436,0
DA:448,0
DA:450,0
DA:455,0
DA:458,0
DA:463,0
DA:470,0
DA:471,0
DA:473,0
DA:479,0
DA:480,0
DA:483,0
DA:488,0
DA:494,0
DA:498,0
DA:506,0
DA:509,0
DA:510,0
DA:512,0
DA:519,0
DA:520,0
DA:533,0
DA:542,0
DA:547,0
DA:553,0
DA:555,0
DA:563,0
DA:566,0
DA:571,0
DA:576,0
DA:586,0
DA:591,0
DA:592,0
DA:595,0
DA:598,0
DA:602,0
DA:605,0
DA:606,0
DA:607,0
DA:608,0
DA:611,0
DA:614,0
DA:615,0
DA:616,0
DA:617,0
DA:620,0
DA:625,0
DA:626,0
DA:627,0
DA:629,0
DA:635,0
DA:636,0
DA:637,0
DA:638,0
DA:639,0
DA:640,0
DA:642,0
DA:643,0
DA:646,0
LF:217
LH:31
BRDA:59,0,0,0
BRDA:60,1,0,0
BRDA:92,2,0,0
BRDA:92,2,1,0
BRDA:92,3,0,0
BRDA:92,3,1,0
BRDA:92,4,0,0
BRDA:92,4,1,0
BRDA:92,5,0,0
BRDA:92,5,1,0
BRDA:95,6,0,0
BRDA:95,6,1,0
BRDA:95,7,0,0
BRDA:95,7,1,0
BRDA:98,8,0,0
BRDA:188,9,0,0
BRDA:188,9,1,0
BRDA:188,10,0,0
BRDA:188,10,1,0
BRDA:189,11,0,0
BRDA:189,11,1,0
BRDA:189,12,0,0
BRDA:189,12,1,0
BRDA:189,13,0,0
BRDA:189,13,1,0
BRDA:189,14,0,0
BRDA:189,14,1,0
BRDA:190,15,0,0
BRDA:190,15,1,0
BRDA:190,16,0,0
BRDA:190,16,1,0
BRDA:192,17,0,0
BRDA:192,17,1,0
BRDA:192,18,0,0
BRDA:192,18,1,0
BRDA:193,19,0,0
BRDA:196,20,0,0
BRDA:196,20,1,0
BRDA:196,21,0,0
BRDA:196,21,1,0
BRDA:196,22,0,0
BRDA:196,22,1,0
BRDA:196,23,0,0
BRDA:196,23,1,0
BRDA:204,24,0,0
BRDA:204,24,1,0
BRDA:204,25,0,0
BRDA:204,25,1,0
BRDA:205,26,0,0
BRDA:205,26,1,0
BRDA:205,27,0,0
BRDA:205,27,1,0
BRDA:205,28,0,0
BRDA:205,28,1,0
BRDA:205,29,0,0
BRDA:205,29,1,0
BRDA:205,30,0,0
BRDA:205,30,1,0
BRDA:205,31,0,0
BRDA:205,31,1,0
BRDA:217,32,0,0
BRDA:217,32,1,0
BRDA:243,33,0,0
BRDA:243,33,1,0
BRDA:243,34,0,0
BRDA:243,34,1,0
BRDA:244,35,0,0
BRDA:244,35,1,0
BRDA:244,36,0,0
BRDA:244,36,1,0
BRDA:244,37,0,0
BRDA:244,37,1,0
BRDA:244,38,0,0
BRDA:244,38,1,0
BRDA:245,39,0,0
BRDA:245,39,1,0
BRDA:245,40,0,0
BRDA:245,40,1,0
BRDA:254,41,0,0
BRDA:257,42,0,0
BRDA:257,42,1,0
BRDA:257,43,0,0
BRDA:257,43,1,0
BRDA:257,44,0,0
BRDA:257,44,1,0
BRDA:257,45,0,0
BRDA:257,45,1,0
BRDA:268,46,0,0
BRDA:282,47,0,0
BRDA:290,48,0,0
BRDA:290,48,1,0
BRDA:398,49,0,0
BRDA:451,50,0,0
BRDA:451,50,1,0
BRDA:451,51,0,0
BRDA:451,51,1,0
BRDA:451,52,0,0
BRDA:451,52,1,0
BRDA:451,53,0,0
BRDA:451,53,1,0
BRDA:471,54,0,0
BRDA:471,55,0,0
BRDA:471,55,1,0
BRDA:479,56,0,0
BRDA:479,56,1,0
BRDA:553,57,0,0
BRDA:553,57,1,0
BRDA:553,58,0,0
BRDA:553,58,1,0
BRF:109
BRH:0
end_of_record
TN:
SF:src/services/csv-adapter/csv-adapter.utils.ts
FN:4,getDGDefsFromEGDefs
FN:6,(anonymous_1)
FN:10,isTimeDimensionPresent
FNF:3
FNH:2
FNDA:1,getDGDefsFromEGDefs
FNDA:5,(anonymous_1)
FNDA:0,isTimeDimensionPresent
DA:1,2
DA:2,2
DA:4,2
DA:5,1
DA:6,5
DA:10,2
DA:16,0
DA:19,0
DA:20,0
DA:21,0
DA:23,0
LF:11
LH:6
BRDA:20,0,0,0
BRDA:20,0,1,0
BRF:2
BRH:0
end_of_record
TN:
SF:src/services/csv-adapter/parser/dataset/dataset-grammar.helper.ts
FN:7,(anonymous_0)
FN:15,(anonymous_1)
FN:16,(anonymous_2)
FN:17,(anonymous_3)
FN:21,(anonymous_4)
FN:27,(anonymous_5)
FN:39,(anonymous_6)
FN:99,(anonymous_7)
FN:108,(anonymous_8)
FN:109,(anonymous_9)
FN:110,(anonymous_10)
FN:118,(anonymous_11)
FN:178,(anonymous_12)
FN:201,(anonymous_13)
FNF:14
FNH:0
FNDA:0,(anonymous_0)
FNDA:0,(anonymous_1)
FNDA:0,(anonymous_2)
FNDA:0,(anonymous_3)
FNDA:0,(anonymous_4)
FNDA:0,(anonymous_5)
FNDA:0,(anonymous_6)
FNDA:0,(anonymous_7)
FNDA:0,(anonymous_8)
FNDA:0,(anonymous_9)
FNDA:0,(anonymous_10)
FNDA:0,(anonymous_11)
FNDA:0,(anonymous_12)
FNDA:0,(anonymous_13)
DA:2,1
DA:4,1
DA:5,1
DA:7,1
DA:11,0
DA:14,0
DA:15,0
DA:16,0
DA:17,0
DA:19,0
DA:20,0
DA:21,0
DA:22,0
DA:23,0
DA:26,0
DA:27,0
DA:28,0
DA:33,0
DA:34,0
DA:37,0
DA:39,0
DA:40,0
DA:44,0
DA:47,0
DA:50,0
DA:53,0
DA:58,0
DA:60,0
DA:62,0
DA:63,0
DA:64,0
DA:65,0
DA:66,0
DA:69,0
DA:72,0
DA:73,0
DA:74,0
DA:75,0
DA:76,0
DA:77,0
DA:78,0
DA:79,0
DA:80,0
DA:81,0
DA:82,0
DA:83,0
DA:86,0
DA:88,0
DA:92,0
DA:99,1
DA:104,0
DA:107,0
DA:108,0
DA:109,0
DA:110,0
DA:112,0
DA:114,0
DA:116,0
DA:118,0
DA:119,0
DA:123,0
DA:126,0
DA:129,0
DA:132,0
DA:137,0
DA:139,0
DA:141,0
DA:142,0
DA:143,0
DA:144,0
DA:145,0
DA:148,0
DA:151,0
DA:152,0
DA:153,0
DA:154,0
DA:155,0
DA:156,0
DA:157,0
DA:158,0
DA:159,0
DA:160,0
DA:161,0
DA:162,0
DA:165,0
DA:167,0
DA:171,0
DA:178,1
DA:183,0
DA:184,0
DA:185,0
DA:186,0
DA:187,0
DA:188,0
DA:189,0
DA:190,0
DA:193,0
DA:194,0
DA:195,0
DA:196,0
DA:199,0
DA:200,0
DA:201,0
DA:202,0
DA:206,0
DA:207,0
DA:209,0
DA:212,0
DA:217,0
DA:218,0
DA:220,0
DA:221,0
DA:222,0
DA:223,0
DA:224,0
DA:227,0
DA:229,0
DA:230,0
DA:232,0
DA:233,0
DA:234,0
DA:235,0
DA:236,0
DA:237,0
DA:238,0
DA:239,0
DA:240,0
DA:241,0
DA:242,0
DA:243,0
DA:246,0
DA:248,0
DA:251,0
LF:133
LH:6
BRDA:22,0,0,0
BRDA:37,1,0,0
BRDA:37,2,0,0
BRDA:37,2,1,0
BRDA:72,3,0,0
BRDA:74,4,0,0
BRDA:74,4,1,0
BRDA:76,5,0,0
BRDA:76,5,1,0
BRDA:79,6,0,0
BRDA:79,6,1,0
BRDA:82,7,0,0
BRDA:102,8,0,0
BRDA:112,9,0,0
BRDA:116,10,0,0
BRDA:116,11,0,0
BRDA:116,11,1,0
BRDA:151,12,0,0
BRDA:153,13,0,0
BRDA:153,13,1,0
BRDA:155,14,0,0
BRDA:155,14,1,0
BRDA:158,15,0,0
BRDA:158,15,1,0
BRDA:161,16,0,0
BRDA:194,17,0,0
BRDA:200,18,0,0
BRDA:200,19,0,0
BRDA:200,19,1,0
BRDA:207,20,0,0
BRDA:232,21,0,0
BRDA:234,22,0,0
BRDA:234,22,1,0
BRDA:236,23,0,0
BRDA:236,23,1,0
BRDA:239,24,0,0
BRDA:239,24,1,0
BRDA:242,25,0,0
BRF:38
BRH:0
end_of_record
TN:
SF:src/services/csv-adapter/parser/dataset/dataset-grammar.service.ts
FN:12,(anonymous_0)
FN:35,(anonymous_1)
FN:53,(anonymous_2)
FN:90,(anonymous_3)
FN:104,(anonymous_4)
FN:127,(anonymous_5)
FN:180,(anonymous_6)
FN:194,(anonymous_7)
FN:211,(anonymous_8)
FN:240,(anonymous_9)
FN:304,(anonymous_10)
FN:320,(anonymous_11)
FN:344,(anonymous_12)
FN:384,(anonymous_13)
FNF:14
FNH:0
FNDA:0,(anonymous_0)
FNDA:0,(anonymous_1)
FNDA:0,(anonymous_2)
FNDA:0,(anonymous_3)
FNDA:0,(anonymous_4)
FNDA:0,(anonymous_5)
FNDA:0,(anonymous_6)
FNDA:0,(anonymous_7)
FNDA:0,(anonymous_8)
FNDA:0,(anonymous_9)
FNDA:0,(anonymous_10)
FNDA:0,(anonymous_11)
FNDA:0,(anonymous_12)
FNDA:0,(anonymous_13)
DA:8,1
DA:9,1
DA:10,1
DA:12,1
DA:17,0
DA:19,0
DA:20,0
DA:22,0
DA:28,0
DA:32,0
DA:35,1
DA:39,0
DA:41,0
DA:43,0
DA:47,0
DA:50,0
DA:53,1
DA:57,0
DA:58,0
DA:61,0
DA:63,0
DA:64,0
DA:91,0
DA:101,0
DA:104,1
DA:108,0
DA:114,0
DA:115,0
DA:116,0
DA:121,0
DA:124,0
DA:127,1
DA:133,0
DA:134,0
DA:137,0
DA:140,0
DA:143,0
DA:150,0
DA:181,0
DA:191,0
DA:194,1
DA:200,0
DA:201,0
DA:205,0
DA:208,0
DA:211,1
DA:219,0
DA:220,0
DA:226,0
DA:227,0
DA:228,0
DA:229,0
DA:231,0
DA:236,0
DA:237,0
DA:238,0
DA:239,0
DA:240,0
DA:242,0
DA:249,0
DA:252,0
DA:256,0
DA:260,0
DA:265,0
DA:270,0
DA:278,0
DA:284,0
DA:305,0
DA:315,0
DA:317,0
DA:320,1
DA:327,0
DA:328,0
DA:334,0
DA:335,0
DA:336,0
DA:337,0
DA:339,0
DA:340,0
DA:341,0
DA:342,0
DA:343,0
DA:344,0
DA:346,0
DA:353,0
DA:356,0
DA:360,0
DA:367,0
DA:385,0
DA:395,0
DA:397,0
LF:91
LH:11
BRDA:63,0,0,0
BRDA:63,0,1,0
BRDA:63,1,0,0
BRDA:63,1,1,0
BRDA:90,2,0,0
BRDA:90,2,1,0
BRDA:90,3,0,0
BRDA:90,3,1,0
BRDA:116,4,0,0
BRDA:117,5,0,0
BRDA:117,5,1,0
BRDA:141,6,0,0
BRDA:141,6,1,0
BRDA:141,7,0,0
BRDA:141,7,1,0
BRDA:158,8,0,0
BRDA:158,8,1,0
BRDA:180,9,0,0
BRDA:180,9,1,0
BRDA:180,10,0,0
BRDA:180,10,1,0
BRDA:201,11,0,0
BRDA:202,12,0,0
BRDA:202,12,1,0
BRDA:238,13,0,0
BRDA:265,14,0,0
BRDA:266,15,0,0
BRDA:266,15,1,0
BRDA:266,15,2,0
BRDA:342,16,0,0
BRDA:384,17,0,0
BRDA:384,17,1,0
BRDA:384,18,0,0
BRDA:384,18,1,0
BRF:34
BRH:0
end_of_record
TN:
SF:src/services/csv-adapter/parser/dimension-grammar/dimension-grammar.helpers.ts
FN:5,(anonymous_0)
FN:10,(anonymous_1)
FN:31,(anonymous_2)
FN:35,(anonymous_3)
FN:43,(anonymous_4)
FN:49,(anonymous_5)
FN:50,(anonymous_6)
FN:51,(anonymous_7)
FN:51,(anonymous_8)
FN:56,(anonymous_9)
FN:57,(anonymous_10)
FN:59,(anonymous_11)
FN:65,(anonymous_12)
FN:96,(anonymous_13)
FN:102,(anonymous_14)
FN:124,(anonymous_15)
FNF:16
FNH:12
FNDA:0,(anonymous_0)
FNDA:0,(anonymous_1)
FNDA:3,(anonymous_2)
FNDA:3,(anonymous_3)
FNDA:30,(anonymous_4)
FNDA:30,(anonymous_5)
FNDA:30,(anonymous_6)
FNDA:0,(anonymous_7)
FNDA:0,(anonymous_8)
FNDA:3,(anonymous_9)
FNDA:33,(anonymous_10)
FNDA:363,(anonymous_11)
FNDA:4,(anonymous_12)
FNDA:1,(anonymous_13)
FNDA:4,(anonymous_14)
FNDA:1,(anonymous_15)
DA:2,3
DA:3,3
DA:5,3
DA:9,0
DA:10,0
DA:12,0
DA:13,0
DA:14,0
DA:17,0
DA:18,0
DA:19,0
DA:21,0
DA:28,0
DA:31,3
DA:32,3
DA:35,3
DA:40,3
DA:43,30
DA:47,3
DA:49,30
DA:50,30
DA:51,0
DA:53,3
DA:56,3
DA:57,3
DA:58,33
DA:59,363
DA:65,3
DA:70,4
DA:72,4
DA:73,4
DA:74,3
DA:84,3
DA:92,1
DA:96,3
DA:102,1
DA:103,4
DA:107,4
DA:110,1
DA:124,1
LF:40
LH:29
BRDA:7,0,0,0
BRDA:12,1,0,0
BRDA:49,2,0,0
BRDA:49,2,1,30
BRDA:85,3,0,3
BRDA:85,3,1,3
BRDA:85,3,2,3
BRDA:85,3,3,3
BRDA:85,3,4,2
BRDA:105,4,0,4
BRDA:105,4,1,3
BRF:11
BRH:8
end_of_record
TN:
SF:src/services/csv-adapter/parser/dimension-grammar/dimension-grammar.service.ts
FN:13,(anonymous_1)
FN:15,(anonymous_2)
FN:19,(anonymous_3)
FN:42,(anonymous_4)
FN:72,(anonymous_5)
FNF:5
FNH:4
FNDA:12,(anonymous_1)
FNDA:4,(anonymous_2)
FNDA:10,(anonymous_3)
FNDA:3,(anonymous_4)
FNDA:0,(anonymous_5)
DA:1,2
DA:2,2
DA:3,2
DA:13,2
DA:14,12
DA:18,4
DA:19,10
DA:21,4
DA:22,2
DA:25,2
DA:28,2
DA:29,2
DA:30,2
DA:32,2
DA:39,2
DA:48,3
DA:49,3
DA:50,24
DA:58,3
DA:72,0
LF:20
LH:19
BRDA:21,0,0,2
BRDA:53,1,0,24
BRDA:53,1,1,24
BRF:3
BRH:3
end_of_record
TN:
SF:src/services/csv-adapter/parser/event-grammar/event-grammar.helpers.ts
FN:11,(anonymous_0)
FN:28,(anonymous_1)
FN:35,(anonymous_2)
FN:39,(anonymous_3)
FN:40,(anonymous_4)
FN:40,(anonymous_5)
FN:43,(anonymous_6)
FN:45,(anonymous_7)
FN:59,(anonymous_8)
FN:90,(anonymous_9)
FN:95,(anonymous_10)
FN:108,(anonymous_11)
FN:125,(anonymous_12)
FN:133,(anonymous_13)
FN:138,(anonymous_14)
FNF:15
FNH:15
FNDA:2,(anonymous_0)
FNDA:8,(anonymous_1)
FNDA:8,(anonymous_2)
FNDA:8,(anonymous_3)
FNDA:2,(anonymous_4)
FNDA:8,(anonymous_5)
FNDA:8,(anonymous_6)
FNDA:40,(anonymous_7)
FNDA:2,(anonymous_8)
FNDA:2,(anonymous_9)
FNDA:2,(anonymous_10)
FNDA:8,(anonymous_11)
FNDA:2,(anonymous_12)
FNDA:9,(anonymous_13)
FNDA:4,(anonymous_14)
DA:8,2
DA:9,2
DA:11,2
DA:15,2
DA:19,2
DA:26,2
DA:28,8
DA:30,2
DA:33,2
DA:36,8
DA:37,6
DA:39,8
DA:40,8
DA:43,2
DA:44,8
DA:45,40
DA:50,2
DA:56,2
DA:59,2
DA:66,2
DA:67,2
DA:68,8
DA:76,2
DA:90,2
DA:95,2
DA:108,2
DA:109,8
DA:125,2
DA:130,2
DA:133,9
DA:138,2
DA:139,4
DA:140,4
DA:141,11
DA:143,3
DA:147,3
DA:149,8
DA:155,4
LF:38
LH:38
BRDA:36,0,0,2
BRDA:36,0,1,6
BRDA:71,1,0,8
BRDA:71,1,1,6
BRDA:111,2,0,3
BRDA:111,2,1,5
BRDA:115,3,0,3
BRDA:115,3,1,5
BRDA:141,4,0,3
BRDA:141,4,1,8
BRF:10
BRH:10
end_of_record
TN:
SF:src/services/csv-adapter/parser/event-grammar/event-grammar.service.ts
FN:19,getEGDefFromFile
FN:42,(anonymous_1)
FN:75,(anonymous_2)
FN:76,(anonymous_3)
FN:112,(anonymous_4)
FNF:5
FNH:5
FNDA:1,getEGDefFromFile
FNDA:1,(anonymous_1)
FNDA:10,(anonymous_2)
FNDA:4,(anonymous_3)
FNDA:2,(anonymous_4)
DA:1,2
DA:2,2
DA:3,2
DA:11,2
DA:17,2
DA:19,2
DA:26,1
DA:29,1
DA:37,1
DA:39,1
DA:42,2
DA:48,1
DA:56,1
DA:59,1
DA:61,1
DA:62,3
DA:63,1
DA:64,2
DA:67,2
DA:74,2
DA:75,10
DA:77,4
DA:82,2
DA:90,2
DA:98,2
DA:106,2
DA:109,1
DA:112,2
DA:119,2
DA:122,2
DA:146,2
LF:31
LH:31
BRDA:62,0,0,1
BRDA:62,1,0,3
BRDA:62,1,1,3
BRF:3
BRH:3
end_of_record
TN:
SF:src/services/csv-adapter/parser/update-diff/update-diff.service.ts
FN:5,(anonymous_0)
FN:15,(anonymous_1)
FN:16,(anonymous_2)
FN:21,(anonymous_3)
FN:22,(anonymous_4)
FN:30,(anonymous_5)
FN:51,(anonymous_6)
FN:56,(anonymous_7)
FN:58,(anonymous_8)
FN:60,(anonymous_9)
FNF:10
FNH:0
FNDA:0,(anonymous_0)
FNDA:0,(anonymous_1)
FNDA:0,(anonymous_2)
FNDA:0,(anonymous_3)
FNDA:0,(anonymous_4)
FNDA:0,(anonymous_5)
FNDA:0,(anonymous_6)
FNDA:0,(anonymous_7)
FNDA:0,(anonymous_8)
FNDA:0,(anonymous_9)
DA:1,1
DA:2,1
DA:4,1
DA:12,0
DA:15,0
DA:16,0
DA:18,0
DA:21,0
DA:22,0
DA:24,0
DA:25,0
DA:28,0
DA:30,0
DA:32,0
DA:33,0
DA:34,0
DA:36,0
DA:40,0
DA:45,0
DA:46,0
DA:47,0
DA:48,0
DA:49,0
DA:51,0
DA:52,0
DA:56,0
DA:57,0
DA:58,0
DA:59,0
DA:60,0
DA:61,0
DA:62,0
DA:64,0
DA:67,0
DA:72,0
DA:74,0
DA:78,0
DA:80,0
LF:38
LH:3
BRDA:28,0,0,0
BRDA:33,1,0,0
BRDA:33,1,1,0
BRDA:46,2,0,0
BRDA:52,3,0,0
BRDA:61,4,0,0
BRDA:61,4,1,0
BRDA:72,5,0,0
BRDA:72,5,1,0
BRDA:72,6,0,0
BRDA:72,6,1,0
BRDA:74,7,0,0
BRDA:74,7,1,0
BRF:13
BRH:0
end_of_record
TN:
SF:src/services/csv-adapter/parser/utils/csvcleaner.ts
FN:6,processCsv
FN:7,(anonymous_1)
FN:18,(anonymous_2)
FN:29,(anonymous_3)
FN:34,(anonymous_4)
FN:39,(anonymous_5)
FN:45,processSleep
FN:46,(anonymous_7)
FN:49,removeEmptyLines
FN:58,(anonymous_9)
FN:70,getFilesInDirectory
FNF:11
FNH:3
FNDA:0,processCsv
FNDA:0,(anonymous_1)
FNDA:0,(anonymous_2)
FNDA:0,(anonymous_3)
FNDA:0,(anonymous_4)
FNDA:0,(anonymous_5)
FNDA:0,processSleep
FNDA:0,(anonymous_7)
FNDA:1,removeEmptyLines
FNDA:24,(anonymous_9)
FNDA:1,getFilesInDirectory
DA:1,2
DA:2,2
DA:3,2
DA:4,2
DA:6,2
DA:7,0
DA:8,0
DA:9,0
DA:11,0
DA:12,0
DA:13,0
DA:18,0
DA:19,0
DA:20,0
DA:21,0
DA:22,0
DA:24,0
DA:27,0
DA:29,0
DA:30,0
DA:31,0
DA:32,0
DA:33,0
DA:34,0
DA:35,0
DA:36,0
DA:39,0
DA:40,0
DA:46,0
DA:49,2
DA:50,1
DA:51,1
DA:52,1
DA:54,1
DA:57,1
DA:58,24
DA:61,1
DA:64,1
DA:66,0
DA:70,2
DA:71,1
DA:72,1
DA:73,2
DA:74,2
DA:76,2
DA:77,0
DA:79,2
DA:82,1
LF:48
LH:22
BRDA:8,0,0,0
BRDA:21,1,0,0
BRDA:21,1,1,0
BRDA:70,2,0,1
BRDA:76,3,0,0
BRDA:76,3,1,2
BRF:6
BRH:2
end_of_record
TN:
SF:src/services/csv-adapter/parser/utils/csvreader.ts
FN:6,readCSV
FN:7,(anonymous_1)
FN:13,(anonymous_2)
FN:16,(anonymous_3)
FN:19,(anonymous_4)
FN:25,readCSVFile
FN:29,(anonymous_6)
FN:30,(anonymous_7)
FNF:8
FNH:7
FNDA:2,readCSV
FNDA:2,(anonymous_1)
FNDA:5,(anonymous_2)
FNDA:2,(anonymous_3)
FNDA:0,(anonymous_4)
FNDA:4,readCSVFile
FNDA:11,(anonymous_6)
FNDA:11,(anonymous_7)
DA:1,4
DA:2,4
DA:4,4
DA:6,4
DA:7,2
DA:8,2
DA:10,2
DA:14,5
DA:17,2
DA:20,0
DA:25,4
DA:26,4
DA:27,3
DA:29,11
DA:30,11
LF:15
LH:14
BRF:0
BRH:0
end_of_record
TN:
SF:src/services/csv-adapter/parser/utils/dateparser.ts
FN:8,(anonymous_0)
FN:13,(anonymous_1)
FN:18,(anonymous_2)
FN:76,(anonymous_3)
FN:82,(anonymous_4)
FN:88,(anonymous_5)
FN:95,(anonymous_6)
FN:99,(anonymous_7)
FNF:8
FNH:5
FNDA:2,(anonymous_0)
FNDA:0,(anonymous_1)
FNDA:0,(anonymous_2)
FNDA:1,(anonymous_3)
FNDA:0,(anonymous_4)
FNDA:1,(anonymous_5)
FNDA:1,(anonymous_6)
FNDA:1,(anonymous_7)
DA:1,2
DA:4,2
DA:9,2
DA:10,2
DA:14,0
DA:15,0
DA:20,0
DA:21,0
DA:22,0
DA:27,0
DA:28,0
DA:29,0
DA:30,0
DA:31,0
DA:32,0
DA:37,0
DA:77,1
DA:78,1
DA:79,1
DA:83,0
DA:89,1
DA:96,1
DA:100,1
LF:23
LH:10
BRDA:20,0,0,0
BRDA:20,0,1,0
BRDA:20,1,0,0
BRDA:20,1,1,0
BRDA:28,2,0,0
BRDA:31,3,0,0
BRDA:31,3,1,0
BRF:7
BRH:0
end_of_record
TN:
SF:src/services/csv-adapter/types/parser.ts
FN:9,(anonymous_0)
FN:23,(anonymous_1)
FNF:2
FNH:2
FNDA:3,(anonymous_0)
FNDA:3,(anonymous_1)
DA:9,3
DA:10,3
DA:11,3
DA:12,3
DA:23,3
DA:24,3
DA:25,3
DA:26,3
DA:27,3
LF:9
LH:9
BRDA:9,0,0,3
BRDA:9,0,1,3
BRDA:23,1,0,3
BRDA:23,1,1,3
BRF:4
BRH:4
end_of_record
TN:
SF:src/services/csv-adapter/validators/csv-validator.service.ts
FN:2,(anonymous_0)
FN:15,(anonymous_1)
FN:23,(anonymous_2)
FN:31,(anonymous_3)
FN:34,(anonymous_4)
FN:51,(anonymous_5)
FN:64,(anonymous_6)
FN:66,(anonymous_7)
FN:88,(anonymous_8)
FN:103,(anonymous_9)
FN:108,(anonymous_10)
FN:109,(anonymous_11)
FN:115,(anonymous_12)
FNF:13
FNH:0
FNDA:0,(anonymous_0)
FNDA:0,(anonymous_1)
FNDA:0,(anonymous_2)
FNDA:0,(anonymous_3)
FNDA:0,(anonymous_4)
FNDA:0,(anonymous_5)
FNDA:0,(anonymous_6)
FNDA:0,(anonymous_7)
FNDA:0,(anonymous_8)
FNDA:0,(anonymous_9)
FNDA:0,(anonymous_10)
FNDA:0,(anonymous_11)
FNDA:0,(anonymous_12)
DA:3,0
DA:4,0
DA:16,0
DA:17,0
DA:18,0
DA:19,0
DA:20,0
DA:24,0
DA:25,0
DA:26,0
DA:27,0
DA:28,0
DA:32,0
DA:33,0
DA:34,0
DA:35,0
DA:37,0
DA:38,0
DA:39,0
DA:48,0
DA:52,0
DA:53,0
DA:57,0
DA:61,0
DA:65,0
DA:66,0
DA:67,0
DA:68,0
DA:74,0
DA:89,0
DA:90,0
DA:91,0
DA:92,0
DA:93,0
DA:94,0
DA:95,0
DA:100,0
DA:104,0
DA:105,0
DA:109,0
DA:110,0
DA:115,0
DA:116,0
LF:43
LH:0
BRDA:35,0,0,0
BRDA:38,1,0,0
BRDA:53,2,0,0
BRDA:54,3,0,0
BRDA:54,3,1,0
BRDA:67,4,0,0
BRDA:67,5,0,0
BRDA:67,5,1,0
BRDA:110,6,0,0
BRDA:110,6,1,0
BRDA:116,7,0,0
BRDA:116,7,1,0
BRF:12
BRH:0
end_of_record
TN:
SF:src/services/dataset/dataset.service.ts
FN:39,(anonymous_4)
FN:46,(anonymous_5)
FN:54,(anonymous_6)
FN:79,(anonymous_7)
FN:108,(anonymous_8)
FN:142,(anonymous_9)
FN:146,(anonymous_10)
FN:153,(anonymous_11)
FN:162,(anonymous_12)
FN:169,(anonymous_13)
FN:174,(anonymous_14)
FN:181,(anonymous_15)
FN:186,(anonymous_16)
FN:200,(anonymous_17)
FN:202,(anonymous_18)
FN:209,(anonymous_19)
FN:223,(anonymous_20)
FN:225,(anonymous_21)
FN:232,(anonymous_22)
FN:278,(anonymous_23)
FN:298,(anonymous_24)
FN:306,(anonymous_25)
FN:314,(anonymous_26)
FN:326,(anonymous_27)
FN:335,(anonymous_28)
FN:366,(anonymous_29)
FN:393,(anonymous_30)
FN:401,(anonymous_31)
FN:409,(anonymous_32)
FN:410,(anonymous_33)
FN:411,(anonymous_34)
FN:414,(anonymous_35)
FN:426,(anonymous_36)
FNF:33
FNH:1
FNDA:5,(anonymous_4)
FNDA:0,(anonymous_5)
FNDA:0,(anonymous_6)
FNDA:0,(anonymous_7)
FNDA:0,(anonymous_8)
FNDA:0,(anonymous_9)
FNDA:0,(anonymous_10)
FNDA:0,(anonymous_11)
FNDA:0,(anonymous_12)
FNDA:0,(anonymous_13)
FNDA:0,(anonymous_14)
FNDA:0,(anonymous_15)
FNDA:0,(anonymous_16)
FNDA:0,(anonymous_17)
FNDA:0,(anonymous_18)
FNDA:0,(anonymous_19)
FNDA:0,(anonymous_20)
FNDA:0,(anonymous_21)
FNDA:0,(anonymous_22)
FNDA:0,(anonymous_23)
FNDA:0,(anonymous_24)
FNDA:0,(anonymous_25)
FNDA:0,(anonymous_26)
FNDA:0,(anonymous_27)
FNDA:0,(anonymous_28)
FNDA:0,(anonymous_29)
FNDA:0,(anonymous_30)
FNDA:0,(anonymous_31)
FNDA:0,(anonymous_32)
FNDA:0,(anonymous_33)
FNDA:0,(anonymous_34)
FNDA:0,(anonymous_35)
FNDA:0,(anonymous_36)
DA:1,2
DA:13,2
DA:14,2
DA:15,2
DA:16,2
DA:20,2
DA:21,2
DA:23,2
DA:25,2
DA:37,2
DA:38,5
DA:40,5
DA:41,5
DA:42,5
DA:43,5
DA:47,0
DA:55,0
DA:56,0
DA:62,0
DA:63,0
DA:69,0
DA:83,0
DA:85,0
DA:90,0
DA:94,0
DA:112,0
DA:118,0
DA:119,0
DA:126,0
DA:144,0
DA:147,0
DA:148,0
DA:149,0
DA:150,0
DA:154,0
DA:157,0
DA:158,0
DA:163,0
DA:170,0
DA:175,0
DA:182,0
DA:187,0
DA:190,0
DA:191,0
DA:195,0
DA:201,0
DA:202,0
DA:204,0
DA:210,0
DA:213,0
DA:214,0
DA:218,0
DA:224,0
DA:225,0
DA:227,0
DA:237,0
DA:238,0
DA:239,0
DA:240,0
DA:241,0
DA:251,0
DA:252,0
DA:254,0
DA:260,0
DA:266,0
DA:268,0
DA:272,0
DA:276,0
DA:280,0
DA:300,0
DA:301,0
DA:307,0
DA:311,0
DA:318,0
DA:322,0
DA:323,0
DA:330,0
DA:335,0
DA:336,0
DA:369,0
DA:370,0
DA:373,0
DA:379,0
DA:380,0
DA:390,0
DA:391,0
DA:392,0
DA:394,0
DA:395,0
DA:396,0
DA:402,0
DA:403,0
DA:407,0
DA:408,0
DA:409,0
DA:410,0
DA:412,0
DA:415,0
DA:416,0
DA:422,0
DA:423,0
DA:429,0
LF:102
LH:15
BRDA:55,0,0,0
BRDA:55,0,1,0
BRDA:62,1,0,0
BRDA:83,2,0,0
BRDA:118,3,0,0
BRDA:136,4,0,0
BRDA:136,4,1,0
BRDA:139,5,0,0
BRDA:139,5,1,0
BRDA:139,6,0,0
BRDA:139,6,1,0
BRDA:154,7,0,0
BRDA:190,8,0,0
BRDA:190,9,0,0
BRDA:190,9,1,0
BRDA:190,10,0,0
BRDA:190,10,1,0
BRDA:213,11,0,0
BRDA:213,12,0,0
BRDA:213,12,1,0
BRDA:213,13,0,0
BRDA:213,13,1,0
BRDA:234,14,0,0
BRDA:238,15,0,0
BRDA:251,16,0,0
BRDA:251,16,1,0
BRDA:370,17,0,0
BRDA:370,17,1,0
BRDA:42,18,0,2
BRDA:42,18,1,0
BRDA:42,19,0,2
BRDA:42,19,1,2
BRF:32
BRH:3
end_of_record
TN:
SF:src/services/delete/delete.service.spec-old.ts
FN:30,(anonymous_0)
FN:35,(anonymous_1)
FN:72,(anonymous_2)
FN:76,(anonymous_3)
FN:91,(anonymous_4)
FN:115,(anonymous_5)
FN:128,(anonymous_6)
FN:143,(anonymous_7)
FN:167,(anonymous_8)
FN:180,(anonymous_9)
FN:198,(anonymous_10)
FN:222,(anonymous_11)
FN:234,(anonymous_12)
FN:312,(anonymous_13)
FN:335,(anonymous_14)
FN:348,(anonymous_15)
FN:363,(anonymous_16)
FN:382,(anonymous_17)
FNF:18
FNH:0
FNDA:0,(anonymous_0)
FNDA:0,(anonymous_1)
FNDA:0,(anonymous_2)
FNDA:0,(anonymous_3)
FNDA:0,(anonymous_4)
FNDA:0,(anonymous_5)
FNDA:0,(anonymous_6)
FNDA:0,(anonymous_7)
FNDA:0,(anonymous_8)
FNDA:0,(anonymous_9)
FNDA:0,(anonymous_10)
FNDA:0,(anonymous_11)
FNDA:0,(anonymous_12)
FNDA:0,(anonymous_13)
FNDA:0,(anonymous_14)
FNDA:0,(anonymous_15)
FNDA:0,(anonymous_16)
FNDA:0,(anonymous_17)
DA:1,0
DA:2,0
DA:3,0
DA:4,0
DA:6,0
DA:7,0
DA:8,0
DA:9,0
DA:10,0
DA:11,0
DA:12,0
DA:13,0
DA:14,0
DA:15,0
DA:16,0
DA:20,0
DA:21,0
DA:22,0
DA:23,0
DA:24,0
DA:25,0
DA:26,0
DA:27,0
DA:28,0
DA:30,0
DA:35,0
DA:36,0
DA:61,0
DA:62,0
DA:63,0
DA:66,0
DA:69,0
DA:72,0
DA:73,0
DA:76,0
DA:79,0
DA:84,0
DA:85,0
DA:86,0
DA:87,0
DA:91,0
DA:99,0
DA:101,0
DA:108,0
DA:109,0
DA:110,0
DA:111,0
DA:115,0
DA:123,0
DA:125,0
DA:128,0
DA:131,0
DA:136,0
DA:137,0
DA:138,0
DA:139,0
DA:143,0
DA:151,0
DA:153,0
DA:160,0
DA:161,0
DA:162,0
DA:163,0
DA:167,0
DA:175,0
DA:177,0
DA:180,0
DA:183,0
DA:191,0
DA:192,0
DA:193,0
DA:194,0
DA:198,0
DA:206,0
DA:208,0
DA:215,0
DA:216,0
DA:217,0
DA:218,0
DA:222,0
DA:230,0
DA:231,0
DA:234,0
DA:236,0
DA:305,0
DA:306,0
DA:307,0
DA:308,0
DA:312,0
DA:319,0
DA:321,0
DA:328,0
DA:329,0
DA:330,0
DA:331,0
DA:335,0
DA:343,0
DA:345,0
DA:348,0
DA:351,0
DA:356,0
DA:357,0
DA:358,0
DA:359,0
DA:363,0
DA:366,0
DA:368,0
DA:375,0
DA:376,0
DA:377,0
DA:378,0
DA:382,0
DA:385,0
DA:387,0
LF:114
LH:0
BRF:0
BRH:0
end_of_record
TN:
SF:src/services/delete/delete.service.ts
FN:32,(anonymous_2)
FN:40,(anonymous_3)
FN:54,(anonymous_4)
FN:68,(anonymous_5)
FN:93,(anonymous_6)
FN:96,(anonymous_7)
FN:117,(anonymous_8)
FN:139,(anonymous_9)
FN:169,(anonymous_10)
FN:175,(anonymous_11)
FN:191,(anonymous_12)
FN:203,(anonymous_13)
FN:249,(anonymous_14)
FN:254,(anonymous_15)
FNF:14
FNH:0
FNDA:0,(anonymous_2)
FNDA:0,(anonymous_3)
FNDA:0,(anonymous_4)
FNDA:0,(anonymous_5)
FNDA:0,(anonymous_6)
FNDA:0,(anonymous_7)
FNDA:0,(anonymous_8)
FNDA:0,(anonymous_9)
FNDA:0,(anonymous_10)
FNDA:0,(anonymous_11)
FNDA:0,(anonymous_12)
FNDA:0,(anonymous_13)
FNDA:0,(anonymous_14)
FNDA:0,(anonymous_15)
DA:1,0
DA:4,0
DA:5,0
DA:6,0
DA:7,0
DA:9,0
DA:13,0
DA:15,0
DA:17,0
DA:18,0
DA:20,0
DA:22,0
DA:31,0
DA:33,0
DA:34,0
DA:35,0
DA:36,0
DA:37,0
DA:41,0
DA:43,0
DA:44,0
DA:45,0
DA:46,0
DA:50,0
DA:53,0
DA:54,0
DA:55,0
DA:58,0
DA:60,0
DA:65,0
DA:66,0
DA:71,0
DA:72,0
DA:76,0
DA:83,0
DA:84,0
DA:86,0
DA:90,0
DA:92,0
DA:93,0
DA:103,0
DA:117,0
DA:126,0
DA:131,0
DA:134,0
DA:141,0
DA:143,0
DA:149,0
DA:156,0
DA:157,0
DA:159,0
DA:167,0
DA:168,0
DA:171,0
DA:176,0
DA:179,0
DA:183,0
DA:188,0
DA:192,0
DA:197,0
DA:201,0
DA:202,0
DA:209,0
DA:210,0
DA:222,0
DA:228,0
DA:233,0
DA:240,0
DA:242,0
DA:248,0
DA:250,0
DA:255,0
DA:260,0
LF:73
LH:0
BRDA:72,0,0,0
BRDA:72,0,1,0
BRDA:135,1,0,0
BRDA:135,1,1,0
BRDA:135,2,0,0
BRDA:135,2,1,0
BRDA:135,3,0,0
BRDA:135,3,1,0
BRDA:135,4,0,0
BRDA:135,4,1,0
BRDA:157,5,0,0
BRDA:157,5,1,0
BRDA:157,6,0,0
BRDA:157,6,1,0
BRDA:167,7,0,0
BRDA:240,8,0,0
BRDA:240,8,1,0
BRDA:240,9,0,0
BRDA:240,9,1,0
BRF:19
BRH:0
end_of_record
TN:
SF:src/services/dimension/dimension.service.ts
FN:14,(anonymous_2)
FN:19,(anonymous_3)
FN:29,(anonymous_4)
FN:42,(anonymous_5)
FN:47,(anonymous_6)
FN:56,(anonymous_7)
FN:61,(anonymous_8)
FN:71,(anonymous_9)
FN:80,(anonymous_10)
FN:85,(anonymous_11)
FN:96,(anonymous_12)
FN:105,(anonymous_13)
FN:113,(anonymous_14)
FN:124,(anonymous_15)
FN:128,(anonymous_16)
FN:141,(anonymous_17)
FN:163,(anonymous_18)
FN:175,(anonymous_19)
FNF:18
FNH:1
FNDA:7,(anonymous_2)
FNDA:0,(anonymous_3)
FNDA:0,(anonymous_4)
FNDA:0,(anonymous_5)
FNDA:0,(anonymous_6)
FNDA:0,(anonymous_7)
FNDA:0,(anonymous_8)
FNDA:0,(anonymous_9)
FNDA:0,(anonymous_10)
FNDA:0,(anonymous_11)
FNDA:0,(anonymous_12)
FNDA:0,(anonymous_13)
FNDA:0,(anonymous_14)
FNDA:0,(anonymous_15)
FNDA:0,(anonymous_16)
FNDA:0,(anonymous_17)
FNDA:0,(anonymous_18)
FNDA:0,(anonymous_19)
DA:1,4
DA:4,4
DA:5,4
DA:8,4
DA:11,4
DA:13,4
DA:15,7
DA:16,7
DA:20,0
DA:32,0
DA:43,0
DA:50,0
DA:57,0
DA:64,0
DA:74,0
DA:81,0
DA:89,0
DA:93,0
DA:96,0
DA:97,0
DA:98,0
DA:99,0
DA:100,0
DA:104,0
DA:105,0
DA:106,0
DA:107,0
DA:108,0
DA:117,0
DA:121,0
DA:128,0
DA:129,0
DA:134,0
DA:136,0
DA:141,0
DA:142,0
DA:143,0
DA:144,0
DA:158,0
DA:159,0
DA:168,0
DA:175,0
DA:176,0
DA:177,0
DA:178,0
DA:179,0
DA:181,0
DA:182,0
LF:48
LH:8
BRDA:87,0,0,0
BRDA:143,1,0,0
BRDA:178,2,0,0
BRF:3
BRH:0
end_of_record
TN:
SF:src/services/event/event.service.ts
FN:21,(anonymous_2)
FN:27,(anonymous_3)
FN:63,(anonymous_4)
FN:94,(anonymous_5)
FN:100,(anonymous_6)
FN:105,(anonymous_7)
FN:112,(anonymous_8)
FN:115,(anonymous_9)
FN:122,(anonymous_10)
FN:125,(anonymous_11)
FN:133,(anonymous_12)
FNF:11
FNH:1
FNDA:6,(anonymous_2)
FNDA:0,(anonymous_3)
FNDA:0,(anonymous_4)
FNDA:0,(anonymous_5)
FNDA:0,(anonymous_6)
FNDA:0,(anonymous_7)
FNDA:0,(anonymous_8)
FNDA:0,(anonymous_9)
FNDA:0,(anonymous_10)
FNDA:0,(anonymous_11)
FNDA:0,(anonymous_12)
DA:1,3
DA:13,3
DA:14,3
DA:15,3
DA:20,3
DA:22,6
DA:23,6
DA:24,6
DA:29,0
DA:30,0
DA:32,0
DA:34,0
DA:35,0
DA:38,0
DA:65,0
DA:68,0
DA:95,0
DA:96,0
DA:98,0
DA:101,0
DA:106,0
DA:112,0
DA:116,0
DA:122,0
DA:126,0
DA:130,0
DA:137,0
LF:27
LH:8
BRF:0
BRH:0
end_of_record
TN:
SF:src/services/instrumenttype/instrumenttype.service.ts
FN:10,(anonymous_2)
FN:18,(anonymous_3)
FN:30,(anonymous_4)
FNF:3
FNH:2
FNDA:1,(anonymous_2)
FNDA:1,(anonymous_3)
FNDA:0,(anonymous_4)
DA:1,1
DA:5,1
DA:6,1
DA:9,1
DA:11,1
DA:12,1
DA:14,1
DA:19,1
DA:20,0
DA:22,0
DA:33,0
LF:11
LH:8
BRDA:19,0,0,0
BRDA:19,0,1,0
BRF:2
BRH:0
end_of_record
TN:
SF:src/services/mocks/types.mocks.ts
FN:16,mockDimensionMapping
FN:37,mockTimeDimension
FN:47,mockDatasetGrammar
FN:59,mockDataset
FN:67,mockDatasetUpdateRequest
FN:83,mockStore
FN:91,mockDimensionGrammar
FN:103,mockDimension
FN:111,mockInstrument
FN:119,mockEventGrammar
FN:134,mockEvent
FNF:11
FNH:0
FNDA:0,mockDimensionMapping
FNDA:0,mockTimeDimension
FNDA:0,mockDatasetGrammar
FNDA:0,mockDataset
FNDA:0,mockDatasetUpdateRequest
FNDA:0,mockStore
FNDA:0,mockDimensionGrammar
FNDA:0,mockDimension
FNDA:0,mockInstrument
FNDA:0,mockEventGrammar
FNDA:0,mockEvent
DA:9,0
DA:16,0
DA:19,0
DA:37,0
DA:40,0
DA:47,0
DA:50,0
DA:59,0
DA:60,0
DA:67,0
DA:70,0
DA:83,0
DA:84,0
DA:91,0
DA:94,0
DA:103,0
DA:104,0
DA:111,0
DA:112,0
DA:119,0
DA:122,0
DA:134,0
DA:135,0
LF:23
LH:0
BRF:0
BRH:0
end_of_record
TN:
SF:src/services/pipe/pipe.service.ts
FNF:0
FNH:0
DA:1,1
DA:4,1
LF:2
LH:2
BRF:0
BRH:0
end_of_record
TN:
SF:src/services/query-builder/query-builder.service.ts
FN:16,(anonymous_1)
FN:29,(anonymous_2)
FN:34,(anonymous_3)
FN:47,(anonymous_4)
FN:95,(anonymous_5)
FN:110,(anonymous_6)
FN:113,(anonymous_7)
FN:141,(anonymous_8)
FN:177,(anonymous_9)
FN:227,(anonymous_10)
FN:240,(anonymous_11)
FN:259,(anonymous_12)
FNF:12
FNH:5
FNDA:23,(anonymous_1)
FNDA:0,(anonymous_2)
FNDA:0,(anonymous_3)
FNDA:7,(anonymous_4)
FNDA:2,(anonymous_5)
FNDA:5,(anonymous_6)
FNDA:1,(anonymous_7)
FNDA:0,(anonymous_8)
FNDA:0,(anonymous_9)
FNDA:0,(anonymous_10)
FNDA:0,(anonymous_11)
FNDA:0,(anonymous_12)
DA:1,6
DA:4,6
DA:15,6
DA:17,23
DA:33,0
DA:34,0
DA:35,0
DA:36,0
DA:37,0
DA:39,0
DA:41,0
DA:42,0
DA:43,0
DA:44,0
DA:48,7
DA:49,7
DA:50,7
DA:51,7
DA:53,7
DA:54,7
DA:55,10
DA:56,10
DA:57,10
DA:58,2
DA:59,8
DA:60,0
DA:61,8
DA:65,2
DA:66,6
DA:67,2
DA:68,4
DA:69,4
DA:71,0
DA:74,10
DA:75,3
DA:77,10
DA:78,0
DA:80,10
DA:83,7
DA:84,7
DA:86,7
DA:87,0
DA:92,7
DA:96,2
DA:97,2
DA:98,2
DA:99,2
DA:101,2
DA:102,4
DA:103,5
DA:104,5
DA:105,5
DA:106,5
DA:110,5
DA:114,1
DA:115,1
DA:116,1
DA:117,1
DA:119,1
DA:121,1
DA:122,1
DA:123,3
DA:124,2
DA:128,0
DA:130,2
DA:132,2
DA:135,1
DA:138,1
DA:142,0
DA:143,0
DA:144,0
DA:145,0
DA:147,0
DA:149,0
DA:150,0
DA:151,0
DA:152,0
DA:155,0
DA:156,0
DA:157,0
DA:158,0
DA:159,0
DA:163,0
DA:165,0
DA:168,0
DA:171,0
DA:174,0
DA:178,0
DA:179,0
DA:180,0
DA:183,0
DA:185,0
DA:187,0
DA:188,0
DA:189,0
DA:190,0
DA:193,0
DA:194,0
DA:195,0
DA:196,0
DA:197,0
DA:198,0
DA:199,0
DA:200,0
DA:201,0
DA:202,0
DA:204,0
DA:208,0
DA:210,0
DA:213,0
DA:214,0
DA:215,0
DA:217,0
DA:218,0
DA:221,0
DA:222,0
DA:223,0
DA:224,0
DA:226,0
DA:227,0
DA:228,0
DA:229,0
DA:230,0
DA:231,0
DA:232,0
DA:236,0
DA:240,0
DA:245,0
DA:247,0
DA:248,0
DA:249,0
DA:256,0
DA:265,0
LF:133
LH:53
BRDA:36,0,0,0
BRDA:47,1,0,5
BRDA:50,2,0,1
BRDA:50,2,1,6
BRDA:57,3,0,2
BRDA:57,3,1,8
BRDA:57,4,0,10
BRDA:57,4,1,6
BRDA:59,5,0,0
BRDA:59,5,1,8
BRDA:59,6,0,8
BRDA:59,6,1,4
BRDA:61,7,0,2
BRDA:61,7,1,6
BRDA:62,8,0,8
BRDA:62,8,1,2
BRDA:62,8,2,1
BRDA:66,9,0,2
BRDA:66,9,1,4
BRDA:68,10,0,4
BRDA:68,10,1,0
BRDA:74,11,0,3
BRDA:74,12,0,10
BRDA:74,12,1,6
BRDA:77,13,0,0
BRDA:77,14,0,10
BRDA:77,14,1,6
BRDA:86,15,0,0
BRDA:98,16,0,2
BRDA:123,17,0,1
BRDA:124,18,0,0
BRDA:124,18,1,2
BRDA:125,19,0,2
BRDA:125,19,1,2
BRDA:151,20,0,0
BRDA:158,21,0,0
BRDA:159,22,0,0
BRDA:159,22,1,0
BRDA:160,23,0,0
BRDA:160,23,1,0
BRDA:189,24,0,0
BRDA:204,25,0,0
BRDA:204,25,1,0
BRDA:205,26,0,0
BRDA:205,26,1,0
BRDA:226,27,0,0
BRDA:242,28,0,0
BRDA:242,28,1,0
BRDA:243,29,0,0
BRDA:243,29,1,0
BRF:50
BRH:28
end_of_record
TN:
SF:src/services/transformer/default.transformers.ts
FN:14,(anonymous_0)
FN:34,(anonymous_1)
FN:73,(anonymous_2)
FN:102,(anonymous_3)
FN:104,(anonymous_4)
FN:135,(anonymous_5)
FN:153,(anonymous_6)
FN:173,(anonymous_7)
FN:213,(anonymous_8)
FN:232,(anonymous_9)
FN:234,(anonymous_10)
FN:270,(anonymous_11)
FNF:12
FNH:0
FNDA:0,(anonymous_0)
FNDA:0,(anonymous_1)
FNDA:0,(anonymous_2)
FNDA:0,(anonymous_3)
FNDA:0,(anonymous_4)
FNDA:0,(anonymous_5)
FNDA:0,(anonymous_6)
FNDA:0,(anonymous_7)
FNDA:0,(anonymous_8)
FNDA:0,(anonymous_9)
FNDA:0,(anonymous_10)
FNDA:0,(anonymous_11)
DA:3,1
DA:8,1
DA:15,0
DA:16,0
DA:17,0
DA:18,0
DA:33,0
DA:34,0
DA:35,0
DA:36,0
DA:38,0
DA:39,0
DA:41,0
DA:42,0
DA:43,0
DA:44,0
DA:45,0
DA:46,0
DA:47,0
DA:48,0
DA:49,0
DA:50,0
DA:52,0
DA:56,0
DA:57,0
DA:66,0
DA:69,0
DA:70,0
DA:73,0
DA:96,0
DA:102,0
DA:105,0
DA:106,0
DA:107,0
DA:108,0
DA:110,0
DA:112,0
DA:113,0
DA:115,0
DA:118,0
DA:129,0
DA:131,0
DA:132,0
DA:133,0
DA:134,0
DA:135,0
DA:136,0
DA:139,0
DA:143,0
DA:154,0
DA:155,0
DA:156,0
DA:157,0
DA:172,0
DA:173,0
DA:175,0
DA:176,0
DA:178,0
DA:179,0
DA:181,0
DA:182,0
DA:183,0
DA:184,0
DA:185,0
DA:186,0
DA:187,0
DA:188,0
DA:189,0
DA:190,0
DA:192,0
DA:196,0
DA:197,0
DA:206,0
DA:209,0
DA:210,0
DA:213,0
DA:226,0
DA:232,0
DA:236,0
DA:237,0
DA:238,0
DA:239,0
DA:241,0
DA:243,0
DA:244,0
DA:246,0
DA:249,0
DA:264,0
DA:266,0
DA:267,0
DA:268,0
DA:269,0
DA:270,0
DA:271,0
DA:274,0
DA:278,0
LF:96
LH:2
BRDA:17,0,0,0
BRDA:17,0,1,0
BRDA:33,1,0,0
BRDA:33,1,1,0
BRDA:42,2,0,0
BRDA:43,3,0,0
BRDA:43,3,1,0
BRDA:45,4,0,0
BRDA:45,4,1,0
BRDA:48,5,0,0
BRDA:48,5,1,0
BRDA:156,6,0,0
BRDA:156,6,1,0
BRDA:172,7,0,0
BRDA:172,7,1,0
BRDA:182,8,0,0
BRDA:183,9,0,0
BRDA:183,9,1,0
BRDA:185,10,0,0
BRDA:185,10,1,0
BRDA:188,11,0,0
BRDA:188,11,1,0
BRF:22
BRH:0
end_of_record
TN:
SF:src/services/transformer/transformer.service.ts
FN:13,(anonymous_2)
FN:15,(anonymous_3)
FN:16,(anonymous_4)
FN:18,(anonymous_5)
FN:30,(anonymous_6)
FN:31,(anonymous_7)
FN:42,(anonymous_8)
FNF:7
FNH:1
FNDA:1,(anonymous_2)
FNDA:0,(anonymous_3)
FNDA:0,(anonymous_4)
FNDA:0,(anonymous_5)
FNDA:0,(anonymous_6)
FNDA:0,(anonymous_7)
FNDA:0,(anonymous_8)
DA:1,1
DA:4,1
DA:12,1
DA:13,1
DA:15,1
DA:16,0
DA:18,0
DA:19,0
DA:20,0
DA:21,0
DA:22,0
DA:24,0
DA:30,1
DA:31,0
DA:32,0
DA:33,0
DA:34,0
DA:35,0
DA:37,0
DA:51,0
LF:20
LH:6
BRDA:54,0,0,0
BRDA:54,0,1,0
BRDA:57,1,0,0
BRDA:57,1,1,0
BRF:4
BRH:0
end_of_record
TN:
SF:src/services/viz/viz.service.ts
FNF:0
FNH:0
DA:1,1
DA:4,1
LF:2
LH:2
BRF:0
BRH:0
end_of_record
TN:
SF:src/types/dimension.ts
FNF:0
FNH:0
DA:22,0
LF:1
LH:0
BRF:0
BRH:0
end_of_record
TN:
SF:src/types/event.ts
FN:4,(anonymous_0)
FNF:1
FNH:1
FNDA:2,(anonymous_0)
DA:4,2
DA:5,2
LF:2
LH:2
BRDA:4,0,0,2
BRDA:4,0,1,2
BRF:2
BRH:2
end_of_record
TN:
SF:src/utils/cli.ts
FN:4,parseArguments
FNF:1
FNH:0
FNDA:0,parseArguments
DA:1,0
DA:2,0
DA:4,0
DA:5,0
LF:4
LH:0
BRF:0
BRH:0
end_of_record
TN:
SF:src/utils/debug.ts
FN:7,(anonymous_0)
FN:15,(anonymous_1)
FN:24,(anonymous_2)
FN:26,(anonymous_3)
FN:29,(anonymous_4)
FNF:5
FNH:0
FNDA:0,(anonymous_0)
FNDA:0,(anonymous_1)
FNDA:0,(anonymous_2)
FNDA:0,(anonymous_3)
FNDA:0,(anonymous_4)
DA:3,2
DA:5,2
DA:7,2
DA:8,0
DA:9,0
DA:10,0
DA:11,0
DA:16,0
DA:17,0
DA:24,2
DA:25,0
DA:26,0
DA:27,0
DA:28,0
DA:29,0
DA:30,0
LF:16
LH:4
BRDA:8,0,0,0
BRDA:16,1,0,0
BRDA:27,2,0,0
BRDA:30,3,0,0
BRF:4
BRH:0
end_of_record
TN:
SF:src/utils/hash.ts
FN:13,customBase64Encode
FN:15,(anonymous_1)
FN:35,generateKey
FN:49,xorCipher
FN:67,foldBuffer
FN:88,hash
FN:104,unhash
FNF:7
FNH:6
FNDA:9990,customBase64Encode
FNDA:1527,(anonymous_1)
FNDA:0,generateKey
FNDA:9990,xorCipher
FNDA:9990,foldBuffer
FNDA:9990,hash
FNDA:9990,unhash
DA:1,2
DA:4,2
DA:14,9990
DA:15,9990
DA:16,1527
DA:18,773
DA:20,754
DA:22,0
DA:24,0
DA:27,9990
DA:36,0
DA:37,0
DA:38,0
DA:39,0
DA:50,9990
DA:51,9990
DA:53,9990
DA:54,99989910
DA:57,9990
DA:68,9990
DA:70,9990
DA:71,99989910
DA:74,9990
DA:88,2
DA:89,9990
DA:90,9990
DA:91,9990
DA:92,9990
DA:93,9990
DA:94,9990
DA:104,2
DA:105,9990
LF:32
LH:26
BRDA:16,0,0,773
BRDA:16,0,1,754
BRDA:16,0,2,0
BRDA:16,0,3,0
BRF:4
BRH:2
end_of_record
TN:
SF:src/utils/retry.ts
FN:1,waitFor
FN:2,(anonymous_1)
FN:3,(anonymous_2)
FN:8,retryPromiseWithDelay
FNF:4
FNH:0
FNDA:0,waitFor
FNDA:0,(anonymous_1)
FNDA:0,(anonymous_2)
FNDA:0,retryPromiseWithDelay
DA:1,1
DA:2,0
DA:3,0
DA:4,0
DA:8,1
DA:9,0
DA:10,0
DA:11,0
DA:13,0
DA:14,0
DA:16,0
DA:17,0
DA:18,0
LF:13
LH:2
BRDA:13,0,0,0
BRF:1
BRH:0
end_of_record
TN:
SF:src/utils/runtime.ts
FN:1,measureExecutionTime
FNF:1
FNH:0
FNDA:0,measureExecutionTime
DA:1,0
DA:4,0
DA:5,0
DA:6,0
DA:8,0
DA:9,0
LF:6
LH:0
BRF:0
BRH:0
end_of_record
