<?xml version="1.0" encoding="UTF-8"?>
<coverage generated="1691175801597" clover="3.2.0">
  <project timestamp="1691175801597" name="All files">
    <metrics statements="1463" coveredstatements="893" conditionals="400" coveredconditionals="208" methods="302" coveredmethods="197" elements="2165" coveredelements="1298" complexity="0" loc="1463" ncloc="1463" packages="18" files="37" classes="37"/>
    <package name="src">
      <metrics statements="77" coveredstatements="12" conditionals="4" coveredconditionals="0" methods="17" coveredmethods="3"/>
      <file name="app.controller.ts" path="/home/shashwat/Documents/GitHub/cQube-ingestion/impl/c-qube/src/app.controller.ts">
        <metrics statements="6" coveredstatements="6" conditionals="0" coveredconditionals="0" methods="2" coveredmethods="2"/>
        <line num="1" count="1" type="stmt"/>
        <line num="2" count="1" type="stmt"/>
        <line num="5" count="1" type="stmt"/>
        <line num="6" count="1" type="stmt"/>
        <line num="8" count="1" type="stmt"/>
        <line num="10" count="1" type="stmt"/>
      </file>
      <file name="app.module.ts" path="/home/shashwat/Documents/GitHub/cQube-ingestion/impl/c-qube/src/app.module.ts">
        <metrics statements="19" coveredstatements="0" conditionals="0" coveredconditionals="0" methods="1" coveredmethods="0"/>
        <line num="1" count="0" type="stmt"/>
        <line num="2" count="0" type="stmt"/>
        <line num="3" count="0" type="stmt"/>
        <line num="4" count="0" type="stmt"/>
        <line num="5" count="0" type="stmt"/>
        <line num="6" count="0" type="stmt"/>
        <line num="7" count="0" type="stmt"/>
        <line num="8" count="0" type="stmt"/>
        <line num="9" count="0" type="stmt"/>
        <line num="10" count="0" type="stmt"/>
        <line num="11" count="0" type="stmt"/>
        <line num="12" count="0" type="stmt"/>
        <line num="13" count="0" type="stmt"/>
        <line num="14" count="0" type="stmt"/>
        <line num="15" count="0" type="stmt"/>
        <line num="16" count="0" type="stmt"/>
        <line num="17" count="0" type="stmt"/>
        <line num="18" count="0" type="stmt"/>
        <line num="53" count="0" type="stmt"/>
      </file>
      <file name="app.service.ts" path="/home/shashwat/Documents/GitHub/cQube-ingestion/impl/c-qube/src/app.service.ts">
        <metrics statements="3" coveredstatements="3" conditionals="0" coveredconditionals="0" methods="3" coveredmethods="1"/>
        <line num="1" count="2" type="stmt"/>
        <line num="5" count="2" type="stmt"/>
        <line num="7" count="1" type="stmt"/>
      </file>
      <file name="console.ts" path="/home/shashwat/Documents/GitHub/cQube-ingestion/impl/c-qube/src/console.ts">
        <metrics statements="38" coveredstatements="0" conditionals="4" coveredconditionals="0" methods="7" coveredmethods="0"/>
        <line num="1" count="0" type="stmt"/>
        <line num="2" count="0" type="stmt"/>
        <line num="3" count="0" type="stmt"/>
        <line num="4" count="0" type="stmt"/>
        <line num="5" count="0" type="stmt"/>
        <line num="6" count="0" type="stmt"/>
        <line num="7" count="0" type="stmt"/>
        <line num="10" count="0" type="stmt"/>
        <line num="11" count="0" type="stmt"/>
        <line num="12" count="0" type="stmt"/>
        <line num="14" count="0" type="stmt"/>
        <line num="22" count="0" type="stmt"/>
        <line num="23" count="0" type="stmt"/>
        <line num="24" count="0" type="stmt"/>
        <line num="25" count="0" type="stmt"/>
        <line num="26" count="0" type="stmt"/>
        <line num="27" count="0" type="stmt"/>
        <line num="33" count="0" type="stmt"/>
        <line num="41" count="0" type="stmt"/>
        <line num="43" count="0" type="stmt"/>
        <line num="45" count="0" type="cond" truecount="0" falsecount="2"/>
        <line num="46" count="0" type="stmt"/>
        <line num="48" count="0" type="stmt"/>
        <line num="53" count="0" type="stmt"/>
        <line num="54" count="0" type="stmt"/>
        <line num="58" count="0" type="stmt"/>
        <line num="59" count="0" type="stmt"/>
        <line num="60" count="0" type="stmt"/>
        <line num="61" count="0" type="stmt"/>
        <line num="67" count="0" type="stmt"/>
        <line num="75" count="0" type="stmt"/>
        <line num="76" count="0" type="stmt"/>
        <line num="78" count="0" type="cond" truecount="0" falsecount="2"/>
        <line num="79" count="0" type="stmt"/>
        <line num="81" count="0" type="stmt"/>
        <line num="85" count="0" type="stmt"/>
        <line num="86" count="0" type="stmt"/>
        <line num="96" count="0" type="stmt"/>
      </file>
      <file name="main.ts" path="/home/shashwat/Documents/GitHub/cQube-ingestion/impl/c-qube/src/main.ts">
        <metrics statements="5" coveredstatements="0" conditionals="0" coveredconditionals="0" methods="1" coveredmethods="0"/>
        <line num="1" count="0" type="stmt"/>
        <line num="2" count="0" type="stmt"/>
        <line num="5" count="0" type="stmt"/>
        <line num="6" count="0" type="stmt"/>
        <line num="8" count="0" type="stmt"/>
      </file>
      <file name="prisma.service.ts" path="/home/shashwat/Documents/GitHub/cQube-ingestion/impl/c-qube/src/prisma.service.ts">
        <metrics statements="6" coveredstatements="3" conditionals="0" coveredconditionals="0" methods="3" coveredmethods="0"/>
        <line num="1" count="7" type="stmt"/>
        <line num="2" count="7" type="stmt"/>
        <line num="5" count="7" type="stmt"/>
        <line num="7" count="0" type="stmt"/>
        <line num="11" count="0" type="stmt"/>
        <line num="12" count="0" type="stmt"/>
      </file>
    </package>
    <package name="src.services.csv-adapter">
      <metrics statements="493" coveredstatements="175" conditionals="184" coveredconditionals="61" methods="74" coveredmethods="17"/>
      <file name="csv-adapter.service.old.ts" path="/home/shashwat/Documents/GitHub/cQube-ingestion/impl/c-qube/src/services/csv-adapter/csv-adapter.service.old.ts">
        <metrics statements="266" coveredstatements="0" conditionals="89" coveredconditionals="0" methods="42" coveredmethods="0"/>
        <line num="1" count="0" type="stmt"/>
        <line num="4" count="0" type="stmt"/>
        <line num="6" count="0" type="stmt"/>
        <line num="7" count="0" type="stmt"/>
        <line num="8" count="0" type="stmt"/>
        <line num="9" count="0" type="stmt"/>
        <line num="15" count="0" type="stmt"/>
        <line num="18" count="0" type="stmt"/>
        <line num="19" count="0" type="stmt"/>
        <line num="20" count="0" type="stmt"/>
        <line num="21" count="0" type="stmt"/>
        <line num="22" count="0" type="stmt"/>
        <line num="23" count="0" type="stmt"/>
        <line num="24" count="0" type="stmt"/>
        <line num="29" count="0" type="stmt"/>
        <line num="33" count="0" type="stmt"/>
        <line num="37" count="0" type="stmt"/>
        <line num="44" count="0" type="stmt"/>
        <line num="45" count="0" type="stmt"/>
        <line num="46" count="0" type="stmt"/>
        <line num="47" count="0" type="stmt"/>
        <line num="48" count="0" type="stmt"/>
        <line num="49" count="0" type="stmt"/>
        <line num="50" count="0" type="stmt"/>
        <line num="53" count="0" type="stmt"/>
        <line num="54" count="0" type="stmt"/>
        <line num="56" count="0" type="stmt"/>
        <line num="57" count="0" type="stmt"/>
        <line num="58" count="0" type="stmt"/>
        <line num="59" count="0" type="stmt"/>
        <line num="60" count="0" type="stmt"/>
        <line num="69" count="0" type="stmt"/>
        <line num="73" count="0" type="stmt"/>
        <line num="76" count="0" type="stmt"/>
        <line num="78" count="0" type="stmt"/>
        <line num="80" count="0" type="cond" truecount="0" falsecount="3"/>
        <line num="86" count="0" type="stmt"/>
        <line num="90" count="0" type="stmt"/>
        <line num="93" count="0" type="stmt"/>
        <line num="95" count="0" type="stmt"/>
        <line num="100" count="0" type="stmt"/>
        <line num="101" count="0" type="stmt"/>
        <line num="104" count="0" type="stmt"/>
        <line num="107" count="0" type="stmt"/>
        <line num="114" count="0" type="stmt"/>
        <line num="118" count="0" type="stmt"/>
        <line num="125" count="0" type="stmt"/>
        <line num="126" count="0" type="stmt"/>
        <line num="129" count="0" type="stmt"/>
        <line num="130" count="0" type="stmt"/>
        <line num="134" count="0" type="stmt"/>
        <line num="143" count="0" type="stmt"/>
        <line num="146" count="0" type="stmt"/>
        <line num="159" count="0" type="stmt"/>
        <line num="167" count="0" type="stmt"/>
        <line num="174" count="0" type="stmt"/>
        <line num="181" count="0" type="stmt"/>
        <line num="183" count="0" type="stmt"/>
        <line num="191" count="0" type="stmt"/>
        <line num="192" count="0" type="stmt"/>
        <line num="193" count="0" type="stmt"/>
        <line num="194" count="0" type="stmt"/>
        <line num="195" count="0" type="stmt"/>
        <line num="196" count="0" type="stmt"/>
        <line num="203" count="0" type="stmt"/>
        <line num="221" count="0" type="stmt"/>
        <line num="225" count="0" type="stmt"/>
        <line num="232" count="0" type="stmt"/>
        <line num="233" count="0" type="stmt"/>
        <line num="234" count="0" type="stmt"/>
        <line num="235" count="0" type="stmt"/>
        <line num="236" count="0" type="stmt"/>
        <line num="261" count="0" type="stmt"/>
        <line num="264" count="0" type="stmt"/>
        <line num="271" count="0" type="stmt"/>
        <line num="274" count="0" type="stmt"/>
        <line num="275" count="0" type="stmt"/>
        <line num="281" count="0" type="stmt"/>
        <line num="287" count="0" type="stmt"/>
        <line num="294" count="0" type="stmt"/>
        <line num="298" count="0" type="stmt"/>
        <line num="299" count="0" type="stmt"/>
        <line num="322" count="0" type="stmt"/>
        <line num="323" count="0" type="stmt"/>
        <line num="324" count="0" type="stmt"/>
        <line num="325" count="0" type="stmt"/>
        <line num="327" count="0" type="stmt"/>
        <line num="330" count="0" type="stmt"/>
        <line num="331" count="0" type="stmt"/>
        <line num="332" count="0" type="stmt"/>
        <line num="335" count="0" type="stmt"/>
        <line num="336" count="0" type="stmt"/>
        <line num="337" count="0" type="stmt"/>
        <line num="349" count="0" type="stmt"/>
        <line num="350" count="0" type="stmt"/>
        <line num="351" count="0" type="stmt"/>
        <line num="352" count="0" type="cond" truecount="0" falsecount="8"/>
        <line num="353" count="0" type="stmt"/>
        <line num="354" count="0" type="stmt"/>
        <line num="355" count="0" type="cond" truecount="0" falsecount="4"/>
        <line num="358" count="0" type="cond" truecount="0" falsecount="1"/>
        <line num="360" count="0" type="stmt"/>
        <line num="362" count="0" type="stmt"/>
        <line num="365" count="0" type="stmt"/>
        <line num="369" count="0" type="stmt"/>
        <line num="373" count="0" type="stmt"/>
        <line num="374" count="0" type="stmt"/>
        <line num="382" count="0" type="stmt"/>
        <line num="390" count="0" type="stmt"/>
        <line num="398" count="0" type="stmt"/>
        <line num="399" count="0" type="stmt"/>
        <line num="407" count="0" type="stmt"/>
        <line num="412" count="0" type="stmt"/>
        <line num="417" count="0" type="stmt"/>
        <line num="418" count="0" type="stmt"/>
        <line num="419" count="0" type="stmt"/>
        <line num="421" count="0" type="stmt"/>
        <line num="433" count="0" type="stmt"/>
        <line num="439" count="0" type="stmt"/>
        <line num="440" count="0" type="stmt"/>
        <line num="445" count="0" type="stmt"/>
        <line num="446" count="0" type="stmt"/>
        <line num="447" count="0" type="cond" truecount="0" falsecount="4"/>
        <line num="448" count="0" type="cond" truecount="0" falsecount="8"/>
        <line num="450" count="0" type="cond" truecount="0" falsecount="4"/>
        <line num="451" count="0" type="cond" truecount="0" falsecount="1"/>
        <line num="454" count="0" type="cond" truecount="0" falsecount="8"/>
        <line num="456" count="0" type="stmt"/>
        <line num="459" count="0" type="stmt"/>
        <line num="464" count="0" type="stmt"/>
        <line num="465" count="0" type="stmt"/>
        <line num="466" count="0" type="stmt"/>
        <line num="467" count="0" type="stmt"/>
        <line num="470" count="0" type="stmt"/>
        <line num="473" count="0" type="cond" truecount="0" falsecount="2"/>
        <line num="474" count="0" type="stmt"/>
        <line num="479" count="0" type="stmt"/>
        <line num="481" count="0" type="stmt"/>
        <line num="485" count="0" type="stmt"/>
        <line num="490" count="0" type="stmt"/>
        <line num="494" count="0" type="stmt"/>
        <line num="498" count="0" type="stmt"/>
        <line num="499" count="0" type="cond" truecount="0" falsecount="4"/>
        <line num="500" count="0" type="cond" truecount="0" falsecount="8"/>
        <line num="501" count="0" type="cond" truecount="0" falsecount="4"/>
        <line num="503" count="0" type="stmt"/>
        <line num="504" count="0" type="stmt"/>
        <line num="505" count="0" type="stmt"/>
        <line num="506" count="0" type="stmt"/>
        <line num="508" count="0" type="cond" truecount="0" falsecount="1"/>
        <line num="511" count="0" type="cond" truecount="0" falsecount="8"/>
        <line num="512" count="0" type="stmt"/>
        <line num="516" count="0" type="stmt"/>
        <line num="519" count="0" type="stmt"/>
        <line num="521" count="0" type="cond" truecount="0" falsecount="1"/>
        <line num="523" count="0" type="stmt"/>
        <line num="531" count="0" type="stmt"/>
        <line num="535" count="0" type="cond" truecount="0" falsecount="1"/>
        <line num="536" count="0" type="stmt"/>
        <line num="537" count="0" type="stmt"/>
        <line num="538" count="0" type="stmt"/>
        <line num="539" count="0" type="stmt"/>
        <line num="543" count="0" type="cond" truecount="0" falsecount="2"/>
        <line num="544" count="0" type="stmt"/>
        <line num="546" count="0" type="stmt"/>
        <line num="550" count="0" type="stmt"/>
        <line num="551" count="0" type="stmt"/>
        <line num="552" count="0" type="stmt"/>
        <line num="556" count="0" type="stmt"/>
        <line num="558" count="0" type="stmt"/>
        <line num="559" count="0" type="stmt"/>
        <line num="563" count="0" type="stmt"/>
        <line num="570" count="0" type="stmt"/>
        <line num="571" count="0" type="stmt"/>
        <line num="572" count="0" type="stmt"/>
        <line num="579" count="0" type="stmt"/>
        <line num="581" count="0" type="stmt"/>
        <line num="582" count="0" type="stmt"/>
        <line num="583" count="0" type="stmt"/>
        <line num="587" count="0" type="stmt"/>
        <line num="589" count="0" type="stmt"/>
        <line num="590" count="0" type="stmt"/>
        <line num="594" count="0" type="stmt"/>
        <line num="603" count="0" type="stmt"/>
        <line num="604" count="0" type="stmt"/>
        <line num="605" count="0" type="stmt"/>
        <line num="615" count="0" type="stmt"/>
        <line num="617" count="0" type="stmt"/>
        <line num="619" count="0" type="stmt"/>
        <line num="632" count="0" type="stmt"/>
        <line num="634" count="0" type="stmt"/>
        <line num="643" count="0" type="stmt"/>
        <line num="645" count="0" type="stmt"/>
        <line num="649" count="0" type="stmt"/>
        <line num="660" count="0" type="stmt"/>
        <line num="662" count="0" type="stmt"/>
        <line num="663" count="0" type="stmt"/>
        <line num="664" count="0" type="stmt"/>
        <line num="668" count="0" type="stmt"/>
        <line num="669" count="0" type="stmt"/>
        <line num="670" count="0" type="stmt"/>
        <line num="671" count="0" type="stmt"/>
        <line num="673" count="0" type="stmt"/>
        <line num="674" count="0" type="stmt"/>
        <line num="677" count="0" type="stmt"/>
        <line num="686" count="0" type="stmt"/>
        <line num="688" count="0" type="stmt"/>
        <line num="690" count="0" type="stmt"/>
        <line num="693" count="0" type="stmt"/>
        <line num="695" count="0" type="stmt"/>
        <line num="699" count="0" type="stmt"/>
        <line num="702" count="0" type="stmt"/>
        <line num="707" count="0" type="stmt"/>
        <line num="714" count="0" type="stmt"/>
        <line num="715" count="0" type="cond" truecount="0" falsecount="1"/>
        <line num="717" count="0" type="stmt"/>
        <line num="723" count="0" type="cond" truecount="0" falsecount="2"/>
        <line num="724" count="0" type="stmt"/>
        <line num="727" count="0" type="stmt"/>
        <line num="732" count="0" type="stmt"/>
        <line num="738" count="0" type="stmt"/>
        <line num="742" count="0" type="stmt"/>
        <line num="750" count="0" type="stmt"/>
        <line num="753" count="0" type="stmt"/>
        <line num="754" count="0" type="stmt"/>
        <line num="756" count="0" type="stmt"/>
        <line num="763" count="0" type="stmt"/>
        <line num="764" count="0" type="stmt"/>
        <line num="777" count="0" type="stmt"/>
        <line num="786" count="0" type="stmt"/>
        <line num="791" count="0" type="stmt"/>
        <line num="797" count="0" type="cond" truecount="0" falsecount="2"/>
        <line num="799" count="0" type="stmt"/>
        <line num="807" count="0" type="stmt"/>
        <line num="810" count="0" type="stmt"/>
        <line num="815" count="0" type="stmt"/>
        <line num="820" count="0" type="stmt"/>
        <line num="830" count="0" type="stmt"/>
        <line num="835" count="0" type="stmt"/>
        <line num="836" count="0" type="stmt"/>
        <line num="839" count="0" type="stmt"/>
        <line num="842" count="0" type="stmt"/>
        <line num="846" count="0" type="stmt"/>
        <line num="849" count="0" type="stmt"/>
        <line num="850" count="0" type="stmt"/>
        <line num="851" count="0" type="stmt"/>
        <line num="852" count="0" type="stmt"/>
        <line num="855" count="0" type="stmt"/>
        <line num="858" count="0" type="stmt"/>
        <line num="859" count="0" type="stmt"/>
        <line num="860" count="0" type="stmt"/>
        <line num="861" count="0" type="stmt"/>
        <line num="864" count="0" type="stmt"/>
        <line num="869" count="0" type="stmt"/>
        <line num="870" count="0" type="stmt"/>
        <line num="871" count="0" type="stmt"/>
        <line num="873" count="0" type="stmt"/>
        <line num="879" count="0" type="stmt"/>
        <line num="880" count="0" type="stmt"/>
        <line num="881" count="0" type="stmt"/>
        <line num="882" count="0" type="stmt"/>
        <line num="883" count="0" type="stmt"/>
        <line num="884" count="0" type="stmt"/>
        <line num="886" count="0" type="stmt"/>
        <line num="887" count="0" type="stmt"/>
        <line num="890" count="0" type="stmt"/>
      </file>
      <file name="csv-adapter.service.ts" path="/home/shashwat/Documents/GitHub/cQube-ingestion/impl/c-qube/src/services/csv-adapter/csv-adapter.service.ts">
        <metrics statements="216" coveredstatements="164" conditionals="93" coveredconditionals="59" methods="29" coveredmethods="14"/>
        <line num="1" count="1" type="stmt"/>
        <line num="3" count="1" type="stmt"/>
        <line num="5" count="1" type="stmt"/>
        <line num="6" count="1" type="stmt"/>
        <line num="7" count="1" type="stmt"/>
        <line num="8" count="1" type="stmt"/>
        <line num="10" count="1" type="stmt"/>
        <line num="13" count="1" type="stmt"/>
        <line num="14" count="1" type="stmt"/>
        <line num="15" count="1" type="stmt"/>
        <line num="16" count="1" type="stmt"/>
        <line num="17" count="1" type="stmt"/>
        <line num="18" count="1" type="stmt"/>
        <line num="19" count="1" type="stmt"/>
        <line num="24" count="1" type="stmt"/>
        <line num="28" count="1" type="stmt"/>
        <line num="32" count="1" type="stmt"/>
        <line num="39" count="1" type="stmt"/>
        <line num="40" count="1" type="stmt"/>
        <line num="41" count="1" type="stmt"/>
        <line num="42" count="1" type="stmt"/>
        <line num="43" count="1" type="stmt"/>
        <line num="44" count="1" type="stmt"/>
        <line num="45" count="1" type="stmt"/>
        <line num="48" count="1" type="stmt"/>
        <line num="49" count="11" type="stmt"/>
        <line num="51" count="11" type="stmt"/>
        <line num="52" count="11" type="stmt"/>
        <line num="53" count="11" type="stmt"/>
        <line num="54" count="11" type="stmt"/>
        <line num="55" count="11" type="stmt"/>
        <line num="62" count="2" type="stmt"/>
        <line num="63" count="2" type="stmt"/>
        <line num="64" count="2" type="stmt"/>
        <line num="65" count="2" type="stmt"/>
        <line num="67" count="2" type="stmt"/>
        <line num="70" count="2" type="stmt"/>
        <line num="72" count="2" type="stmt"/>
        <line num="75" count="2" type="stmt"/>
        <line num="76" count="2" type="stmt"/>
        <line num="77" count="2" type="stmt"/>
        <line num="89" count="2" type="stmt"/>
        <line num="90" count="2" type="stmt"/>
        <line num="91" count="2" type="stmt"/>
        <line num="92" count="2" type="cond" truecount="6" falsecount="2"/>
        <line num="93" count="2" type="stmt"/>
        <line num="94" count="2" type="stmt"/>
        <line num="95" count="2" type="cond" truecount="3" falsecount="1"/>
        <line num="98" count="88" type="cond" truecount="1" falsecount="0"/>
        <line num="100" count="42" type="stmt"/>
        <line num="102" count="42" type="stmt"/>
        <line num="105" count="42" type="stmt"/>
        <line num="109" count="42" type="stmt"/>
        <line num="113" count="42" type="stmt"/>
        <line num="114" count="42" type="stmt"/>
        <line num="122" count="0" type="stmt"/>
        <line num="130" count="42" type="stmt"/>
        <line num="138" count="0" type="stmt"/>
        <line num="139" count="0" type="stmt"/>
        <line num="147" count="42" type="stmt"/>
        <line num="152" count="42" type="stmt"/>
        <line num="157" count="1582" type="stmt"/>
        <line num="158" count="1582" type="stmt"/>
        <line num="159" count="5668" type="stmt"/>
        <line num="161" count="1582" type="stmt"/>
        <line num="173" count="0" type="stmt"/>
        <line num="179" count="2" type="stmt"/>
        <line num="180" count="2" type="stmt"/>
        <line num="185" count="2" type="stmt"/>
        <line num="186" count="2" type="stmt"/>
        <line num="187" count="2" type="cond" truecount="3" falsecount="1"/>
        <line num="188" count="16" type="cond" truecount="6" falsecount="2"/>
        <line num="190" count="16" type="cond" truecount="3" falsecount="1"/>
        <line num="191" count="196" type="cond" truecount="1" falsecount="0"/>
        <line num="194" count="96" type="cond" truecount="6" falsecount="2"/>
        <line num="196" count="96" type="stmt"/>
        <line num="199" count="96" type="stmt"/>
        <line num="204" count="96" type="stmt"/>
        <line num="205" count="96" type="stmt"/>
        <line num="206" count="298" type="stmt"/>
        <line num="207" count="298" type="stmt"/>
        <line num="210" count="0" type="stmt"/>
        <line num="213" count="96" type="cond" truecount="2" falsecount="0"/>
        <line num="214" count="18" type="stmt"/>
        <line num="219" count="18" type="stmt"/>
        <line num="221" count="78" type="stmt"/>
        <line num="225" count="78" type="stmt"/>
        <line num="230" count="2" type="stmt"/>
        <line num="234" count="2" type="stmt"/>
        <line num="238" count="2" type="stmt"/>
        <line num="239" count="2" type="cond" truecount="3" falsecount="1"/>
        <line num="240" count="16" type="cond" truecount="6" falsecount="2"/>
        <line num="241" count="16" type="cond" truecount="3" falsecount="1"/>
        <line num="243" count="196" type="stmt"/>
        <line num="244" count="196" type="stmt"/>
        <line num="245" count="772" type="stmt"/>
        <line num="246" count="772" type="stmt"/>
        <line num="248" count="2040" type="stmt"/>
        <line num="250" count="772" type="cond" truecount="1" falsecount="0"/>
        <line num="253" count="382" type="cond" truecount="6" falsecount="2"/>
        <line num="254" count="382" type="stmt"/>
        <line num="258" count="382" type="stmt"/>
        <line num="261" count="1922" type="stmt"/>
        <line num="262" count="1922" type="stmt"/>
        <line num="264" count="382" type="cond" truecount="1" falsecount="0"/>
        <line num="266" count="794" type="stmt"/>
        <line num="274" count="190" type="stmt"/>
        <line num="278" count="772" type="cond" truecount="1" falsecount="0"/>
        <line num="279" count="190" type="stmt"/>
        <line num="280" count="190" type="stmt"/>
        <line num="281" count="190" type="stmt"/>
        <line num="282" count="190" type="stmt"/>
        <line num="286" count="190" type="cond" truecount="2" falsecount="0"/>
        <line num="287" count="90" type="stmt"/>
        <line num="289" count="100" type="stmt"/>
        <line num="293" count="190" type="stmt"/>
        <line num="294" count="190" type="stmt"/>
        <line num="295" count="190" type="stmt"/>
        <line num="299" count="0" type="stmt"/>
        <line num="301" count="0" type="stmt"/>
        <line num="302" count="0" type="stmt"/>
        <line num="306" count="190" type="stmt"/>
        <line num="313" count="190" type="stmt"/>
        <line num="314" count="190" type="stmt"/>
        <line num="315" count="100" type="stmt"/>
        <line num="322" count="190" type="stmt"/>
        <line num="324" count="760" type="stmt"/>
        <line num="325" count="760" type="stmt"/>
        <line num="326" count="760" type="stmt"/>
        <line num="330" count="0" type="stmt"/>
        <line num="332" count="0" type="stmt"/>
        <line num="333" count="0" type="stmt"/>
        <line num="337" count="760" type="stmt"/>
        <line num="346" count="760" type="stmt"/>
        <line num="347" count="760" type="stmt"/>
        <line num="348" count="360" type="stmt"/>
        <line num="358" count="2" type="stmt"/>
        <line num="360" count="2" type="stmt"/>
        <line num="362" count="972" type="stmt"/>
        <line num="375" count="2" type="stmt"/>
        <line num="377" count="972" type="stmt"/>
        <line num="386" count="2" type="stmt"/>
        <line num="387" count="972" type="stmt"/>
        <line num="390" count="2" type="stmt"/>
        <line num="401" count="2" type="stmt"/>
        <line num="403" count="2" type="stmt"/>
        <line num="404" count="2" type="stmt"/>
        <line num="405" count="204" type="stmt"/>
        <line num="409" count="2" type="stmt"/>
        <line num="410" count="2" type="stmt"/>
        <line num="411" count="2" type="stmt"/>
        <line num="412" count="204" type="stmt"/>
        <line num="414" count="2" type="stmt"/>
        <line num="415" count="2" type="stmt"/>
        <line num="418" count="2" type="stmt"/>
        <line num="427" count="2" type="stmt"/>
        <line num="429" count="2" type="stmt"/>
        <line num="431" count="2" type="stmt"/>
        <line num="434" count="0" type="stmt"/>
        <line num="436" count="0" type="stmt"/>
        <line num="440" count="0" type="stmt"/>
        <line num="443" count="0" type="stmt"/>
        <line num="448" count="0" type="stmt"/>
        <line num="455" count="0" type="stmt"/>
        <line num="456" count="0" type="cond" truecount="0" falsecount="3"/>
        <line num="458" count="0" type="stmt"/>
        <line num="464" count="0" type="cond" truecount="0" falsecount="2"/>
        <line num="465" count="0" type="stmt"/>
        <line num="468" count="0" type="stmt"/>
        <line num="473" count="0" type="stmt"/>
        <line num="479" count="0" type="stmt"/>
        <line num="483" count="0" type="stmt"/>
        <line num="491" count="2" type="stmt"/>
        <line num="494" count="2" type="stmt"/>
        <line num="495" count="0" type="stmt"/>
        <line num="497" count="0" type="stmt"/>
        <line num="504" count="0" type="stmt"/>
        <line num="505" count="0" type="stmt"/>
        <line num="518" count="0" type="stmt"/>
        <line num="527" count="0" type="stmt"/>
        <line num="532" count="0" type="stmt"/>
        <line num="538" count="0" type="cond" truecount="0" falsecount="4"/>
        <line num="540" count="0" type="stmt"/>
        <line num="548" count="0" type="stmt"/>
        <line num="551" count="0" type="stmt"/>
        <line num="556" count="0" type="stmt"/>
        <line num="561" count="0" type="stmt"/>
        <line num="571" count="2" type="stmt"/>
        <line num="576" count="3" type="stmt"/>
        <line num="577" count="3" type="stmt"/>
        <line num="580" count="3" type="stmt"/>
        <line num="583" count="3" type="stmt"/>
        <line num="587" count="3" type="stmt"/>
        <line num="590" count="3" type="stmt"/>
        <line num="591" count="42" type="stmt"/>
        <line num="592" count="42" type="stmt"/>
        <line num="593" count="42" type="stmt"/>
        <line num="596" count="3" type="stmt"/>
        <line num="599" count="3" type="stmt"/>
        <line num="600" count="972" type="stmt"/>
        <line num="601" count="972" type="stmt"/>
        <line num="602" count="972" type="stmt"/>
        <line num="605" count="0" type="stmt"/>
        <line num="610" count="0" type="stmt"/>
        <line num="611" count="0" type="stmt"/>
        <line num="612" count="0" type="stmt"/>
        <line num="614" count="0" type="stmt"/>
        <line num="620" count="0" type="stmt"/>
        <line num="621" count="0" type="stmt"/>
        <line num="622" count="0" type="stmt"/>
        <line num="623" count="0" type="stmt"/>
        <line num="624" count="0" type="stmt"/>
        <line num="625" count="0" type="stmt"/>
        <line num="627" count="0" type="stmt"/>
        <line num="628" count="0" type="stmt"/>
        <line num="631" count="0" type="stmt"/>
      </file>
      <file name="csv-adapter.utils.ts" path="/home/shashwat/Documents/GitHub/cQube-ingestion/impl/c-qube/src/services/csv-adapter/csv-adapter.utils.ts">
        <metrics statements="11" coveredstatements="11" conditionals="2" coveredconditionals="2" methods="3" coveredmethods="3"/>
        <line num="1" count="1" type="stmt"/>
        <line num="2" count="1" type="stmt"/>
        <line num="4" count="1" type="stmt"/>
        <line num="5" count="96" type="stmt"/>
        <line num="6" count="412" type="stmt"/>
        <line num="10" count="1" type="stmt"/>
        <line num="16" count="286" type="stmt"/>
        <line num="19" count="286" type="stmt"/>
        <line num="20" count="286" type="cond" truecount="2" falsecount="0"/>
        <line num="21" count="108" type="stmt"/>
        <line num="23" count="178" type="stmt"/>
      </file>
    </package>
    <package name="src.services.csv-adapter.parser.dataset">
      <metrics statements="178" coveredstatements="95" conditionals="58" coveredconditionals="27" methods="21" coveredmethods="14"/>
      <file name="dataset-grammar.helper.ts" path="/home/shashwat/Documents/GitHub/cQube-ingestion/impl/c-qube/src/services/csv-adapter/parser/dataset/dataset-grammar.helper.ts">
        <metrics statements="87" coveredstatements="5" conditionals="24" coveredconditionals="0" methods="7" coveredmethods="0"/>
        <line num="2" count="1" type="stmt"/>
        <line num="4" count="1" type="stmt"/>
        <line num="5" count="1" type="stmt"/>
        <line num="7" count="1" type="stmt"/>
        <line num="11" count="0" type="stmt"/>
        <line num="14" count="0" type="stmt"/>
        <line num="15" count="0" type="stmt"/>
        <line num="16" count="0" type="stmt"/>
        <line num="17" count="0" type="stmt"/>
        <line num="19" count="0" type="stmt"/>
        <line num="21" count="0" type="stmt"/>
        <line num="22" count="0" type="cond" truecount="0" falsecount="3"/>
        <line num="24" count="0" type="stmt"/>
        <line num="25" count="0" type="stmt"/>
        <line num="29" count="0" type="stmt"/>
        <line num="32" count="0" type="stmt"/>
        <line num="35" count="0" type="stmt"/>
        <line num="38" count="0" type="stmt"/>
        <line num="43" count="0" type="stmt"/>
        <line num="45" count="0" type="stmt"/>
        <line num="46" count="0" type="stmt"/>
        <line num="47" count="0" type="stmt"/>
        <line num="48" count="0" type="stmt"/>
        <line num="49" count="0" type="stmt"/>
        <line num="50" count="0" type="stmt"/>
        <line num="53" count="0" type="stmt"/>
        <line num="56" count="0" type="cond" truecount="0" falsecount="1"/>
        <line num="57" count="0" type="stmt"/>
        <line num="58" count="0" type="cond" truecount="0" falsecount="2"/>
        <line num="59" count="0" type="stmt"/>
        <line num="60" count="0" type="cond" truecount="0" falsecount="2"/>
        <line num="61" count="0" type="stmt"/>
        <line num="62" count="0" type="stmt"/>
        <line num="63" count="0" type="cond" truecount="0" falsecount="2"/>
        <line num="64" count="0" type="stmt"/>
        <line num="65" count="0" type="stmt"/>
        <line num="66" count="0" type="cond" truecount="0" falsecount="1"/>
        <line num="67" count="0" type="stmt"/>
        <line num="70" count="0" type="stmt"/>
        <line num="72" count="0" type="stmt"/>
        <line num="75" count="0" type="stmt"/>
        <line num="82" count="1" type="stmt"/>
        <line num="87" count="0" type="stmt"/>
        <line num="88" count="0" type="stmt"/>
        <line num="89" count="0" type="stmt"/>
        <line num="90" count="0" type="stmt"/>
        <line num="91" count="0" type="stmt"/>
        <line num="92" count="0" type="stmt"/>
        <line num="93" count="0" type="stmt"/>
        <line num="94" count="0" type="stmt"/>
        <line num="97" count="0" type="stmt"/>
        <line num="98" count="0" type="cond" truecount="0" falsecount="1"/>
        <line num="99" count="0" type="stmt"/>
        <line num="100" count="0" type="stmt"/>
        <line num="103" count="0" type="stmt"/>
        <line num="104" count="0" type="cond" truecount="0" falsecount="3"/>
        <line num="105" count="0" type="stmt"/>
        <line num="106" count="0" type="stmt"/>
        <line num="110" count="0" type="stmt"/>
        <line num="111" count="0" type="cond" truecount="0" falsecount="1"/>
        <line num="113" count="0" type="stmt"/>
        <line num="116" count="0" type="stmt"/>
        <line num="121" count="0" type="stmt"/>
        <line num="122" count="0" type="stmt"/>
        <line num="124" count="0" type="stmt"/>
        <line num="125" count="0" type="stmt"/>
        <line num="126" count="0" type="stmt"/>
        <line num="127" count="0" type="stmt"/>
        <line num="128" count="0" type="stmt"/>
        <line num="131" count="0" type="stmt"/>
        <line num="133" count="0" type="stmt"/>
        <line num="134" count="0" type="stmt"/>
        <line num="136" count="0" type="cond" truecount="0" falsecount="1"/>
        <line num="137" count="0" type="stmt"/>
        <line num="138" count="0" type="cond" truecount="0" falsecount="2"/>
        <line num="139" count="0" type="stmt"/>
        <line num="140" count="0" type="cond" truecount="0" falsecount="2"/>
        <line num="141" count="0" type="stmt"/>
        <line num="142" count="0" type="stmt"/>
        <line num="143" count="0" type="cond" truecount="0" falsecount="2"/>
        <line num="144" count="0" type="stmt"/>
        <line num="145" count="0" type="stmt"/>
        <line num="146" count="0" type="cond" truecount="0" falsecount="1"/>
        <line num="147" count="0" type="stmt"/>
        <line num="150" count="0" type="stmt"/>
        <line num="152" count="0" type="stmt"/>
        <line num="155" count="0" type="stmt"/>
      </file>
      <file name="dataset-grammar.service.ts" path="/home/shashwat/Documents/GitHub/cQube-ingestion/impl/c-qube/src/services/csv-adapter/parser/dataset/dataset-grammar.service.ts">
        <metrics statements="91" coveredstatements="90" conditionals="34" coveredconditionals="27" methods="14" coveredmethods="14"/>
        <line num="8" count="1" type="stmt"/>
        <line num="9" count="1" type="stmt"/>
        <line num="10" count="1" type="stmt"/>
        <line num="12" count="1" type="stmt"/>
        <line num="17" count="18" type="stmt"/>
        <line num="19" count="18" type="stmt"/>
        <line num="20" count="72" type="stmt"/>
        <line num="22" count="384" type="stmt"/>
        <line num="28" count="384" type="stmt"/>
        <line num="32" count="18" type="stmt"/>
        <line num="35" count="1" type="stmt"/>
        <line num="39" count="78" type="stmt"/>
        <line num="41" count="78" type="stmt"/>
        <line num="43" count="202" type="stmt"/>
        <line num="47" count="202" type="stmt"/>
        <line num="50" count="78" type="stmt"/>
        <line num="53" count="1" type="stmt"/>
        <line num="57" count="202" type="stmt"/>
        <line num="58" count="202" type="stmt"/>
        <line num="61" count="202" type="stmt"/>
        <line num="63" count="202" type="cond" truecount="3" falsecount="1"/>
        <line num="64" count="202" type="stmt"/>
        <line num="91" count="202" type="stmt"/>
        <line num="101" count="202" type="stmt"/>
        <line num="104" count="1" type="stmt"/>
        <line num="108" count="586" type="stmt"/>
        <line num="114" count="586" type="stmt"/>
        <line num="115" count="586" type="stmt"/>
        <line num="116" count="3828" type="cond" truecount="1" falsecount="0"/>
        <line num="121" count="586" type="stmt"/>
        <line num="124" count="586" type="stmt"/>
        <line num="127" count="1" type="stmt"/>
        <line num="133" count="384" type="stmt"/>
        <line num="134" count="384" type="stmt"/>
        <line num="137" count="384" type="stmt"/>
        <line num="139" count="384" type="cond" truecount="3" falsecount="1"/>
        <line num="141" count="384" type="stmt"/>
        <line num="148" count="384" type="stmt"/>
        <line num="179" count="384" type="stmt"/>
        <line num="189" count="384" type="stmt"/>
        <line num="192" count="1" type="stmt"/>
        <line num="198" count="1008" type="stmt"/>
        <line num="199" count="7256" type="cond" truecount="1" falsecount="0"/>
        <line num="203" count="1008" type="stmt"/>
        <line num="206" count="1008" type="stmt"/>
        <line num="209" count="1" type="stmt"/>
        <line num="217" count="760" type="stmt"/>
        <line num="218" count="760" type="stmt"/>
        <line num="224" count="360" type="stmt"/>
        <line num="225" count="360" type="stmt"/>
        <line num="226" count="360" type="stmt"/>
        <line num="227" count="360" type="stmt"/>
        <line num="229" count="360" type="stmt"/>
        <line num="234" count="360" type="stmt"/>
        <line num="235" count="744" type="stmt"/>
        <line num="236" count="3816" type="cond" truecount="1" falsecount="0"/>
        <line num="237" count="744" type="stmt"/>
        <line num="238" count="15624" type="stmt"/>
        <line num="240" count="744" type="stmt"/>
        <line num="247" count="744" type="stmt"/>
        <line num="250" count="744" type="stmt"/>
        <line num="254" count="744" type="stmt"/>
        <line num="258" count="744" type="stmt"/>
        <line num="263" count="360" type="cond" truecount="0" falsecount="1"/>
        <line num="268" count="0" type="stmt"/>
        <line num="276" count="360" type="stmt"/>
        <line num="282" count="360" type="stmt"/>
        <line num="303" count="744" type="stmt"/>
        <line num="313" count="360" type="stmt"/>
        <line num="315" count="760" type="stmt"/>
        <line num="318" count="1" type="stmt"/>
        <line num="325" count="190" type="stmt"/>
        <line num="326" count="190" type="stmt"/>
        <line num="332" count="100" type="stmt"/>
        <line num="333" count="100" type="stmt"/>
        <line num="334" count="100" type="stmt"/>
        <line num="335" count="100" type="stmt"/>
        <line num="337" count="100" type="stmt"/>
        <line num="338" count="100" type="stmt"/>
        <line num="339" count="264" type="stmt"/>
        <line num="340" count="1104" type="cond" truecount="1" falsecount="0"/>
        <line num="341" count="264" type="stmt"/>
        <line num="342" count="5544" type="stmt"/>
        <line num="344" count="264" type="stmt"/>
        <line num="351" count="264" type="stmt"/>
        <line num="354" count="264" type="stmt"/>
        <line num="358" count="264" type="stmt"/>
        <line num="365" count="100" type="stmt"/>
        <line num="383" count="264" type="stmt"/>
        <line num="393" count="100" type="stmt"/>
        <line num="395" count="190" type="stmt"/>
      </file>
    </package>
    <package name="src.services.csv-adapter.parser.dimension-grammar">
      <metrics statements="60" coveredstatements="60" conditionals="14" coveredconditionals="13" methods="21" coveredmethods="21"/>
      <file name="dimension-grammar.helpers.ts" path="/home/shashwat/Documents/GitHub/cQube-ingestion/impl/c-qube/src/services/csv-adapter/parser/dimension-grammar/dimension-grammar.helpers.ts">
        <metrics statements="40" coveredstatements="40" conditionals="11" coveredconditionals="10" methods="16" coveredmethods="16"/>
        <line num="2" count="3" type="stmt"/>
        <line num="3" count="3" type="stmt"/>
        <line num="5" count="3" type="stmt"/>
        <line num="9" count="2" type="stmt"/>
        <line num="10" count="9" type="stmt"/>
        <line num="12" count="2" type="cond" truecount="1" falsecount="0"/>
        <line num="13" count="1" type="stmt"/>
        <line num="14" count="1" type="stmt"/>
        <line num="17" count="1" type="stmt"/>
        <line num="18" count="1" type="stmt"/>
        <line num="19" count="1" type="stmt"/>
        <line num="21" count="1" type="stmt"/>
        <line num="28" count="1" type="stmt"/>
        <line num="31" count="3" type="stmt"/>
        <line num="32" count="47" type="stmt"/>
        <line num="35" count="3" type="stmt"/>
        <line num="40" count="47" type="stmt"/>
        <line num="43" count="189" type="stmt"/>
        <line num="47" count="47" type="stmt"/>
        <line num="49" count="189" type="cond" truecount="2" falsecount="0"/>
        <line num="50" count="189" type="stmt"/>
        <line num="51" count="188" type="stmt"/>
        <line num="53" count="47" type="stmt"/>
        <line num="56" count="3" type="stmt"/>
        <line num="57" count="47" type="stmt"/>
        <line num="58" count="192" type="stmt"/>
        <line num="59" count="1224" type="stmt"/>
        <line num="65" count="3" type="stmt"/>
        <line num="70" count="49" type="stmt"/>
        <line num="72" count="49" type="stmt"/>
        <line num="73" count="49" type="stmt"/>
        <line num="74" count="48" type="stmt"/>
        <line num="84" count="48" type="stmt"/>
        <line num="92" count="1" type="stmt"/>
        <line num="96" count="3" type="stmt"/>
        <line num="102" count="2" type="stmt"/>
        <line num="103" count="7" type="stmt"/>
        <line num="107" count="7" type="stmt"/>
        <line num="110" count="2" type="stmt"/>
        <line num="124" count="1" type="stmt"/>
      </file>
      <file name="dimension-grammar.service.ts" path="/home/shashwat/Documents/GitHub/cQube-ingestion/impl/c-qube/src/services/csv-adapter/parser/dimension-grammar/dimension-grammar.service.ts">
        <metrics statements="20" coveredstatements="20" conditionals="3" coveredconditionals="3" methods="5" coveredmethods="5"/>
        <line num="1" count="2" type="stmt"/>
        <line num="2" count="2" type="stmt"/>
        <line num="3" count="2" type="stmt"/>
        <line num="13" count="2" type="stmt"/>
        <line num="14" count="19" type="stmt"/>
        <line num="18" count="47" type="stmt"/>
        <line num="19" count="159" type="stmt"/>
        <line num="21" count="47" type="cond" truecount="1" falsecount="0"/>
        <line num="22" count="2" type="stmt"/>
        <line num="25" count="2" type="stmt"/>
        <line num="28" count="45" type="stmt"/>
        <line num="29" count="45" type="stmt"/>
        <line num="30" count="45" type="stmt"/>
        <line num="32" count="45" type="stmt"/>
        <line num="39" count="45" type="stmt"/>
        <line num="48" count="46" type="stmt"/>
        <line num="49" count="46" type="stmt"/>
        <line num="50" count="180" type="stmt"/>
        <line num="58" count="46" type="stmt"/>
        <line num="72" count="51" type="stmt"/>
      </file>
    </package>
    <package name="src.services.csv-adapter.parser.event-grammar">
      <metrics statements="67" coveredstatements="67" conditionals="10" coveredconditionals="10" methods="20" coveredmethods="20"/>
      <file name="event-grammar.helpers.ts" path="/home/shashwat/Documents/GitHub/cQube-ingestion/impl/c-qube/src/services/csv-adapter/parser/event-grammar/event-grammar.helpers.ts">
        <metrics statements="38" coveredstatements="38" conditionals="10" coveredconditionals="10" methods="15" coveredmethods="15"/>
        <line num="8" count="2" type="stmt"/>
        <line num="9" count="2" type="stmt"/>
        <line num="11" count="2" type="stmt"/>
        <line num="15" count="298" type="stmt"/>
        <line num="19" count="298" type="stmt"/>
        <line num="26" count="298" type="stmt"/>
        <line num="28" count="1270" type="stmt"/>
        <line num="30" count="298" type="stmt"/>
        <line num="33" count="298" type="stmt"/>
        <line num="36" count="1270" type="cond" truecount="2" falsecount="0"/>
        <line num="37" count="884" type="stmt"/>
        <line num="39" count="1270" type="stmt"/>
        <line num="40" count="1622" type="stmt"/>
        <line num="43" count="298" type="stmt"/>
        <line num="44" count="1270" type="stmt"/>
        <line num="45" count="6998" type="stmt"/>
        <line num="50" count="298" type="stmt"/>
        <line num="56" count="298" type="stmt"/>
        <line num="59" count="2" type="stmt"/>
        <line num="66" count="298" type="stmt"/>
        <line num="67" count="298" type="stmt"/>
        <line num="68" count="1270" type="stmt"/>
        <line num="76" count="298" type="stmt"/>
        <line num="90" count="386" type="stmt"/>
        <line num="95" count="2" type="stmt"/>
        <line num="108" count="1429" type="stmt"/>
        <line num="109" count="9157" type="stmt"/>
        <line num="125" count="2" type="stmt"/>
        <line num="130" count="1429" type="stmt"/>
        <line num="133" count="9158" type="stmt"/>
        <line num="138" count="2" type="stmt"/>
        <line num="139" count="300" type="stmt"/>
        <line num="140" count="300" type="stmt"/>
        <line num="141" count="697" type="cond" truecount="2" falsecount="0"/>
        <line num="143" count="97" type="stmt"/>
        <line num="147" count="97" type="stmt"/>
        <line num="149" count="600" type="stmt"/>
        <line num="155" count="300" type="stmt"/>
      </file>
      <file name="event-grammar.service.ts" path="/home/shashwat/Documents/GitHub/cQube-ingestion/impl/c-qube/src/services/csv-adapter/parser/event-grammar/event-grammar.service.ts">
        <metrics statements="29" coveredstatements="29" conditionals="0" coveredconditionals="0" methods="5" coveredmethods="5"/>
        <line num="1" count="1" type="stmt"/>
        <line num="2" count="1" type="stmt"/>
        <line num="3" count="1" type="stmt"/>
        <line num="11" count="1" type="stmt"/>
        <line num="17" count="1" type="stmt"/>
        <line num="19" count="1" type="stmt"/>
        <line num="26" count="1428" type="stmt"/>
        <line num="29" count="1428" type="stmt"/>
        <line num="37" count="1428" type="stmt"/>
        <line num="39" count="1428" type="stmt"/>
        <line num="42" count="1" type="stmt"/>
        <line num="47" count="96" type="stmt"/>
        <line num="55" count="96" type="stmt"/>
        <line num="58" count="96" type="stmt"/>
        <line num="60" count="96" type="stmt"/>
        <line num="61" count="298" type="stmt"/>
        <line num="64" count="298" type="stmt"/>
        <line num="71" count="298" type="stmt"/>
        <line num="72" count="1548" type="stmt"/>
        <line num="74" count="394" type="stmt"/>
        <line num="79" count="298" type="stmt"/>
        <line num="87" count="298" type="stmt"/>
        <line num="95" count="298" type="stmt"/>
        <line num="103" count="298" type="stmt"/>
        <line num="106" count="96" type="stmt"/>
        <line num="109" count="1" type="stmt"/>
        <line num="116" count="298" type="stmt"/>
        <line num="119" count="298" type="stmt"/>
        <line num="143" count="298" type="stmt"/>
      </file>
    </package>
    <package name="src.services.csv-adapter.parser.utils">
      <metrics statements="87" coveredstatements="82" conditionals="13" coveredconditionals="11" methods="27" coveredmethods="25"/>
      <file name="csvcleaner.ts" path="/home/shashwat/Documents/GitHub/cQube-ingestion/impl/c-qube/src/services/csv-adapter/parser/utils/csvcleaner.ts">
        <metrics statements="49" coveredstatements="45" conditionals="6" coveredconditionals="4" methods="11" coveredmethods="10"/>
        <line num="1" count="2" type="stmt"/>
        <line num="2" count="2" type="stmt"/>
        <line num="3" count="2" type="stmt"/>
        <line num="4" count="2" type="stmt"/>
        <line num="6" count="2" type="stmt"/>
        <line num="7" count="204" type="stmt"/>
        <line num="8" count="204" type="cond" truecount="0" falsecount="1"/>
        <line num="9" count="0" type="stmt"/>
        <line num="11" count="204" type="stmt"/>
        <line num="12" count="204" type="stmt"/>
        <line num="13" count="204" type="stmt"/>
        <line num="18" count="204" type="stmt"/>
        <line num="19" count="16882" type="stmt"/>
        <line num="20" count="16882" type="stmt"/>
        <line num="21" count="992588" type="cond" truecount="1" falsecount="1"/>
        <line num="22" count="0" type="stmt"/>
        <line num="24" count="992588" type="stmt"/>
        <line num="27" count="16882" type="stmt"/>
        <line num="29" count="204" type="stmt"/>
        <line num="30" count="204" type="stmt"/>
        <line num="31" count="204" type="stmt"/>
        <line num="32" count="204" type="stmt"/>
        <line num="33" count="204" type="stmt"/>
        <line num="34" count="204" type="stmt"/>
        <line num="35" count="204" type="stmt"/>
        <line num="36" count="204" type="stmt"/>
        <line num="39" count="204" type="stmt"/>
        <line num="40" count="0" type="stmt"/>
        <line num="45" count="2" type="stmt"/>
        <line num="46" count="205" type="stmt"/>
        <line num="49" count="2" type="stmt"/>
        <line num="50" count="205" type="stmt"/>
        <line num="51" count="205" type="stmt"/>
        <line num="52" count="205" type="stmt"/>
        <line num="54" count="205" type="stmt"/>
        <line num="57" count="205" type="stmt"/>
        <line num="58" count="17110" type="stmt"/>
        <line num="61" count="205" type="stmt"/>
        <line num="64" count="205" type="stmt"/>
        <line num="66" count="0" type="stmt"/>
        <line num="70" count="2" type="cond" truecount="1" falsecount="0"/>
        <line num="71" count="24" type="stmt"/>
        <line num="73" count="24" type="stmt"/>
        <line num="74" count="230" type="stmt"/>
        <line num="75" count="230" type="stmt"/>
        <line num="77" count="230" type="cond" truecount="2" falsecount="0"/>
        <line num="78" count="21" type="stmt"/>
        <line num="80" count="209" type="stmt"/>
        <line num="83" count="24" type="stmt"/>
      </file>
      <file name="csvreader.ts" path="/home/shashwat/Documents/GitHub/cQube-ingestion/impl/c-qube/src/services/csv-adapter/parser/utils/csvreader.ts">
        <metrics statements="15" coveredstatements="14" conditionals="0" coveredconditionals="0" methods="8" coveredmethods="7"/>
        <line num="1" count="3" type="stmt"/>
        <line num="2" count="3" type="stmt"/>
        <line num="4" count="3" type="stmt"/>
        <line num="6" count="3" type="stmt"/>
        <line num="7" count="2" type="stmt"/>
        <line num="8" count="2" type="stmt"/>
        <line num="10" count="2" type="stmt"/>
        <line num="14" count="5" type="stmt"/>
        <line num="17" count="2" type="stmt"/>
        <line num="20" count="0" type="stmt"/>
        <line num="25" count="3" type="stmt"/>
        <line num="26" count="1727" type="stmt"/>
        <line num="28" count="1726" type="stmt"/>
        <line num="30" count="8138" type="stmt"/>
        <line num="31" count="8138" type="stmt"/>
      </file>
      <file name="dateparser.ts" path="/home/shashwat/Documents/GitHub/cQube-ingestion/impl/c-qube/src/services/csv-adapter/parser/utils/dateparser.ts">
        <metrics statements="23" coveredstatements="23" conditionals="7" coveredconditionals="7" methods="8" coveredmethods="8"/>
        <line num="1" count="2" type="stmt"/>
        <line num="4" count="2" type="stmt"/>
        <line num="9" count="4" type="stmt"/>
        <line num="10" count="4" type="stmt"/>
        <line num="14" count="8" type="stmt"/>
        <line num="15" count="8" type="stmt"/>
        <line num="20" count="8" type="cond" truecount="4" falsecount="0"/>
        <line num="21" count="1" type="stmt"/>
        <line num="22" count="1" type="stmt"/>
        <line num="27" count="1" type="stmt"/>
        <line num="28" count="7" type="cond" truecount="1" falsecount="0"/>
        <line num="29" count="7" type="stmt"/>
        <line num="30" count="7" type="stmt"/>
        <line num="31" count="7" type="cond" truecount="2" falsecount="0"/>
        <line num="32" count="7" type="stmt"/>
        <line num="37" count="7" type="stmt"/>
        <line num="77" count="1" type="stmt"/>
        <line num="78" count="1" type="stmt"/>
        <line num="79" count="1" type="stmt"/>
        <line num="83" count="1" type="stmt"/>
        <line num="89" count="1" type="stmt"/>
        <line num="96" count="1" type="stmt"/>
        <line num="100" count="1" type="stmt"/>
      </file>
    </package>
    <package name="src.services.csv-adapter.types">
      <metrics statements="9" coveredstatements="9" conditionals="4" coveredconditionals="4" methods="2" coveredmethods="2"/>
      <file name="parser.ts" path="/home/shashwat/Documents/GitHub/cQube-ingestion/impl/c-qube/src/services/csv-adapter/types/parser.ts">
        <metrics statements="9" coveredstatements="9" conditionals="4" coveredconditionals="4" methods="2" coveredmethods="2"/>
        <line num="9" count="3" type="cond" truecount="2" falsecount="0"/>
        <line num="10" count="3" type="stmt"/>
        <line num="11" count="3" type="stmt"/>
        <line num="12" count="3" type="stmt"/>
        <line num="23" count="3" type="cond" truecount="2" falsecount="0"/>
        <line num="24" count="3" type="stmt"/>
        <line num="25" count="3" type="stmt"/>
        <line num="26" count="3" type="stmt"/>
        <line num="27" count="3" type="stmt"/>
      </file>
    </package>
    <package name="src.services.dataset">
      <metrics statements="102" coveredstatements="84" conditionals="32" coveredconditionals="27" methods="33" coveredmethods="22"/>
      <file name="dataset.service.ts" path="/home/shashwat/Documents/GitHub/cQube-ingestion/impl/c-qube/src/services/dataset/dataset.service.ts">
        <metrics statements="102" coveredstatements="84" conditionals="32" coveredconditionals="27" methods="33" coveredmethods="22"/>
        <line num="1" count="2" type="stmt"/>
        <line num="13" count="2" type="stmt"/>
        <line num="14" count="2" type="stmt"/>
        <line num="15" count="2" type="stmt"/>
        <line num="16" count="2" type="stmt"/>
        <line num="20" count="2" type="stmt"/>
        <line num="21" count="2" type="stmt"/>
        <line num="23" count="2" type="stmt"/>
        <line num="25" count="2" type="stmt"/>
        <line num="37" count="2" type="stmt"/>
        <line num="38" count="22" type="stmt"/>
        <line num="40" count="22" type="stmt"/>
        <line num="41" count="22" type="stmt"/>
        <line num="42" count="22" type="cond" truecount="3" falsecount="1"/>
        <line num="43" count="22" type="stmt"/>
        <line num="47" count="975" type="stmt"/>
        <line num="55" count="709" type="cond" truecount="2" falsecount="0"/>
        <line num="56" count="177" type="stmt"/>
        <line num="62" count="532" type="cond" truecount="1" falsecount="0"/>
        <line num="63" count="177" type="stmt"/>
        <line num="69" count="355" type="stmt"/>
        <line num="83" count="973" type="cond" truecount="1" falsecount="0"/>
        <line num="85" count="522" type="stmt"/>
        <line num="90" count="522" type="stmt"/>
        <line num="94" count="973" type="stmt"/>
        <line num="112" count="974" type="stmt"/>
        <line num="118" count="974" type="cond" truecount="1" falsecount="0"/>
        <line num="119" count="522" type="stmt"/>
        <line num="126" count="974" type="stmt"/>
        <line num="144" count="973" type="stmt"/>
        <line num="147" count="1" type="stmt"/>
        <line num="148" count="1" type="stmt"/>
        <line num="149" count="1" type="stmt"/>
        <line num="150" count="1" type="stmt"/>
        <line num="154" count="0" type="cond" truecount="0" falsecount="1"/>
        <line num="157" count="1" type="stmt"/>
        <line num="158" count="0" type="stmt"/>
        <line num="163" count="0" type="stmt"/>
        <line num="170" count="0" type="stmt"/>
        <line num="175" count="0" type="stmt"/>
        <line num="182" count="0" type="stmt"/>
        <line num="187" count="951" type="stmt"/>
        <line num="190" count="951" type="cond" truecount="4" falsecount="1"/>
        <line num="191" count="1" type="stmt"/>
        <line num="195" count="951" type="stmt"/>
        <line num="201" count="951" type="stmt"/>
        <line num="202" count="0" type="stmt"/>
        <line num="204" count="951" type="stmt"/>
        <line num="210" count="1" type="stmt"/>
        <line num="213" count="1" type="cond" truecount="4" falsecount="1"/>
        <line num="214" count="1" type="stmt"/>
        <line num="218" count="1" type="stmt"/>
        <line num="224" count="1" type="stmt"/>
        <line num="225" count="0" type="stmt"/>
        <line num="227" count="1" type="stmt"/>
        <line num="237" count="972" type="stmt"/>
        <line num="238" count="972" type="cond" truecount="1" falsecount="0"/>
        <line num="239" count="972" type="stmt"/>
        <line num="240" count="972" type="stmt"/>
        <line num="241" count="1490" type="stmt"/>
        <line num="251" count="972" type="cond" truecount="2" falsecount="0"/>
        <line num="252" count="704" type="stmt"/>
        <line num="254" count="704" type="stmt"/>
        <line num="260" count="268" type="stmt"/>
        <line num="266" count="972" type="stmt"/>
        <line num="268" count="972" type="stmt"/>
        <line num="272" count="972" type="stmt"/>
        <line num="276" count="972" type="stmt"/>
        <line num="280" count="0" type="stmt"/>
        <line num="300" count="972" type="stmt"/>
        <line num="301" count="0" type="stmt"/>
        <line num="307" count="0" type="stmt"/>
        <line num="311" count="0" type="stmt"/>
        <line num="318" count="0" type="stmt"/>
        <line num="322" count="0" type="stmt"/>
        <line num="323" count="0" type="stmt"/>
        <line num="330" count="3" type="stmt"/>
        <line num="335" count="3" type="stmt"/>
        <line num="336" count="1" type="stmt"/>
        <line num="369" count="2" type="stmt"/>
        <line num="370" count="2" type="cond" truecount="1" falsecount="1"/>
        <line num="373" count="2" type="stmt"/>
        <line num="379" count="2" type="stmt"/>
        <line num="380" count="2" type="stmt"/>
        <line num="390" count="2" type="stmt"/>
        <line num="391" count="2" type="stmt"/>
        <line num="392" count="2" type="stmt"/>
        <line num="394" count="0" type="stmt"/>
        <line num="395" count="0" type="stmt"/>
        <line num="396" count="0" type="stmt"/>
        <line num="402" count="2" type="stmt"/>
        <line num="403" count="2" type="stmt"/>
        <line num="407" count="2" type="stmt"/>
        <line num="408" count="2" type="stmt"/>
        <line num="409" count="2" type="stmt"/>
        <line num="410" count="2" type="stmt"/>
        <line num="412" count="1" type="stmt"/>
        <line num="415" count="1" type="stmt"/>
        <line num="416" count="1" type="stmt"/>
        <line num="422" count="2" type="stmt"/>
        <line num="423" count="2" type="stmt"/>
        <line num="429" count="2" type="stmt"/>
      </file>
    </package>
    <package name="src.services.dimension">
      <metrics statements="43" coveredstatements="33" conditionals="3" coveredconditionals="2" methods="18" coveredmethods="15"/>
      <file name="dimension.service.ts" path="/home/shashwat/Documents/GitHub/cQube-ingestion/impl/c-qube/src/services/dimension/dimension.service.ts">
        <metrics statements="43" coveredstatements="33" conditionals="3" coveredconditionals="2" methods="18" coveredmethods="15"/>
        <line num="1" count="5" type="stmt"/>
        <line num="4" count="5" type="stmt"/>
        <line num="5" count="5" type="stmt"/>
        <line num="8" count="5" type="stmt"/>
        <line num="11" count="5" type="stmt"/>
        <line num="13" count="5" type="stmt"/>
        <line num="15" count="44" type="stmt"/>
        <line num="16" count="44" type="stmt"/>
        <line num="20" count="862" type="stmt"/>
        <line num="32" count="42" type="stmt"/>
        <line num="43" count="42" type="stmt"/>
        <line num="50" count="1" type="stmt"/>
        <line num="57" count="1" type="stmt"/>
        <line num="64" count="1118" type="stmt"/>
        <line num="74" count="1" type="stmt"/>
        <line num="81" count="1" type="stmt"/>
        <line num="89" count="46" type="stmt"/>
        <line num="93" count="46" type="stmt"/>
        <line num="96" count="46" type="stmt"/>
        <line num="97" count="1" type="stmt"/>
        <line num="98" count="1" type="stmt"/>
        <line num="99" count="1" type="stmt"/>
        <line num="100" count="1" type="stmt"/>
        <line num="104" count="46" type="stmt"/>
        <line num="105" count="53" type="stmt"/>
        <line num="106" count="2" type="stmt"/>
        <line num="107" count="2" type="stmt"/>
        <line num="108" count="2" type="stmt"/>
        <line num="117" count="1" type="stmt"/>
        <line num="121" count="1" type="stmt"/>
        <line num="128" count="0" type="stmt"/>
        <line num="129" count="0" type="stmt"/>
        <line num="134" count="0" type="stmt"/>
        <line num="136" count="0" type="stmt"/>
        <line num="141" count="0" type="stmt"/>
        <line num="142" count="0" type="stmt"/>
        <line num="143" count="0" type="cond" truecount="0" falsecount="1"/>
        <line num="144" count="0" type="stmt"/>
        <line num="158" count="0" type="stmt"/>
        <line num="159" count="0" type="stmt"/>
        <line num="168" count="44" type="stmt"/>
        <line num="175" count="44" type="stmt"/>
        <line num="178" count="1" type="cond" truecount="1" falsecount="0"/>
      </file>
    </package>
    <package name="src.services.event">
      <metrics statements="27" coveredstatements="23" conditionals="0" coveredconditionals="0" methods="11" coveredmethods="9"/>
      <file name="event.service.ts" path="/home/shashwat/Documents/GitHub/cQube-ingestion/impl/c-qube/src/services/event/event.service.ts">
        <metrics statements="27" coveredstatements="23" conditionals="0" coveredconditionals="0" methods="11" coveredmethods="9"/>
        <line num="1" count="4" type="stmt"/>
        <line num="13" count="4" type="stmt"/>
        <line num="14" count="4" type="stmt"/>
        <line num="15" count="4" type="stmt"/>
        <line num="20" count="4" type="stmt"/>
        <line num="22" count="38" type="stmt"/>
        <line num="23" count="38" type="stmt"/>
        <line num="24" count="38" type="stmt"/>
        <line num="29" count="820" type="stmt"/>
        <line num="30" count="820" type="stmt"/>
        <line num="32" count="820" type="stmt"/>
        <line num="34" count="820" type="stmt"/>
        <line num="35" count="820" type="stmt"/>
        <line num="38" count="820" type="stmt"/>
        <line num="65" count="298" type="stmt"/>
        <line num="68" count="298" type="stmt"/>
        <line num="95" count="0" type="stmt"/>
        <line num="96" count="0" type="stmt"/>
        <line num="98" count="0" type="stmt"/>
        <line num="101" count="298" type="stmt"/>
        <line num="106" count="1" type="stmt"/>
        <line num="112" count="1" type="stmt"/>
        <line num="116" count="1" type="stmt"/>
        <line num="122" count="1" type="stmt"/>
        <line num="126" count="1" type="stmt"/>
        <line num="130" count="1" type="stmt"/>
        <line num="137" count="0" type="stmt"/>
      </file>
    </package>
    <package name="src.services.instrumenttype">
      <metrics statements="11" coveredstatements="11" conditionals="2" coveredconditionals="2" methods="3" coveredmethods="3"/>
      <file name="instrumenttype.service.ts" path="/home/shashwat/Documents/GitHub/cQube-ingestion/impl/c-qube/src/services/instrumenttype/instrumenttype.service.ts">
        <metrics statements="11" coveredstatements="11" conditionals="2" coveredconditionals="2" methods="3" coveredmethods="3"/>
        <line num="1" count="1" type="stmt"/>
        <line num="5" count="1" type="stmt"/>
        <line num="6" count="1" type="stmt"/>
        <line num="9" count="1" type="stmt"/>
        <line num="11" count="4" type="stmt"/>
        <line num="12" count="4" type="stmt"/>
        <line num="14" count="4" type="stmt"/>
        <line num="19" count="6" type="cond" truecount="2" falsecount="0"/>
        <line num="20" count="4" type="stmt"/>
        <line num="22" count="1" type="stmt"/>
        <line num="33" count="1" type="stmt"/>
      </file>
    </package>
    <package name="src.services.mocks">
      <metrics statements="29" coveredstatements="29" conditionals="0" coveredconditionals="0" methods="11" coveredmethods="11"/>
      <file name="test.expect.ts" path="/home/shashwat/Documents/GitHub/cQube-ingestion/impl/c-qube/src/services/mocks/test.expect.ts">
        <metrics statements="6" coveredstatements="6" conditionals="0" coveredconditionals="0" methods="0" coveredmethods="0"/>
        <line num="3" count="3" type="stmt"/>
        <line num="5" count="3" type="stmt"/>
        <line num="60" count="3" type="stmt"/>
        <line num="76" count="3" type="stmt"/>
        <line num="104" count="3" type="stmt"/>
        <line num="114" count="3" type="stmt"/>
      </file>
      <file name="types.mocks.ts" path="/home/shashwat/Documents/GitHub/cQube-ingestion/impl/c-qube/src/services/mocks/types.mocks.ts">
        <metrics statements="23" coveredstatements="23" conditionals="0" coveredconditionals="0" methods="11" coveredmethods="11"/>
        <line num="9" count="6" type="stmt"/>
        <line num="16" count="6" type="stmt"/>
        <line num="19" count="24" type="stmt"/>
        <line num="37" count="6" type="stmt"/>
        <line num="40" count="2" type="stmt"/>
        <line num="47" count="6" type="stmt"/>
        <line num="50" count="11" type="stmt"/>
        <line num="59" count="6" type="stmt"/>
        <line num="60" count="2" type="stmt"/>
        <line num="67" count="6" type="stmt"/>
        <line num="70" count="2" type="stmt"/>
        <line num="83" count="6" type="stmt"/>
        <line num="84" count="8" type="stmt"/>
        <line num="91" count="6" type="stmt"/>
        <line num="94" count="8" type="stmt"/>
        <line num="103" count="6" type="stmt"/>
        <line num="104" count="1" type="stmt"/>
        <line num="111" count="6" type="stmt"/>
        <line num="112" count="11" type="stmt"/>
        <line num="119" count="6" type="stmt"/>
        <line num="122" count="11" type="stmt"/>
        <line num="134" count="6" type="stmt"/>
        <line num="135" count="1" type="stmt"/>
      </file>
    </package>
    <package name="src.services.pipe">
      <metrics statements="2" coveredstatements="2" conditionals="0" coveredconditionals="0" methods="0" coveredmethods="0"/>
      <file name="pipe.service.ts" path="/home/shashwat/Documents/GitHub/cQube-ingestion/impl/c-qube/src/services/pipe/pipe.service.ts">
        <metrics statements="2" coveredstatements="2" conditionals="0" coveredconditionals="0" methods="0" coveredmethods="0"/>
        <line num="1" count="1" type="stmt"/>
        <line num="4" count="1" type="stmt"/>
      </file>
    </package>
    <package name="src.services.query-builder">
      <metrics statements="133" coveredstatements="122" conditionals="50" coveredconditionals="42" methods="12" coveredmethods="10"/>
      <file name="query-builder.service.ts" path="/home/shashwat/Documents/GitHub/cQube-ingestion/impl/c-qube/src/services/query-builder/query-builder.service.ts">
        <metrics statements="133" coveredstatements="122" conditionals="50" coveredconditionals="42" methods="12" coveredmethods="10"/>
        <line num="1" count="6" type="stmt"/>
        <line num="4" count="6" type="stmt"/>
        <line num="15" count="6" type="stmt"/>
        <line num="17" count="3083" type="stmt"/>
        <line num="33" count="972" type="stmt"/>
        <line num="34" count="972" type="stmt"/>
        <line num="35" count="1490" type="stmt"/>
        <line num="36" count="1490" type="cond" truecount="1" falsecount="0"/>
        <line num="37" count="1490" type="stmt"/>
        <line num="39" count="1490" type="stmt"/>
        <line num="41" count="972" type="stmt"/>
        <line num="42" count="972" type="stmt"/>
        <line num="43" count="972" type="stmt"/>
        <line num="44" count="972" type="stmt"/>
        <line num="48" count="1024" type="stmt"/>
        <line num="49" count="1024" type="stmt"/>
        <line num="50" count="1024" type="cond" truecount="2" falsecount="0"/>
        <line num="51" count="1024" type="stmt"/>
        <line num="53" count="1024" type="stmt"/>
        <line num="54" count="1024" type="stmt"/>
        <line num="55" count="5629" type="stmt"/>
        <line num="56" count="5629" type="stmt"/>
        <line num="57" count="5629" type="cond" truecount="4" falsecount="0"/>
        <line num="58" count="5" type="stmt"/>
        <line num="59" count="5624" type="cond" truecount="4" falsecount="0"/>
        <line num="60" count="176" type="stmt"/>
        <line num="61" count="5448" type="cond" truecount="2" falsecount="0"/>
        <line num="65" count="2918" type="stmt"/>
        <line num="66" count="2530" type="cond" truecount="2" falsecount="0"/>
        <line num="67" count="887" type="stmt"/>
        <line num="68" count="1643" type="cond" truecount="1" falsecount="1"/>
        <line num="69" count="1643" type="stmt"/>
        <line num="71" count="0" type="stmt"/>
        <line num="74" count="5629" type="cond" truecount="3" falsecount="0"/>
        <line num="75" count="6" type="stmt"/>
        <line num="77" count="5629" type="cond" truecount="3" falsecount="0"/>
        <line num="78" count="92" type="stmt"/>
        <line num="80" count="5629" type="stmt"/>
        <line num="83" count="1024" type="stmt"/>
        <line num="84" count="1024" type="stmt"/>
        <line num="86" count="1024" type="cond" truecount="1" falsecount="0"/>
        <line num="87" count="972" type="stmt"/>
        <line num="92" count="1024" type="stmt"/>
        <line num="96" count="1019" type="stmt"/>
        <line num="97" count="1019" type="stmt"/>
        <line num="98" count="1019" type="cond" truecount="1" falsecount="0"/>
        <line num="99" count="47" type="stmt"/>
        <line num="101" count="47" type="stmt"/>
        <line num="102" count="52" type="stmt"/>
        <line num="103" count="56" type="stmt"/>
        <line num="104" count="56" type="stmt"/>
        <line num="105" count="56" type="stmt"/>
        <line num="106" count="56" type="stmt"/>
        <line num="110" count="1019" type="stmt"/>
        <line num="114" count="2" type="stmt"/>
        <line num="115" count="2" type="stmt"/>
        <line num="116" count="2" type="stmt"/>
        <line num="117" count="2" type="stmt"/>
        <line num="119" count="2" type="stmt"/>
        <line num="121" count="2" type="stmt"/>
        <line num="122" count="2" type="stmt"/>
        <line num="123" count="6" type="cond" truecount="1" falsecount="0"/>
        <line num="124" count="4" type="cond" truecount="1" falsecount="1"/>
        <line num="128" count="0" type="stmt"/>
        <line num="130" count="4" type="stmt"/>
        <line num="132" count="4" type="stmt"/>
        <line num="135" count="2" type="stmt"/>
        <line num="138" count="2" type="stmt"/>
        <line num="142" count="43" type="stmt"/>
        <line num="143" count="43" type="stmt"/>
        <line num="144" count="43" type="stmt"/>
        <line num="145" count="43" type="stmt"/>
        <line num="147" count="43" type="stmt"/>
        <line num="149" count="43" type="stmt"/>
        <line num="150" count="43" type="stmt"/>
        <line num="151" count="151" type="cond" truecount="1" falsecount="0"/>
        <line num="152" count="150" type="stmt"/>
        <line num="155" count="43" type="stmt"/>
        <line num="156" count="1584" type="stmt"/>
        <line num="157" count="1584" type="stmt"/>
        <line num="158" count="5674" type="cond" truecount="1" falsecount="0"/>
        <line num="159" count="5672" type="cond" truecount="1" falsecount="1"/>
        <line num="163" count="0" type="stmt"/>
        <line num="165" count="5672" type="stmt"/>
        <line num="168" count="1584" type="stmt"/>
        <line num="171" count="43" type="stmt"/>
        <line num="174" count="43" type="stmt"/>
        <line num="178" count="2" type="stmt"/>
        <line num="179" count="2" type="stmt"/>
        <line num="180" count="2" type="stmt"/>
        <line num="183" count="2" type="stmt"/>
        <line num="185" count="2" type="stmt"/>
        <line num="187" count="2" type="stmt"/>
        <line num="188" count="2" type="stmt"/>
        <line num="189" count="16" type="cond" truecount="0" falsecount="1"/>
        <line num="190" count="16" type="stmt"/>
        <line num="193" count="2" type="stmt"/>
        <line num="194" count="2" type="stmt"/>
        <line num="195" count="2" type="stmt"/>
        <line num="196" count="2" type="stmt"/>
        <line num="197" count="2" type="stmt"/>
        <line num="198" count="2" type="stmt"/>
        <line num="199" count="2" type="stmt"/>
        <line num="200" count="2" type="stmt"/>
        <line num="201" count="2" type="stmt"/>
        <line num="202" count="2" type="stmt"/>
        <line num="204" count="16" type="cond" truecount="1" falsecount="1"/>
        <line num="208" count="0" type="stmt"/>
        <line num="210" count="16" type="stmt"/>
        <line num="213" count="2" type="stmt"/>
        <line num="214" count="2" type="stmt"/>
        <line num="215" count="2" type="stmt"/>
        <line num="217" count="2" type="stmt"/>
        <line num="218" count="2" type="stmt"/>
        <line num="221" count="2" type="stmt"/>
        <line num="222" count="2" type="stmt"/>
        <line num="223" count="2" type="stmt"/>
        <line num="224" count="2" type="stmt"/>
        <line num="226" count="2" type="cond" truecount="0" falsecount="1"/>
        <line num="227" count="0" type="stmt"/>
        <line num="228" count="0" type="stmt"/>
        <line num="229" count="0" type="stmt"/>
        <line num="230" count="0" type="stmt"/>
        <line num="231" count="0" type="stmt"/>
        <line num="232" count="0" type="stmt"/>
        <line num="236" count="2" type="stmt"/>
        <line num="240" count="16" type="stmt"/>
        <line num="245" count="2" type="stmt"/>
        <line num="247" count="2" type="stmt"/>
        <line num="248" count="2" type="stmt"/>
        <line num="249" count="2" type="stmt"/>
        <line num="256" count="2" type="stmt"/>
        <line num="260" count="0" type="stmt"/>
      </file>
    </package>
    <package name="src.services.transformer">
      <metrics statements="69" coveredstatements="20" conditionals="15" coveredconditionals="2" methods="13" coveredmethods="7"/>
      <file name="default.transformers.ts" path="/home/shashwat/Documents/GitHub/cQube-ingestion/impl/c-qube/src/services/transformer/default.transformers.ts">
        <metrics statements="49" coveredstatements="2" conditionals="11" coveredconditionals="0" methods="6" coveredmethods="0"/>
        <line num="3" count="1" type="stmt"/>
        <line num="8" count="1" type="stmt"/>
        <line num="15" count="0" type="stmt"/>
        <line num="16" count="0" type="stmt"/>
        <line num="17" count="0" type="cond" truecount="0" falsecount="2"/>
        <line num="18" count="0" type="stmt"/>
        <line num="33" count="0" type="cond" truecount="0" falsecount="2"/>
        <line num="34" count="0" type="stmt"/>
        <line num="35" count="0" type="stmt"/>
        <line num="36" count="0" type="stmt"/>
        <line num="38" count="0" type="stmt"/>
        <line num="39" count="0" type="stmt"/>
        <line num="41" count="0" type="stmt"/>
        <line num="42" count="0" type="cond" truecount="0" falsecount="1"/>
        <line num="43" count="0" type="cond" truecount="0" falsecount="2"/>
        <line num="44" count="0" type="stmt"/>
        <line num="45" count="0" type="cond" truecount="0" falsecount="2"/>
        <line num="46" count="0" type="stmt"/>
        <line num="47" count="0" type="stmt"/>
        <line num="48" count="0" type="cond" truecount="0" falsecount="2"/>
        <line num="49" count="0" type="stmt"/>
        <line num="50" count="0" type="stmt"/>
        <line num="52" count="0" type="stmt"/>
        <line num="56" count="0" type="stmt"/>
        <line num="57" count="0" type="stmt"/>
        <line num="67" count="0" type="stmt"/>
        <line num="70" count="0" type="stmt"/>
        <line num="71" count="0" type="stmt"/>
        <line num="74" count="0" type="stmt"/>
        <line num="81" count="0" type="stmt"/>
        <line num="87" count="0" type="stmt"/>
        <line num="90" count="0" type="stmt"/>
        <line num="91" count="0" type="stmt"/>
        <line num="92" count="0" type="stmt"/>
        <line num="93" count="0" type="stmt"/>
        <line num="95" count="0" type="stmt"/>
        <line num="97" count="0" type="stmt"/>
        <line num="98" count="0" type="stmt"/>
        <line num="100" count="0" type="stmt"/>
        <line num="103" count="0" type="stmt"/>
        <line num="114" count="0" type="stmt"/>
        <line num="116" count="0" type="stmt"/>
        <line num="117" count="0" type="stmt"/>
        <line num="118" count="0" type="stmt"/>
        <line num="119" count="0" type="stmt"/>
        <line num="120" count="0" type="stmt"/>
        <line num="121" count="0" type="stmt"/>
        <line num="124" count="0" type="stmt"/>
        <line num="128" count="0" type="stmt"/>
      </file>
      <file name="transformer.service.ts" path="/home/shashwat/Documents/GitHub/cQube-ingestion/impl/c-qube/src/services/transformer/transformer.service.ts">
        <metrics statements="20" coveredstatements="18" conditionals="4" coveredconditionals="2" methods="7" coveredmethods="7"/>
        <line num="1" count="1" type="stmt"/>
        <line num="4" count="1" type="stmt"/>
        <line num="12" count="1" type="stmt"/>
        <line num="13" count="4" type="stmt"/>
        <line num="15" count="4" type="stmt"/>
        <line num="16" count="1" type="stmt"/>
        <line num="18" count="1" type="stmt"/>
        <line num="19" count="1" type="stmt"/>
        <line num="20" count="1" type="stmt"/>
        <line num="21" count="1" type="stmt"/>
        <line num="22" count="1" type="stmt"/>
        <line num="24" count="0" type="stmt"/>
        <line num="30" count="4" type="stmt"/>
        <line num="31" count="1" type="stmt"/>
        <line num="32" count="1" type="stmt"/>
        <line num="33" count="1" type="stmt"/>
        <line num="34" count="1" type="stmt"/>
        <line num="35" count="1" type="stmt"/>
        <line num="37" count="0" type="stmt"/>
        <line num="51" count="1" type="stmt"/>
      </file>
    </package>
    <package name="src.services.viz">
      <metrics statements="2" coveredstatements="2" conditionals="0" coveredconditionals="0" methods="0" coveredmethods="0"/>
      <file name="viz.service.ts" path="/home/shashwat/Documents/GitHub/cQube-ingestion/impl/c-qube/src/services/viz/viz.service.ts">
        <metrics statements="2" coveredstatements="2" conditionals="0" coveredconditionals="0" methods="0" coveredmethods="0"/>
        <line num="1" count="1" type="stmt"/>
        <line num="4" count="1" type="stmt"/>
      </file>
    </package>
    <package name="src.types">
      <metrics statements="3" coveredstatements="2" conditionals="2" coveredconditionals="2" methods="1" coveredmethods="1"/>
      <file name="dimension.ts" path="/home/shashwat/Documents/GitHub/cQube-ingestion/impl/c-qube/src/types/dimension.ts">
        <metrics statements="1" coveredstatements="0" conditionals="0" coveredconditionals="0" methods="0" coveredmethods="0"/>
        <line num="22" count="0" type="stmt"/>
      </file>
      <file name="event.ts" path="/home/shashwat/Documents/GitHub/cQube-ingestion/impl/c-qube/src/types/event.ts">
        <metrics statements="2" coveredstatements="2" conditionals="2" coveredconditionals="2" methods="1" coveredmethods="1"/>
        <line num="4" count="6" type="cond" truecount="2" falsecount="0"/>
        <line num="5" count="6" type="stmt"/>
      </file>
    </package>
    <package name="src.utils">
      <metrics statements="71" coveredstatements="65" conditionals="9" coveredconditionals="5" methods="18" coveredmethods="17"/>
      <file name="cli.ts" path="/home/shashwat/Documents/GitHub/cQube-ingestion/impl/c-qube/src/utils/cli.ts">
        <metrics statements="4" coveredstatements="4" conditionals="0" coveredconditionals="0" methods="1" coveredmethods="1"/>
        <line num="1" count="1" type="stmt"/>
        <line num="2" count="1" type="stmt"/>
        <line num="4" count="1" type="stmt"/>
        <line num="5" count="1" type="stmt"/>
      </file>
      <file name="debug.ts" path="/home/shashwat/Documents/GitHub/cQube-ingestion/impl/c-qube/src/utils/debug.ts">
        <metrics statements="16" coveredstatements="16" conditionals="4" coveredconditionals="2" methods="5" coveredmethods="5"/>
        <line num="3" count="3" type="stmt"/>
        <line num="5" count="3" type="stmt"/>
        <line num="7" count="3" type="stmt"/>
        <line num="8" count="979" type="cond" truecount="1" falsecount="0"/>
        <line num="9" count="2" type="stmt"/>
        <line num="10" count="2" type="stmt"/>
        <line num="11" count="2" type="stmt"/>
        <line num="16" count="2" type="cond" truecount="1" falsecount="0"/>
        <line num="17" count="1" type="stmt"/>
        <line num="24" count="3" type="stmt"/>
        <line num="25" count="1" type="stmt"/>
        <line num="26" count="1" type="stmt"/>
        <line num="27" count="1" type="cond" truecount="0" falsecount="1"/>
        <line num="28" count="1" type="stmt"/>
        <line num="29" count="3" type="stmt"/>
        <line num="30" count="3" type="cond" truecount="0" falsecount="1"/>
      </file>
      <file name="hash.ts" path="/home/shashwat/Documents/GitHub/cQube-ingestion/impl/c-qube/src/utils/hash.ts">
        <metrics statements="32" coveredstatements="26" conditionals="4" coveredconditionals="2" methods="7" coveredmethods="6"/>
        <line num="1" count="2" type="stmt"/>
        <line num="4" count="2" type="stmt"/>
        <line num="14" count="10450" type="stmt"/>
        <line num="15" count="10450" type="stmt"/>
        <line num="16" count="1647" type="cond" truecount="2" falsecount="2"/>
        <line num="18" count="787" type="stmt"/>
        <line num="20" count="860" type="stmt"/>
        <line num="22" count="0" type="stmt"/>
        <line num="24" count="0" type="stmt"/>
        <line num="27" count="10450" type="stmt"/>
        <line num="36" count="0" type="stmt"/>
        <line num="37" count="0" type="stmt"/>
        <line num="38" count="0" type="stmt"/>
        <line num="39" count="0" type="stmt"/>
        <line num="50" count="10450" type="stmt"/>
        <line num="51" count="10450" type="stmt"/>
        <line num="53" count="10450" type="stmt"/>
        <line num="54" count="100012134" type="stmt"/>
        <line num="57" count="10450" type="stmt"/>
        <line num="68" count="10450" type="stmt"/>
        <line num="70" count="10450" type="stmt"/>
        <line num="71" count="100012134" type="stmt"/>
        <line num="74" count="10450" type="stmt"/>
        <line num="88" count="2" type="stmt"/>
        <line num="89" count="10450" type="stmt"/>
        <line num="90" count="10450" type="stmt"/>
        <line num="91" count="10450" type="stmt"/>
        <line num="92" count="10450" type="stmt"/>
        <line num="93" count="10450" type="stmt"/>
        <line num="94" count="10450" type="stmt"/>
        <line num="104" count="2" type="stmt"/>
        <line num="105" count="9990" type="stmt"/>
      </file>
      <file name="retry.ts" path="/home/shashwat/Documents/GitHub/cQube-ingestion/impl/c-qube/src/utils/retry.ts">
        <metrics statements="13" coveredstatements="13" conditionals="1" coveredconditionals="1" methods="4" coveredmethods="4"/>
        <line num="1" count="2" type="stmt"/>
        <line num="2" count="3" type="stmt"/>
        <line num="3" count="3" type="stmt"/>
        <line num="4" count="3" type="stmt"/>
        <line num="8" count="2" type="stmt"/>
        <line num="9" count="977" type="stmt"/>
        <line num="10" count="977" type="stmt"/>
        <line num="11" count="973" type="stmt"/>
        <line num="13" count="4" type="cond" truecount="1" falsecount="0"/>
        <line num="14" count="2" type="stmt"/>
        <line num="16" count="2" type="stmt"/>
        <line num="17" count="2" type="stmt"/>
        <line num="18" count="2" type="stmt"/>
      </file>
      <file name="runtime.ts" path="/home/shashwat/Documents/GitHub/cQube-ingestion/impl/c-qube/src/utils/runtime.ts">
        <metrics statements="6" coveredstatements="6" conditionals="0" coveredconditionals="0" methods="1" coveredmethods="1"/>
        <line num="1" count="1" type="stmt"/>
        <line num="4" count="2" type="stmt"/>
        <line num="5" count="2" type="stmt"/>
        <line num="6" count="2" type="stmt"/>
        <line num="8" count="2" type="stmt"/>
        <line num="9" count="2" type="stmt"/>
      </file>
    </package>
  </project>
</coverage>
